
*** Running vivado
    with args -log PL_NN_prototype_axi4_lite_register_m_0_0.vds -m64 -product Vivado -mode batch -messageDb vivado.pb -notrace -source PL_NN_prototype_axi4_lite_register_m_0_0.tcl


****** Vivado v2019.2 (64-bit)
  **** SW Build 2708876 on Wed Nov  6 21:40:23 MST 2019
  **** IP Build 2700528 on Thu Nov  7 00:09:20 MST 2019
    ** Copyright 1986-2019 Xilinx, Inc. All Rights Reserved.

source PL_NN_prototype_axi4_lite_register_m_0_0.tcl -notrace
INFO: [IP_Flow 19-234] Refreshing IP repositories
INFO: [IP_Flow 19-1700] Loaded user IP repository 'c:/git_repos/mnist_neuralnet/fpga/source'.
INFO: [IP_Flow 19-2313] Loaded Vivado IP repository 'C:/Xilinx/Vivado/2019.2/data/ip'.
Command: synth_design -top PL_NN_prototype_axi4_lite_register_m_0_0 -part xc7z010clg400-1 -mode out_of_context
Starting synth_design
Attempting to get a license for feature 'Synthesis' and/or device 'xc7z010'
INFO: [Common 17-349] Got license for feature 'Synthesis' and/or device 'xc7z010'
INFO: [Device 21-403] Loading part xc7z010clg400-1
INFO: Launching helper process for spawning children vivado processes
INFO: Helper process launched with PID 10416 
---------------------------------------------------------------------------------
Starting RTL Elaboration : Time (s): cpu = 00:00:03 ; elapsed = 00:00:07 . Memory (MB): peak = 823.480 ; gain = 234.672
---------------------------------------------------------------------------------
INFO: [Synth 8-6157] synthesizing module 'PL_NN_prototype_axi4_lite_register_m_0_0' [c:/git_repos/mnist_neuralnet/fpga/projects/9_18/9_18.srcs/sources_1/bd/PL_NN_prototype/ip/PL_NN_prototype_axi4_lite_register_m_0_0/synth/PL_NN_prototype_axi4_lite_register_m_0_0.v:58]
INFO: [Synth 8-6157] synthesizing module 'axi4_lite_register_module' [c:/git_repos/mnist_neuralnet/fpga/projects/9_18/9_18.srcs/sources_1/bd/PL_NN_prototype/ipshared/d5c8/axi4_lite_register_module.v:1]
INFO: [Synth 8-6155] done synthesizing module 'axi4_lite_register_module' (1#1) [c:/git_repos/mnist_neuralnet/fpga/projects/9_18/9_18.srcs/sources_1/bd/PL_NN_prototype/ipshared/d5c8/axi4_lite_register_module.v:1]
INFO: [Synth 8-6155] done synthesizing module 'PL_NN_prototype_axi4_lite_register_m_0_0' (2#1) [c:/git_repos/mnist_neuralnet/fpga/projects/9_18/9_18.srcs/sources_1/bd/PL_NN_prototype/ip/PL_NN_prototype_axi4_lite_register_m_0_0/synth/PL_NN_prototype_axi4_lite_register_m_0_0.v:58]
WARNING: [Synth 8-3331] design axi4_lite_register_module has unconnected port s_axil_awprot[2]
WARNING: [Synth 8-3331] design axi4_lite_register_module has unconnected port s_axil_awprot[1]
WARNING: [Synth 8-3331] design axi4_lite_register_module has unconnected port s_axil_awprot[0]
WARNING: [Synth 8-3331] design axi4_lite_register_module has unconnected port s_axil_wstrb[3]
WARNING: [Synth 8-3331] design axi4_lite_register_module has unconnected port s_axil_wstrb[2]
WARNING: [Synth 8-3331] design axi4_lite_register_module has unconnected port s_axil_wstrb[1]
WARNING: [Synth 8-3331] design axi4_lite_register_module has unconnected port s_axil_wstrb[0]
WARNING: [Synth 8-3331] design axi4_lite_register_module has unconnected port s_axil_arprot[2]
WARNING: [Synth 8-3331] design axi4_lite_register_module has unconnected port s_axil_arprot[1]
WARNING: [Synth 8-3331] design axi4_lite_register_module has unconnected port s_axil_arprot[0]
---------------------------------------------------------------------------------
Finished RTL Elaboration : Time (s): cpu = 00:00:04 ; elapsed = 00:00:09 . Memory (MB): peak = 899.191 ; gain = 310.383
---------------------------------------------------------------------------------

Report Check Netlist: 
+------+------------------+-------+---------+-------+------------------+
|      |Item              |Errors |Warnings |Status |Description       |
+------+------------------+-------+---------+-------+------------------+
|1     |multi_driven_nets |      0|        0|Passed |Multi driven nets |
+------+------------------+-------+---------+-------+------------------+
---------------------------------------------------------------------------------
Start Handling Custom Attributes
---------------------------------------------------------------------------------
---------------------------------------------------------------------------------
Finished Handling Custom Attributes : Time (s): cpu = 00:00:04 ; elapsed = 00:00:10 . Memory (MB): peak = 899.191 ; gain = 310.383
---------------------------------------------------------------------------------
---------------------------------------------------------------------------------
Finished RTL Optimization Phase 1 : Time (s): cpu = 00:00:04 ; elapsed = 00:00:10 . Memory (MB): peak = 899.191 ; gain = 310.383
---------------------------------------------------------------------------------
Netlist sorting complete. Time (s): cpu = 00:00:00 ; elapsed = 00:00:00.041 . Memory (MB): peak = 899.191 ; gain = 0.000
INFO: [Project 1-570] Preparing netlist for logic optimization

Processing XDC Constraints
Initializing timing engine
Completed Processing XDC Constraints

Netlist sorting complete. Time (s): cpu = 00:00:00 ; elapsed = 00:00:00 . Memory (MB): peak = 990.887 ; gain = 0.000
INFO: [Project 1-111] Unisim Transformation Summary:
No Unisim elements were transformed.

WARNING: [Constraints 18-5210] No constraints selected for write.
Resolution: This message can indicate that there are no constraints for the design, or it can indicate that the used_in flags are set such that the constraints are ignored. This later case is used when running synth_design to not write synthesis constraints to the resulting checkpoint. Instead, project constraints are read when the synthesized design is opened.
Constraint Validation Runtime : Time (s): cpu = 00:00:00 ; elapsed = 00:00:00.117 . Memory (MB): peak = 992.953 ; gain = 2.066
---------------------------------------------------------------------------------
Finished Constraint Validation : Time (s): cpu = 00:00:09 ; elapsed = 00:00:19 . Memory (MB): peak = 992.953 ; gain = 404.145
---------------------------------------------------------------------------------
---------------------------------------------------------------------------------
Start Loading Part and Timing Information
---------------------------------------------------------------------------------
Loading part: xc7z010clg400-1
---------------------------------------------------------------------------------
Finished Loading Part and Timing Information : Time (s): cpu = 00:00:09 ; elapsed = 00:00:19 . Memory (MB): peak = 992.953 ; gain = 404.145
---------------------------------------------------------------------------------
---------------------------------------------------------------------------------
Start Applying 'set_property' XDC Constraints
---------------------------------------------------------------------------------
---------------------------------------------------------------------------------
Finished applying 'set_property' XDC Constraints : Time (s): cpu = 00:00:09 ; elapsed = 00:00:19 . Memory (MB): peak = 992.953 ; gain = 404.145
---------------------------------------------------------------------------------
WARNING: [Synth 8-3936] Found unconnected internal register 'control_reg_reg' and it is trimmed from '32' to '1' bits. [c:/git_repos/mnist_neuralnet/fpga/projects/9_18/9_18.srcs/sources_1/bd/PL_NN_prototype/ipshared/d5c8/axi4_lite_register_module.v:87]
---------------------------------------------------------------------------------
Finished RTL Optimization Phase 2 : Time (s): cpu = 00:00:10 ; elapsed = 00:00:20 . Memory (MB): peak = 992.953 ; gain = 404.145
---------------------------------------------------------------------------------

Report RTL Partitions: 
+-+--------------+------------+----------+
| |RTL Partition |Replication |Instances |
+-+--------------+------------+----------+
+-+--------------+------------+----------+
---------------------------------------------------------------------------------
Start RTL Component Statistics 
---------------------------------------------------------------------------------
Detailed RTL Component Info : 
+---Registers : 
	               32 Bit    Registers := 20    
	                5 Bit    Registers := 1     
	                1 Bit    Registers := 8     
+---Muxes : 
	   2 Input     32 Bit        Muxes := 43    
	   2 Input      1 Bit        Muxes := 67    
---------------------------------------------------------------------------------
Finished RTL Component Statistics 
---------------------------------------------------------------------------------
---------------------------------------------------------------------------------
Start RTL Hierarchical Component Statistics 
---------------------------------------------------------------------------------
Hierarchical RTL Component report 
Module axi4_lite_register_module 
Detailed RTL Component Info : 
+---Registers : 
	               32 Bit    Registers := 20    
	                5 Bit    Registers := 1     
	                1 Bit    Registers := 8     
+---Muxes : 
	   2 Input     32 Bit        Muxes := 43    
	   2 Input      1 Bit        Muxes := 67    
---------------------------------------------------------------------------------
Finished RTL Hierarchical Component Statistics
---------------------------------------------------------------------------------
---------------------------------------------------------------------------------
Start Part Resource Summary
---------------------------------------------------------------------------------
Part Resources:
DSPs: 80 (col length:40)
BRAMs: 120 (col length: RAMB18 40 RAMB36 20)
---------------------------------------------------------------------------------
Finished Part Resource Summary
---------------------------------------------------------------------------------
---------------------------------------------------------------------------------
Start Cross Boundary and Area Optimization
---------------------------------------------------------------------------------
Warning: Parallel synthesis criteria is not met 
WARNING: [Synth 8-3331] design axi4_lite_register_module has unconnected port s_axil_awprot[2]
WARNING: [Synth 8-3331] design axi4_lite_register_module has unconnected port s_axil_awprot[1]
WARNING: [Synth 8-3331] design axi4_lite_register_module has unconnected port s_axil_awprot[0]
WARNING: [Synth 8-3331] design axi4_lite_register_module has unconnected port s_axil_wstrb[3]
WARNING: [Synth 8-3331] design axi4_lite_register_module has unconnected port s_axil_wstrb[2]
WARNING: [Synth 8-3331] design axi4_lite_register_module has unconnected port s_axil_wstrb[1]
WARNING: [Synth 8-3331] design axi4_lite_register_module has unconnected port s_axil_wstrb[0]
WARNING: [Synth 8-3331] design axi4_lite_register_module has unconnected port s_axil_arprot[2]
WARNING: [Synth 8-3331] design axi4_lite_register_module has unconnected port s_axil_arprot[1]
WARNING: [Synth 8-3331] design axi4_lite_register_module has unconnected port s_axil_arprot[0]
---------------------------------------------------------------------------------
Finished Cross Boundary and Area Optimization : Time (s): cpu = 00:00:13 ; elapsed = 00:00:25 . Memory (MB): peak = 992.953 ; gain = 404.145
---------------------------------------------------------------------------------

Report RTL Partitions: 
+-+--------------+------------+----------+
| |RTL Partition |Replication |Instances |
+-+--------------+------------+----------+
+-+--------------+------------+----------+
---------------------------------------------------------------------------------
Start Applying XDC Timing Constraints
---------------------------------------------------------------------------------
---------------------------------------------------------------------------------
Finished Applying XDC Timing Constraints : Time (s): cpu = 00:00:19 ; elapsed = 00:00:37 . Memory (MB): peak = 992.953 ; gain = 404.145
---------------------------------------------------------------------------------
---------------------------------------------------------------------------------
Start Timing Optimization
---------------------------------------------------------------------------------
---------------------------------------------------------------------------------
Finished Timing Optimization : Time (s): cpu = 00:00:19 ; elapsed = 00:00:37 . Memory (MB): peak = 992.953 ; gain = 404.145
---------------------------------------------------------------------------------

Report RTL Partitions: 
+-+--------------+------------+----------+
| |RTL Partition |Replication |Instances |
+-+--------------+------------+----------+
+-+--------------+------------+----------+
---------------------------------------------------------------------------------
Start Technology Mapping
---------------------------------------------------------------------------------
---------------------------------------------------------------------------------
Finished Technology Mapping : Time (s): cpu = 00:00:20 ; elapsed = 00:00:38 . Memory (MB): peak = 1012.266 ; gain = 423.457
---------------------------------------------------------------------------------

Report RTL Partitions: 
+-+--------------+------------+----------+
| |RTL Partition |Replication |Instances |
+-+--------------+------------+----------+
+-+--------------+------------+----------+
---------------------------------------------------------------------------------
Start IO Insertion
---------------------------------------------------------------------------------
---------------------------------------------------------------------------------
Start Flattening Before IO Insertion
---------------------------------------------------------------------------------
---------------------------------------------------------------------------------
Finished Flattening Before IO Insertion
---------------------------------------------------------------------------------
---------------------------------------------------------------------------------
Start Final Netlist Cleanup
---------------------------------------------------------------------------------
---------------------------------------------------------------------------------
Finished Final Netlist Cleanup
---------------------------------------------------------------------------------
---------------------------------------------------------------------------------
Finished IO Insertion : Time (s): cpu = 00:00:23 ; elapsed = 00:00:44 . Memory (MB): peak = 1017.695 ; gain = 428.887
---------------------------------------------------------------------------------
---------------------------------------------------------------------------------
Start Renaming Generated Instances
---------------------------------------------------------------------------------
---------------------------------------------------------------------------------
Finished Renaming Generated Instances : Time (s): cpu = 00:00:23 ; elapsed = 00:00:44 . Memory (MB): peak = 1017.695 ; gain = 428.887
---------------------------------------------------------------------------------

Report RTL Partitions: 
+-+--------------+------------+----------+
| |RTL Partition |Replication |Instances |
+-+--------------+------------+----------+
+-+--------------+------------+----------+

Report Check Netlist: 
+------+------------------+-------+---------+-------+------------------+
|      |Item              |Errors |Warnings |Status |Description       |
+------+------------------+-------+---------+-------+------------------+
|1     |multi_driven_nets |      0|        0|Passed |Multi driven nets |
+------+------------------+-------+---------+-------+------------------+
---------------------------------------------------------------------------------
Start Rebuilding User Hierarchy
---------------------------------------------------------------------------------
---------------------------------------------------------------------------------
Finished Rebuilding User Hierarchy : Time (s): cpu = 00:00:23 ; elapsed = 00:00:44 . Memory (MB): peak = 1017.695 ; gain = 428.887
---------------------------------------------------------------------------------
---------------------------------------------------------------------------------
Start Renaming Generated Ports
---------------------------------------------------------------------------------
---------------------------------------------------------------------------------
Finished Renaming Generated Ports : Time (s): cpu = 00:00:23 ; elapsed = 00:00:44 . Memory (MB): peak = 1017.695 ; gain = 428.887
---------------------------------------------------------------------------------
---------------------------------------------------------------------------------
Start Handling Custom Attributes
---------------------------------------------------------------------------------
---------------------------------------------------------------------------------
Finished Handling Custom Attributes : Time (s): cpu = 00:00:24 ; elapsed = 00:00:45 . Memory (MB): peak = 1017.695 ; gain = 428.887
---------------------------------------------------------------------------------
---------------------------------------------------------------------------------
Start Renaming Generated Nets
---------------------------------------------------------------------------------
---------------------------------------------------------------------------------
Finished Renaming Generated Nets : Time (s): cpu = 00:00:24 ; elapsed = 00:00:45 . Memory (MB): peak = 1017.695 ; gain = 428.887
---------------------------------------------------------------------------------
---------------------------------------------------------------------------------
Start Writing Synthesis Report
---------------------------------------------------------------------------------

Report BlackBoxes: 
+-+--------------+----------+
| |BlackBox name |Instances |
+-+--------------+----------+
+-+--------------+----------+

Report Cell Usage: 
+------+------+------+
|      |Cell  |Count |
+------+------+------+
|1     |LUT1  |     1|
|2     |LUT2  |    13|
|3     |LUT3  |   111|
|4     |LUT4  |    38|
|5     |LUT5  |    47|
|6     |LUT6  |   628|
|7     |MUXF7 |    64|
|8     |MUXF8 |    31|
|9     |FDRE  |   629|
|10    |FDSE  |    37|
+------+------+------+

Report Instance Areas: 
+------+---------+--------------------------+------+
|      |Instance |Module                    |Cells |
+------+---------+--------------------------+------+
|1     |top      |                          |  1599|
|2     |  inst   |axi4_lite_register_module |  1599|
+------+---------+--------------------------+------+
---------------------------------------------------------------------------------
Finished Writing Synthesis Report : Time (s): cpu = 00:00:24 ; elapsed = 00:00:45 . Memory (MB): peak = 1017.695 ; gain = 428.887
---------------------------------------------------------------------------------
Synthesis finished with 0 errors, 0 critical warnings and 11 warnings.
Synthesis Optimization Runtime : Time (s): cpu = 00:00:18 ; elapsed = 00:00:42 . Memory (MB): peak = 1017.695 ; gain = 335.125
Synthesis Optimization Complete : Time (s): cpu = 00:00:24 ; elapsed = 00:00:45 . Memory (MB): peak = 1017.695 ; gain = 428.887
INFO: [Project 1-571] Translating synthesized netlist
Netlist sorting complete. Time (s): cpu = 00:00:00 ; elapsed = 00:00:00.036 . Memory (MB): peak = 1017.695 ; gain = 0.000
INFO: [Netlist 29-17] Analyzing 95 Unisim elements for replacement
INFO: [Netlist 29-28] Unisim Transformation completed in 0 CPU seconds
WARNING: [Netlist 29-101] Netlist 'PL_NN_prototype_axi4_lite_register_m_0_0' is not ideal for floorplanning, since the cellview 'axi4_lite_register_module' contains a large number of primitives.  Please consider enabling hierarchy in synthesis if you want to do floorplanning.
INFO: [Project 1-570] Preparing netlist for logic optimization
INFO: [Opt 31-138] Pushed 0 inverter(s) to 0 load pin(s).
Netlist sorting complete. Time (s): cpu = 00:00:00 ; elapsed = 00:00:00.001 . Memory (MB): peak = 1017.695 ; gain = 0.000
INFO: [Project 1-111] Unisim Transformation Summary:
No Unisim elements were transformed.

INFO: [Common 17-83] Releasing license: Synthesis
18 Infos, 23 Warnings, 0 Critical Warnings and 0 Errors encountered.
synth_design completed successfully
synth_design: Time (s): cpu = 00:00:29 ; elapsed = 00:00:55 . Memory (MB): peak = 1017.695 ; gain = 706.012
Netlist sorting complete. Time (s): cpu = 00:00:00 ; elapsed = 00:00:00 . Memory (MB): peak = 1017.695 ; gain = 0.000
WARNING: [Constraints 18-5210] No constraints selected for write.
Resolution: This message can indicate that there are no constraints for the design, or it can indicate that the used_in flags are set such that the constraints are ignored. This later case is used when running synth_design to not write synthesis constraints to the resulting checkpoint. Instead, project constraints are read when the synthesized design is opened.
INFO: [Common 17-1381] The checkpoint 'C:/git_repos/mnist_neuralnet/fpga/projects/9_18/9_18.runs/PL_NN_prototype_axi4_lite_register_m_0_0_synth_1/PL_NN_prototype_axi4_lite_register_m_0_0.dcp' has been generated.
WARNING: [Common 17-576] 'use_project_ipc' is deprecated. This option is deprecated and no longer used.
INFO: [Coretcl 2-1648] Added synthesis output to IP cache for IP PL_NN_prototype_axi4_lite_register_m_0_0, cache-ID = 0058bf3ecb89851e
Netlist sorting complete. Time (s): cpu = 00:00:00 ; elapsed = 00:00:00 . Memory (MB): peak = 1017.695 ; gain = 0.000
WARNING: [Constraints 18-5210] No constraints selected for write.
Resolution: This message can indicate that there are no constraints for the design, or it can indicate that the used_in flags are set such that the constraints are ignored. This later case is used when running synth_design to not write synthesis constraints to the resulting checkpoint. Instead, project constraints are read when the synthesized design is opened.
INFO: [Common 17-1381] The checkpoint 'C:/git_repos/mnist_neuralnet/fpga/projects/9_18/9_18.runs/PL_NN_prototype_axi4_lite_register_m_0_0_synth_1/PL_NN_prototype_axi4_lite_register_m_0_0.dcp' has been generated.
INFO: [runtcl-4] Executing : report_utilization -file PL_NN_prototype_axi4_lite_register_m_0_0_utilization_synth.rpt -pb PL_NN_prototype_axi4_lite_register_m_0_0_utilization_synth.pb
INFO: [Common 17-206] Exiting Vivado at Wed Oct  2 10:40:11 2024...
