
*** Running vivado
    with args -log PL_NN_hardmax_0_0.vds -m64 -product Vivado -mode batch -messageDb vivado.pb -notrace -source PL_NN_hardmax_0_0.tcl


****** Vivado v2019.2 (64-bit)
  **** SW Build 2708876 on Wed Nov  6 21:40:23 MST 2019
  **** IP Build 2700528 on Thu Nov  7 00:09:20 MST 2019
    ** Copyright 1986-2019 Xilinx, Inc. All Rights Reserved.

source PL_NN_hardmax_0_0.tcl -notrace
INFO: [IP_Flow 19-234] Refreshing IP repositories
INFO: [IP_Flow 19-1700] Loaded user IP repository 'c:/git_repos/mnist_neuralnet/fpga/source'.
INFO: [IP_Flow 19-2313] Loaded Vivado IP repository 'C:/Xilinx/Vivado/2019.2/data/ip'.
Command: synth_design -top PL_NN_hardmax_0_0 -part xc7z010clg400-1 -mode out_of_context
Starting synth_design
Attempting to get a license for feature 'Synthesis' and/or device 'xc7z010'
INFO: [Common 17-349] Got license for feature 'Synthesis' and/or device 'xc7z010'
INFO: [Device 21-403] Loading part xc7z010clg400-1
INFO: Launching helper process for spawning children vivado processes
INFO: Helper process launched with PID 344 
WARNING: [Synth 8-2611] redeclaration of ansi port z_tdata is not allowed [c:/git_repos/mnist_neuralnet/fpga/projects/9_18/9_18.srcs/sources_1/bd/PL_NN/ipshared/f9de/hardmax.v:36]
WARNING: [Synth 8-1082] z_tdata was previously declared with a range [c:/git_repos/mnist_neuralnet/fpga/projects/9_18/9_18.srcs/sources_1/bd/PL_NN/ipshared/f9de/hardmax.v:36]
---------------------------------------------------------------------------------
Starting RTL Elaboration : Time (s): cpu = 00:00:13 ; elapsed = 00:00:22 . Memory (MB): peak = 830.000 ; gain = 242.074
---------------------------------------------------------------------------------
INFO: [Synth 8-6157] synthesizing module 'PL_NN_hardmax_0_0' [c:/git_repos/mnist_neuralnet/fpga/projects/9_18/9_18.srcs/sources_1/bd/PL_NN/ip/PL_NN_hardmax_0_0/synth/PL_NN_hardmax_0_0.v:58]
INFO: [Synth 8-6157] synthesizing module 'hardmax' [c:/git_repos/mnist_neuralnet/fpga/projects/9_18/9_18.srcs/sources_1/bd/PL_NN/ipshared/f9de/hardmax.v:23]
INFO: [Synth 8-6155] done synthesizing module 'hardmax' (1#1) [c:/git_repos/mnist_neuralnet/fpga/projects/9_18/9_18.srcs/sources_1/bd/PL_NN/ipshared/f9de/hardmax.v:23]
WARNING: [Synth 8-689] width (4) of port connection 'z_tdata' does not match port width (1) of module 'hardmax' [c:/git_repos/mnist_neuralnet/fpga/projects/9_18/9_18.srcs/sources_1/bd/PL_NN/ip/PL_NN_hardmax_0_0/synth/PL_NN_hardmax_0_0.v:84]
INFO: [Synth 8-6155] done synthesizing module 'PL_NN_hardmax_0_0' (2#1) [c:/git_repos/mnist_neuralnet/fpga/projects/9_18/9_18.srcs/sources_1/bd/PL_NN/ip/PL_NN_hardmax_0_0/synth/PL_NN_hardmax_0_0.v:58]
INFO: [Synth 8-3917] design PL_NN_hardmax_0_0 has port z_tdata[3] driven by constant 0
INFO: [Synth 8-3917] design PL_NN_hardmax_0_0 has port z_tdata[2] driven by constant 0
INFO: [Synth 8-3917] design PL_NN_hardmax_0_0 has port z_tdata[1] driven by constant 0
---------------------------------------------------------------------------------
Finished RTL Elaboration : Time (s): cpu = 00:00:16 ; elapsed = 00:00:27 . Memory (MB): peak = 878.012 ; gain = 290.086
---------------------------------------------------------------------------------

Report Check Netlist: 
+------+------------------+-------+---------+-------+------------------+
|      |Item              |Errors |Warnings |Status |Description       |
+------+------------------+-------+---------+-------+------------------+
|1     |multi_driven_nets |      0|        0|Passed |Multi driven nets |
+------+------------------+-------+---------+-------+------------------+
---------------------------------------------------------------------------------
Start Handling Custom Attributes
---------------------------------------------------------------------------------
---------------------------------------------------------------------------------
Finished Handling Custom Attributes : Time (s): cpu = 00:00:17 ; elapsed = 00:00:29 . Memory (MB): peak = 878.012 ; gain = 290.086
---------------------------------------------------------------------------------
---------------------------------------------------------------------------------
Finished RTL Optimization Phase 1 : Time (s): cpu = 00:00:17 ; elapsed = 00:00:29 . Memory (MB): peak = 878.012 ; gain = 290.086
---------------------------------------------------------------------------------
Netlist sorting complete. Time (s): cpu = 00:00:00 ; elapsed = 00:00:00.003 . Memory (MB): peak = 878.012 ; gain = 0.000
INFO: [Project 1-570] Preparing netlist for logic optimization

Processing XDC Constraints
Initializing timing engine
Completed Processing XDC Constraints

Netlist sorting complete. Time (s): cpu = 00:00:00 ; elapsed = 00:00:00 . Memory (MB): peak = 966.137 ; gain = 0.000
INFO: [Project 1-111] Unisim Transformation Summary:
No Unisim elements were transformed.

WARNING: [Constraints 18-5210] No constraints selected for write.
Resolution: This message can indicate that there are no constraints for the design, or it can indicate that the used_in flags are set such that the constraints are ignored. This later case is used when running synth_design to not write synthesis constraints to the resulting checkpoint. Instead, project constraints are read when the synthesized design is opened.
Constraint Validation Runtime : Time (s): cpu = 00:00:00 ; elapsed = 00:00:00.164 . Memory (MB): peak = 968.156 ; gain = 2.020
---------------------------------------------------------------------------------
Finished Constraint Validation : Time (s): cpu = 00:00:35 ; elapsed = 00:00:53 . Memory (MB): peak = 968.156 ; gain = 380.230
---------------------------------------------------------------------------------
---------------------------------------------------------------------------------
Start Loading Part and Timing Information
---------------------------------------------------------------------------------
Loading part: xc7z010clg400-1
---------------------------------------------------------------------------------
Finished Loading Part and Timing Information : Time (s): cpu = 00:00:35 ; elapsed = 00:00:53 . Memory (MB): peak = 968.156 ; gain = 380.230
---------------------------------------------------------------------------------
---------------------------------------------------------------------------------
Start Applying 'set_property' XDC Constraints
---------------------------------------------------------------------------------
---------------------------------------------------------------------------------
Finished applying 'set_property' XDC Constraints : Time (s): cpu = 00:00:35 ; elapsed = 00:00:53 . Memory (MB): peak = 968.156 ; gain = 380.230
---------------------------------------------------------------------------------
WARNING: [Synth 8-3936] Found unconnected internal register 'maxElem_reg' and it is trimmed from '4' to '1' bits. [c:/git_repos/mnist_neuralnet/fpga/projects/9_18/9_18.srcs/sources_1/bd/PL_NN/ipshared/f9de/hardmax.v:51]
---------------------------------------------------------------------------------
Finished RTL Optimization Phase 2 : Time (s): cpu = 00:00:35 ; elapsed = 00:00:54 . Memory (MB): peak = 968.156 ; gain = 380.230
---------------------------------------------------------------------------------

Report RTL Partitions: 
+-+--------------+------------+----------+
| |RTL Partition |Replication |Instances |
+-+--------------+------------+----------+
+-+--------------+------------+----------+
---------------------------------------------------------------------------------
Start RTL Component Statistics 
---------------------------------------------------------------------------------
Detailed RTL Component Info : 
+---Adders : 
	   2 Input      4 Bit       Adders := 1     
+---Registers : 
	               32 Bit    Registers := 1     
	                4 Bit    Registers := 1     
	                1 Bit    Registers := 2     
+---Muxes : 
	   2 Input      1 Bit        Muxes := 3     
---------------------------------------------------------------------------------
Finished RTL Component Statistics 
---------------------------------------------------------------------------------
---------------------------------------------------------------------------------
Start RTL Hierarchical Component Statistics 
---------------------------------------------------------------------------------
Hierarchical RTL Component report 
Module hardmax 
Detailed RTL Component Info : 
+---Adders : 
	   2 Input      4 Bit       Adders := 1     
+---Registers : 
	               32 Bit    Registers := 1     
	                4 Bit    Registers := 1     
	                1 Bit    Registers := 2     
+---Muxes : 
	   2 Input      1 Bit        Muxes := 3     
---------------------------------------------------------------------------------
Finished RTL Hierarchical Component Statistics
---------------------------------------------------------------------------------
---------------------------------------------------------------------------------
Start Part Resource Summary
---------------------------------------------------------------------------------
Part Resources:
DSPs: 80 (col length:40)
BRAMs: 120 (col length: RAMB18 40 RAMB36 20)
---------------------------------------------------------------------------------
Finished Part Resource Summary
---------------------------------------------------------------------------------
---------------------------------------------------------------------------------
Start Cross Boundary and Area Optimization
---------------------------------------------------------------------------------
Warning: Parallel synthesis criteria is not met 
INFO: [Synth 8-3917] design PL_NN_hardmax_0_0 has port z_tdata[3] driven by constant 0
INFO: [Synth 8-3917] design PL_NN_hardmax_0_0 has port z_tdata[2] driven by constant 0
INFO: [Synth 8-3917] design PL_NN_hardmax_0_0 has port z_tdata[1] driven by constant 0
CRITICAL WARNING: [Synth 8-6859] multi-driven net on pin Q with 1st driver pin 'inst/z_tValid_reg__0/Q' [c:/git_repos/mnist_neuralnet/fpga/projects/9_18/9_18.srcs/sources_1/bd/PL_NN/ipshared/f9de/hardmax.v:40]
CRITICAL WARNING: [Synth 8-6859] multi-driven net on pin Q with 2nd driver pin 'GND' [c:/git_repos/mnist_neuralnet/fpga/projects/9_18/9_18.srcs/sources_1/bd/PL_NN/ipshared/f9de/hardmax.v:40]
CRITICAL WARNING: [Synth 8-6858] multi-driven net Q is connected to at least one constant driver which has been preserved, other driver is ignored [c:/git_repos/mnist_neuralnet/fpga/projects/9_18/9_18.srcs/sources_1/bd/PL_NN/ipshared/f9de/hardmax.v:40]
---------------------------------------------------------------------------------
Finished Cross Boundary and Area Optimization : Time (s): cpu = 00:00:39 ; elapsed = 00:01:02 . Memory (MB): peak = 968.156 ; gain = 380.230
---------------------------------------------------------------------------------

Report RTL Partitions: 
+-+--------------+------------+----------+
| |RTL Partition |Replication |Instances |
+-+--------------+------------+----------+
+-+--------------+------------+----------+
---------------------------------------------------------------------------------
Start Applying XDC Timing Constraints
---------------------------------------------------------------------------------
---------------------------------------------------------------------------------
Finished Applying XDC Timing Constraints : Time (s): cpu = 00:01:02 ; elapsed = 00:01:33 . Memory (MB): peak = 970.543 ; gain = 382.617
---------------------------------------------------------------------------------
---------------------------------------------------------------------------------
Start Timing Optimization
---------------------------------------------------------------------------------
---------------------------------------------------------------------------------
Finished Timing Optimization : Time (s): cpu = 00:01:02 ; elapsed = 00:01:33 . Memory (MB): peak = 970.965 ; gain = 383.039
---------------------------------------------------------------------------------

Report RTL Partitions: 
+-+--------------+------------+----------+
| |RTL Partition |Replication |Instances |
+-+--------------+------------+----------+
+-+--------------+------------+----------+
---------------------------------------------------------------------------------
Start Technology Mapping
---------------------------------------------------------------------------------
---------------------------------------------------------------------------------
Finished Technology Mapping : Time (s): cpu = 00:01:02 ; elapsed = 00:01:33 . Memory (MB): peak = 981.023 ; gain = 393.098
---------------------------------------------------------------------------------

Report RTL Partitions: 
+-+--------------+------------+----------+
| |RTL Partition |Replication |Instances |
+-+--------------+------------+----------+
+-+--------------+------------+----------+
---------------------------------------------------------------------------------
Start IO Insertion
---------------------------------------------------------------------------------
---------------------------------------------------------------------------------
Start Flattening Before IO Insertion
---------------------------------------------------------------------------------
---------------------------------------------------------------------------------
Finished Flattening Before IO Insertion
---------------------------------------------------------------------------------
---------------------------------------------------------------------------------
Start Final Netlist Cleanup
---------------------------------------------------------------------------------
---------------------------------------------------------------------------------
Finished Final Netlist Cleanup
---------------------------------------------------------------------------------
---------------------------------------------------------------------------------
Finished IO Insertion : Time (s): cpu = 00:01:13 ; elapsed = 00:01:45 . Memory (MB): peak = 996.859 ; gain = 408.934
---------------------------------------------------------------------------------
---------------------------------------------------------------------------------
Start Renaming Generated Instances
---------------------------------------------------------------------------------
---------------------------------------------------------------------------------
Finished Renaming Generated Instances : Time (s): cpu = 00:01:13 ; elapsed = 00:01:45 . Memory (MB): peak = 996.859 ; gain = 408.934
---------------------------------------------------------------------------------

Report RTL Partitions: 
+-+--------------+------------+----------+
| |RTL Partition |Replication |Instances |
+-+--------------+------------+----------+
+-+--------------+------------+----------+

Report Check Netlist: 
+------+------------------+-------+---------+-------+------------------+
|      |Item              |Errors |Warnings |Status |Description       |
+------+------------------+-------+---------+-------+------------------+
|1     |multi_driven_nets |      0|        0|Passed |Multi driven nets |
+------+------------------+-------+---------+-------+------------------+
---------------------------------------------------------------------------------
Start Rebuilding User Hierarchy
---------------------------------------------------------------------------------
---------------------------------------------------------------------------------
Finished Rebuilding User Hierarchy : Time (s): cpu = 00:01:13 ; elapsed = 00:01:45 . Memory (MB): peak = 996.859 ; gain = 408.934
---------------------------------------------------------------------------------
---------------------------------------------------------------------------------
Start Renaming Generated Ports
---------------------------------------------------------------------------------
---------------------------------------------------------------------------------
Finished Renaming Generated Ports : Time (s): cpu = 00:01:13 ; elapsed = 00:01:45 . Memory (MB): peak = 996.859 ; gain = 408.934
---------------------------------------------------------------------------------
---------------------------------------------------------------------------------
Start Handling Custom Attributes
---------------------------------------------------------------------------------
---------------------------------------------------------------------------------
Finished Handling Custom Attributes : Time (s): cpu = 00:01:13 ; elapsed = 00:01:45 . Memory (MB): peak = 996.859 ; gain = 408.934
---------------------------------------------------------------------------------
---------------------------------------------------------------------------------
Start Renaming Generated Nets
---------------------------------------------------------------------------------
---------------------------------------------------------------------------------
Finished Renaming Generated Nets : Time (s): cpu = 00:01:13 ; elapsed = 00:01:45 . Memory (MB): peak = 996.859 ; gain = 408.934
---------------------------------------------------------------------------------
---------------------------------------------------------------------------------
Start Writing Synthesis Report
---------------------------------------------------------------------------------

Report BlackBoxes: 
+-+--------------+----------+
| |BlackBox name |Instances |
+-+--------------+----------+
+-+--------------+----------+

Report Cell Usage: 
+------+-------+------+
|      |Cell   |Count |
+------+-------+------+
|1     |CARRY4 |     4|
|2     |LUT1   |     1|
|3     |LUT2   |     1|
|4     |LUT3   |     2|
|5     |LUT4   |    34|
|6     |LUT5   |     2|
|7     |LUT6   |     1|
|8     |FDRE   |    38|
+------+-------+------+

Report Instance Areas: 
+------+---------+--------+------+
|      |Instance |Module  |Cells |
+------+---------+--------+------+
|1     |top      |        |    83|
|2     |  inst   |hardmax |    83|
+------+---------+--------+------+
---------------------------------------------------------------------------------
Finished Writing Synthesis Report : Time (s): cpu = 00:01:13 ; elapsed = 00:01:45 . Memory (MB): peak = 996.859 ; gain = 408.934
---------------------------------------------------------------------------------
Synthesis finished with 0 errors, 3 critical warnings and 1 warnings.
Synthesis Optimization Runtime : Time (s): cpu = 00:00:51 ; elapsed = 00:01:40 . Memory (MB): peak = 996.859 ; gain = 318.789
Synthesis Optimization Complete : Time (s): cpu = 00:01:13 ; elapsed = 00:01:46 . Memory (MB): peak = 996.859 ; gain = 408.934
INFO: [Project 1-571] Translating synthesized netlist
Netlist sorting complete. Time (s): cpu = 00:00:00 ; elapsed = 00:00:00.003 . Memory (MB): peak = 1007.891 ; gain = 0.000
INFO: [Netlist 29-17] Analyzing 4 Unisim elements for replacement
INFO: [Netlist 29-28] Unisim Transformation completed in 0 CPU seconds
INFO: [Project 1-570] Preparing netlist for logic optimization
INFO: [Opt 31-138] Pushed 0 inverter(s) to 0 load pin(s).
Netlist sorting complete. Time (s): cpu = 00:00:00 ; elapsed = 00:00:00 . Memory (MB): peak = 1015.723 ; gain = 0.000
INFO: [Project 1-111] Unisim Transformation Summary:
No Unisim elements were transformed.

INFO: [Common 17-83] Releasing license: Synthesis
24 Infos, 5 Warnings, 3 Critical Warnings and 0 Errors encountered.
synth_design completed successfully
synth_design: Time (s): cpu = 00:01:27 ; elapsed = 00:02:13 . Memory (MB): peak = 1015.723 ; gain = 705.301
Netlist sorting complete. Time (s): cpu = 00:00:00 ; elapsed = 00:00:00 . Memory (MB): peak = 1015.723 ; gain = 0.000
WARNING: [Constraints 18-5210] No constraints selected for write.
Resolution: This message can indicate that there are no constraints for the design, or it can indicate that the used_in flags are set such that the constraints are ignored. This later case is used when running synth_design to not write synthesis constraints to the resulting checkpoint. Instead, project constraints are read when the synthesized design is opened.
INFO: [Common 17-1381] The checkpoint 'C:/git_repos/mnist_neuralnet/fpga/projects/9_18/9_18.runs/PL_NN_hardmax_0_0_synth_1/PL_NN_hardmax_0_0.dcp' has been generated.
WARNING: [Common 17-576] 'use_project_ipc' is deprecated. This option is deprecated and no longer used.
INFO: [Coretcl 2-1648] Added synthesis output to IP cache for IP PL_NN_hardmax_0_0, cache-ID = e6766d057d95965f
Netlist sorting complete. Time (s): cpu = 00:00:00 ; elapsed = 00:00:00 . Memory (MB): peak = 1015.723 ; gain = 0.000
WARNING: [Constraints 18-5210] No constraints selected for write.
Resolution: This message can indicate that there are no constraints for the design, or it can indicate that the used_in flags are set such that the constraints are ignored. This later case is used when running synth_design to not write synthesis constraints to the resulting checkpoint. Instead, project constraints are read when the synthesized design is opened.
INFO: [Common 17-1381] The checkpoint 'C:/git_repos/mnist_neuralnet/fpga/projects/9_18/9_18.runs/PL_NN_hardmax_0_0_synth_1/PL_NN_hardmax_0_0.dcp' has been generated.
INFO: [runtcl-4] Executing : report_utilization -file PL_NN_hardmax_0_0_utilization_synth.rpt -pb PL_NN_hardmax_0_0_utilization_synth.pb
INFO: [Common 17-206] Exiting Vivado at Wed Oct  9 14:50:16 2024...
