Copyright 1986-2019 Xilinx, Inc. All Rights Reserved.
-------------------------------------------------------------------------------------------------------------------------------------------------------------
| Tool Version     : Vivado v.2019.2 (win64) Build 2708876 Wed Nov  6 21:40:23 MST 2019
| Date             : Tue Oct 22 14:49:59 2024
| Host             : DESKTOP-L93G0Q0 running 64-bit major release  (build 9200)
| Command          : report_power -file PL_NN_wrapper_power_routed.rpt -pb PL_NN_wrapper_power_summary_routed.pb -rpx PL_NN_wrapper_power_routed.rpx
| Design           : PL_NN_wrapper
| Device           : xc7z010clg400-1
| Design State     : routed
| Grade            : commercial
| Process          : typical
| Characterization : Production
-------------------------------------------------------------------------------------------------------------------------------------------------------------

Power Report

Table of Contents
-----------------
1. Summary
1.1 On-Chip Components
1.2 Power Supply Summary
1.3 Confidence Level
2. Settings
2.1 Environment
2.2 Clock Constraints
3. Detailed Reports
3.1 By Hierarchy

1. Summary
----------

+--------------------------+--------------+
| Total On-Chip Power (W)  | 1.883        |
| Design Power Budget (W)  | Unspecified* |
| Power Budget Margin (W)  | NA           |
| Dynamic (W)              | 1.756        |
| Device Static (W)        | 0.126        |
| Effective TJA (C/W)      | 11.5         |
| Max Ambient (C)          | 63.3         |
| Junction Temperature (C) | 46.7         |
| Confidence Level         | Medium       |
| Setting File             | ---          |
| Simulation Activity File | ---          |
| Design Nets Matched      | NA           |
+--------------------------+--------------+
* Specify Design Power Budget using, set_operating_conditions -design_power_budget <value in Watts>


1.1 On-Chip Components
----------------------

+-------------------------+-----------+----------+-----------+-----------------+
| On-Chip                 | Power (W) | Used     | Available | Utilization (%) |
+-------------------------+-----------+----------+-----------+-----------------+
| Clocks                  |     0.026 |        3 |       --- |             --- |
| Slice Logic             |     0.030 |    15743 |       --- |             --- |
|   LUT as Logic          |     0.027 |     7030 |     17600 |           39.94 |
|   CARRY4                |     0.003 |      342 |      4400 |            7.77 |
|   Register              |     0.001 |     6622 |     35200 |           18.81 |
|   F7/F8 Muxes           |    <0.001 |       97 |     17600 |            0.55 |
|   LUT as Shift Register |    <0.001 |       62 |      6000 |            1.03 |
|   Others                |     0.000 |      558 |       --- |             --- |
| Signals                 |     0.044 |    18435 |       --- |             --- |
| Block RAM               |     0.040 |       21 |        60 |           35.00 |
| DSPs                    |     0.059 |       80 |        80 |          100.00 |
| PS7                     |     1.556 |        1 |       --- |             --- |
| Static Power            |     0.126 |          |           |                 |
| Total                   |     1.883 |          |           |                 |
+-------------------------+-----------+----------+-----------+-----------------+


1.2 Power Supply Summary
------------------------

+-----------+-------------+-----------+-------------+------------+
| Source    | Voltage (V) | Total (A) | Dynamic (A) | Static (A) |
+-----------+-------------+-----------+-------------+------------+
| Vccint    |       1.000 |     0.205 |       0.197 |      0.008 |
| Vccaux    |       1.800 |     0.009 |       0.000 |      0.009 |
| Vcco33    |       3.300 |     0.000 |       0.000 |      0.000 |
| Vcco25    |       2.500 |     0.000 |       0.000 |      0.000 |
| Vcco18    |       1.800 |     0.000 |       0.000 |      0.000 |
| Vcco15    |       1.500 |     0.000 |       0.000 |      0.000 |
| Vcco135   |       1.350 |     0.000 |       0.000 |      0.000 |
| Vcco12    |       1.200 |     0.000 |       0.000 |      0.000 |
| Vccaux_io |       1.800 |     0.000 |       0.000 |      0.000 |
| Vccbram   |       1.000 |     0.005 |       0.003 |      0.002 |
| MGTAVcc   |       1.000 |     0.000 |       0.000 |      0.000 |
| MGTAVtt   |       1.200 |     0.000 |       0.000 |      0.000 |
| MGTVccaux |       1.800 |     0.000 |       0.000 |      0.000 |
| Vccpint   |       1.000 |     0.736 |       0.703 |      0.033 |
| Vccpaux   |       1.800 |     0.085 |       0.074 |      0.010 |
| Vccpll    |       1.800 |     0.017 |       0.014 |      0.003 |
| Vcco_ddr  |       1.500 |     0.458 |       0.456 |      0.002 |
| Vcco_mio0 |       3.300 |     0.003 |       0.002 |      0.001 |
| Vcco_mio1 |       1.800 |     0.004 |       0.003 |      0.001 |
| Vccadc    |       1.800 |     0.020 |       0.000 |      0.020 |
+-----------+-------------+-----------+-------------+------------+


1.3 Confidence Level
--------------------

+-----------------------------+------------+------------------------------------------------+------------------------------------------------------------------------------------------------------------+
| User Input Data             | Confidence | Details                                        | Action                                                                                                     |
+-----------------------------+------------+------------------------------------------------+------------------------------------------------------------------------------------------------------------+
| Design implementation state | High       | Design is routed                               |                                                                                                            |
| Clock nodes activity        | High       | User specified more than 95% of clocks         |                                                                                                            |
| I/O nodes activity          | High       | User specified more than 95% of inputs         |                                                                                                            |
| Internal nodes activity     | Medium     | User specified less than 25% of internal nodes | Provide missing internal nodes activity with simulation results or by editing the "By Resource Type" views |
| Device models               | High       | Device models are Production                   |                                                                                                            |
|                             |            |                                                |                                                                                                            |
| Overall confidence level    | Medium     |                                                |                                                                                                            |
+-----------------------------+------------+------------------------------------------------+------------------------------------------------------------------------------------------------------------+


2. Settings
-----------

2.1 Environment
---------------

+-----------------------+------------------------+
| Ambient Temp (C)      | 25.0                   |
| ThetaJA (C/W)         | 11.5                   |
| Airflow (LFM)         | 250                    |
| Heat Sink             | none                   |
| ThetaSA (C/W)         | 0.0                    |
| Board Selection       | medium (10"x10")       |
| # of Board Layers     | 8to11 (8 to 11 Layers) |
| Board Temperature (C) | 25.0                   |
+-----------------------+------------------------+


2.2 Clock Constraints
---------------------

+------------+----------------------------------------------------------+-----------------+
| Clock      | Domain                                                   | Constraint (ns) |
+------------+----------------------------------------------------------+-----------------+
| clk_fpga_0 | PL_NN_i/processing_system7_0/inst/FCLK_CLK_unbuffered[0] |            10.0 |
+------------+----------------------------------------------------------+-----------------+


3. Detailed Reports
-------------------

3.1 By Hierarchy
----------------

+----------------------------+-----------+
| Name                       | Power (W) |
+----------------------------+-----------+
| PL_NN_wrapper              |     1.756 |
|   PL_NN_i                  |     1.756 |
|     axi4_lite_layer_conn_0 |     0.002 |
|       inst                 |     0.002 |
|     axi4_lite_register_m_0 |     0.005 |
|       inst                 |     0.005 |
|     axi_interconnect_0     |     0.012 |
|       s00_couplers         |     0.004 |
|       tier2_xbar_0         |     0.001 |
|       tier2_xbar_1         |     0.003 |
|       tier2_xbar_2         |     0.001 |
|       xbar                 |     0.001 |
|     image_loader_module_0  |     0.003 |
|       inst                 |     0.003 |
|     perceptron_0           |     0.009 |
|       inst                 |     0.009 |
|     perceptron_1           |     0.010 |
|       inst                 |     0.010 |
|     perceptron_18          |     0.008 |
|       inst                 |     0.008 |
|     perceptron_19          |     0.008 |
|       inst                 |     0.008 |
|     perceptron_2           |     0.009 |
|       inst                 |     0.009 |
|     perceptron_20          |     0.008 |
|       inst                 |     0.008 |
|     perceptron_21          |     0.008 |
|       inst                 |     0.008 |
|     perceptron_22          |     0.008 |
|       inst                 |     0.008 |
|     perceptron_23          |     0.008 |
|       inst                 |     0.008 |
|     perceptron_24          |     0.008 |
|       inst                 |     0.008 |
|     perceptron_25          |     0.008 |
|       inst                 |     0.008 |
|     perceptron_26          |     0.008 |
|       inst                 |     0.008 |
|     perceptron_27          |     0.008 |
|       inst                 |     0.008 |
|     perceptron_3           |     0.011 |
|       inst                 |     0.011 |
|     perceptron_4           |     0.009 |
|       inst                 |     0.009 |
|     perceptron_5           |     0.009 |
|       inst                 |     0.009 |
|     perceptron_6           |     0.009 |
|       inst                 |     0.009 |
|     perceptron_7           |     0.009 |
|       inst                 |     0.009 |
|     perceptron_8           |     0.010 |
|       inst                 |     0.010 |
|     perceptron_9           |     0.009 |
|       inst                 |     0.009 |
|     processing_system7_0   |     1.558 |
|       inst                 |     1.558 |
+----------------------------+-----------+


