Copyright 1986-2019 Xilinx, Inc. All Rights Reserved.
---------------------------------------------------------------------------------------------
| Tool Version : Vivado v.2019.2 (win64) Build 2708876 Wed Nov  6 21:40:23 MST 2019
| Date         : Wed Oct  2 14:42:47 2024
| Host         : DESKTOP-L93G0Q0 running 64-bit major release  (build 9200)
| Command      : report_control_sets -verbose -file design_2_wrapper_control_sets_placed.rpt
| Design       : design_2_wrapper
| Device       : xc7z010
---------------------------------------------------------------------------------------------

Control Set Information

Table of Contents
-----------------
1. Summary
2. Histogram
3. Flip-Flop Distribution
4. Detailed Control Set Information

1. Summary
----------

+----------------------------------------------------------+-------+
|                          Status                          | Count |
+----------------------------------------------------------+-------+
| Total control sets                                       |    54 |
|    Minimum number of control sets                        |    54 |
|    Addition due to synthesis replication                 |     0 |
|    Addition due to physical synthesis replication        |     0 |
| Unused register locations in slices containing registers |   113 |
+----------------------------------------------------------+-------+
* Control sets can be merged at opt_design using control_set_merge or merge_equivalent_drivers
** Run report_qor_suggestions for automated merging and remapping suggestions


2. Histogram
------------

+--------------------+-------+
|       Fanout       | Count |
+--------------------+-------+
| Total control sets |    54 |
| >= 0 to < 4        |     1 |
| >= 4 to < 6        |    10 |
| >= 6 to < 8        |     2 |
| >= 8 to < 10       |     5 |
| >= 10 to < 12      |     1 |
| >= 12 to < 14      |     1 |
| >= 14 to < 16      |     2 |
| >= 16              |    32 |
+--------------------+-------+
* Control sets can be remapped at either synth_design or opt_design


3. Flip-Flop Distribution
-------------------------

+--------------+-----------------------+------------------------+-----------------+--------------+
| Clock Enable | Synchronous Set/Reset | Asynchronous Set/Reset | Total Registers | Total Slices |
+--------------+-----------------------+------------------------+-----------------+--------------+
| No           | No                    | No                     |             114 |           36 |
| No           | No                    | Yes                    |               0 |            0 |
| No           | Yes                   | No                     |              27 |           17 |
| Yes          | No                    | No                     |             816 |          237 |
| Yes          | No                    | Yes                    |               0 |            0 |
| Yes          | Yes                   | No                     |             170 |           59 |
+--------------+-----------------------+------------------------+-----------------+--------------+


4. Detailed Control Set Information
-----------------------------------

+-------------------------------------------------+------------------------------------------------------------------------------------------------------------------------------------------------------------------+---------------------------------------------------------------------------------------------------------------------------------------------------------+------------------+----------------+
|                   Clock Signal                  |                                                                           Enable Signal                                                                          |                                                                     Set/Reset Signal                                                                    | Slice Load Count | Bel Load Count |
+-------------------------------------------------+------------------------------------------------------------------------------------------------------------------------------------------------------------------+---------------------------------------------------------------------------------------------------------------------------------------------------------+------------------+----------------+
|  design_2_i/processing_system7_0/inst/FCLK_CLK0 | design_2_i/axi_interconnect_0/s00_couplers/auto_pc/inst/gen_axilite.gen_b2s_conv.axilite_b2s/WR.b_channel_0/bid_fifo_0/bresp_push                                |                                                                                                                                                         |                1 |              2 |
|  design_2_i/processing_system7_0/inst/FCLK_CLK0 |                                                                                                                                                                  | design_2_i/axi_interconnect_0/s00_couplers/auto_pc/inst/gen_axilite.gen_b2s_conv.axilite_b2s/SI_REG/ar.ar_pipe/aresetn_d_reg[1]_inv_0                   |                4 |              4 |
|  design_2_i/processing_system7_0/inst/FCLK_CLK0 |                                                                                                                                                                  | design_2_i/rst_ps7_0_100M/U0/EXT_LPF/lpf_int                                                                                                            |                2 |              4 |
|  design_2_i/processing_system7_0/inst/FCLK_CLK0 |                                                                                                                                                                  | design_2_i/axi_interconnect_0/s00_couplers/auto_pc/inst/gen_axilite.gen_b2s_conv.axilite_b2s/SI_REG/aw.aw_pipe/aresetn_d_reg[0]_0                       |                3 |              4 |
|  design_2_i/processing_system7_0/inst/FCLK_CLK0 | design_2_i/axi4_lite_register_m_0/inst/bias_regs[11][31]_i_1_n_0                                                                                                 | design_2_i/axi4_lite_register_m_0/inst/bias_regs[11][26]_i_1_n_0                                                                                        |                2 |              4 |
|  design_2_i/processing_system7_0/inst/FCLK_CLK0 | design_2_i/axi_interconnect_0/s00_couplers/auto_pc/inst/gen_axilite.gen_b2s_conv.axilite_b2s/RD.r_channel_0/transaction_fifo_0/cnt_read[4]_i_1__0_n_0            | design_2_i/axi_interconnect_0/s00_couplers/auto_pc/inst/gen_axilite.gen_b2s_conv.axilite_b2s/areset_d1                                                  |                2 |              5 |
|  design_2_i/processing_system7_0/inst/FCLK_CLK0 | design_2_i/axi_interconnect_0/s00_couplers/auto_pc/inst/gen_axilite.gen_b2s_conv.axilite_b2s/RD.r_channel_0/transaction_fifo_0/E[0]                              | design_2_i/axi_interconnect_0/s00_couplers/auto_pc/inst/gen_axilite.gen_b2s_conv.axilite_b2s/areset_d1                                                  |                2 |              5 |
|  design_2_i/processing_system7_0/inst/FCLK_CLK0 |                                                                                                                                                                  | design_2_i/axi4_lite_register_m_0/inst/axi_awready_i_1_n_0                                                                                              |                2 |              5 |
|  design_2_i/processing_system7_0/inst/FCLK_CLK0 | design_2_i/axi4_lite_register_m_0/inst/bias_regs[9][31]_i_1_n_0                                                                                                  | design_2_i/axi4_lite_register_m_0/inst/bias_regs[9][30]_i_1_n_0                                                                                         |                2 |              5 |
|  design_2_i/processing_system7_0/inst/FCLK_CLK0 | design_2_i/axi_interconnect_0/s00_couplers/auto_pc/inst/gen_axilite.gen_b2s_conv.axilite_b2s/RD.ar_channel_0/ar_cmd_fsm_0/m_axi_arready_0                        | design_2_i/axi_interconnect_0/s00_couplers/auto_pc/inst/gen_axilite.gen_b2s_conv.axilite_b2s/RD.ar_channel_0/ar_cmd_fsm_0/FSM_sequential_state_reg[1]_0 |                2 |              5 |
|  design_2_i/processing_system7_0/inst/FCLK_CLK0 | design_2_i/axi_interconnect_0/s00_couplers/auto_pc/inst/gen_axilite.gen_b2s_conv.axilite_b2s/WR.aw_channel_0/aw_cmd_fsm_0/m_valid_i_reg_0                        | design_2_i/axi_interconnect_0/s00_couplers/auto_pc/inst/gen_axilite.gen_b2s_conv.axilite_b2s/WR.aw_channel_0/aw_cmd_fsm_0/m_valid_i_reg                 |                2 |              5 |
|  design_2_i/processing_system7_0/inst/FCLK_CLK0 | design_2_i/axi4_lite_register_m_0/inst/bias_regs[15][31]_i_2_n_0                                                                                                 | design_2_i/axi4_lite_register_m_0/inst/bias_regs[15][5]_i_1_n_0                                                                                         |                2 |              6 |
|  design_2_i/processing_system7_0/inst/FCLK_CLK0 | design_2_i/rst_ps7_0_100M/U0/SEQ/seq_cnt_en                                                                                                                      | design_2_i/rst_ps7_0_100M/U0/SEQ/SEQ_COUNTER/clear                                                                                                      |                1 |              6 |
|  design_2_i/processing_system7_0/inst/FCLK_CLK0 | design_2_i/axi_interconnect_0/s00_couplers/auto_pc/inst/gen_axilite.gen_b2s_conv.axilite_b2s/RD.ar_channel_0/ar_cmd_fsm_0/E[0]                                   |                                                                                                                                                         |                5 |              8 |
|  design_2_i/processing_system7_0/inst/FCLK_CLK0 | design_2_i/axi_interconnect_0/s00_couplers/auto_pc/inst/gen_axilite.gen_b2s_conv.axilite_b2s/WR.aw_channel_0/aw_cmd_fsm_0/E[0]                                   |                                                                                                                                                         |                3 |              8 |
|  design_2_i/processing_system7_0/inst/FCLK_CLK0 | design_2_i/axi_interconnect_0/s00_couplers/auto_pc/inst/gen_axilite.gen_b2s_conv.axilite_b2s/WR.aw_channel_0/cmd_translator_0/incr_cmd_0/axaddr_incr[11]_i_1_n_0 |                                                                                                                                                         |                2 |              8 |
|  design_2_i/processing_system7_0/inst/FCLK_CLK0 | design_2_i/axi_interconnect_0/s00_couplers/auto_pc/inst/gen_axilite.gen_b2s_conv.axilite_b2s/RD.ar_channel_0/ar_cmd_fsm_0/sel_first_reg[0]                       |                                                                                                                                                         |                3 |              8 |
|  design_2_i/processing_system7_0/inst/FCLK_CLK0 | design_2_i/axi_interconnect_0/s00_couplers/auto_pc/inst/gen_axilite.gen_b2s_conv.axilite_b2s/WR.b_channel_0/mhandshake_r                                         | design_2_i/axi_interconnect_0/s00_couplers/auto_pc/inst/gen_axilite.gen_b2s_conv.axilite_b2s/WR.b_channel_0/bid_fifo_0/SR[0]                            |                2 |              8 |
|  design_2_i/processing_system7_0/inst/FCLK_CLK0 |                                                                                                                                                                  | design_2_i/axi_interconnect_0/s00_couplers/auto_pc/inst/gen_axilite.gen_b2s_conv.axilite_b2s/areset_d1                                                  |                6 |             10 |
|  design_2_i/processing_system7_0/inst/FCLK_CLK0 | design_2_i/axi_interconnect_0/s00_couplers/auto_pc/inst/gen_axilite.gen_b2s_conv.axilite_b2s/RD.r_channel_0/r_push_r                                             |                                                                                                                                                         |                4 |             13 |
|  design_2_i/processing_system7_0/inst/FCLK_CLK0 | design_2_i/axi_interconnect_0/s00_couplers/auto_pc/inst/gen_axilite.gen_b2s_conv.axilite_b2s/SI_REG/b.b_pipe/s_ready_i_reg_0                                     |                                                                                                                                                         |                3 |             14 |
|  design_2_i/processing_system7_0/inst/FCLK_CLK0 | design_2_i/axi_interconnect_0/s00_couplers/auto_pc/inst/gen_axilite.gen_b2s_conv.axilite_b2s/SI_REG/b.b_pipe/p_1_in                                              |                                                                                                                                                         |                3 |             14 |
|  design_2_i/processing_system7_0/inst/FCLK_CLK0 | design_2_i/axi_interconnect_0/s00_couplers/auto_pc/inst/gen_axilite.gen_b2s_conv.axilite_b2s/WR.aw_channel_0/aw_cmd_fsm_0/b_push                                 |                                                                                                                                                         |                3 |             16 |
|  design_2_i/processing_system7_0/inst/FCLK_CLK0 | design_2_i/axi_interconnect_0/s00_couplers/auto_pc/inst/gen_axilite.gen_b2s_conv.axilite_b2s/RD.ar_channel_0/ar_cmd_fsm_0/m_axi_arready_0                        |                                                                                                                                                         |                6 |             17 |
|  design_2_i/processing_system7_0/inst/FCLK_CLK0 | design_2_i/axi_interconnect_0/s00_couplers/auto_pc/inst/gen_axilite.gen_b2s_conv.axilite_b2s/WR.aw_channel_0/aw_cmd_fsm_0/m_valid_i_reg_0                        |                                                                                                                                                         |                6 |             17 |
|  design_2_i/processing_system7_0/inst/FCLK_CLK0 | design_2_i/axi4_lite_register_m_0/inst/addr_curr1                                                                                                                |                                                                                                                                                         |                4 |             18 |
|  design_2_i/processing_system7_0/inst/FCLK_CLK0 | design_2_i/axi4_lite_register_m_0/inst/bias_regs[15][31]_i_2_n_0                                                                                                 | design_2_i/axi4_lite_register_m_0/inst/bias_regs[15][31]_i_1_n_0                                                                                        |                8 |             26 |
|  design_2_i/processing_system7_0/inst/FCLK_CLK0 | design_2_i/axi4_lite_register_m_0/inst/bias_regs[9][31]_i_1_n_0                                                                                                  |                                                                                                                                                         |                8 |             27 |
|  design_2_i/processing_system7_0/inst/FCLK_CLK0 | design_2_i/axi_interconnect_0/s00_couplers/auto_pc/inst/gen_axilite.gen_b2s_conv.axilite_b2s/RD.ar_channel_0/ar_cmd_fsm_0/FSM_sequential_state_reg[1]_1[0]       |                                                                                                                                                         |                7 |             28 |
|  design_2_i/processing_system7_0/inst/FCLK_CLK0 | design_2_i/axi4_lite_register_m_0/inst/bias_regs[11][31]_i_1_n_0                                                                                                 |                                                                                                                                                         |                8 |             28 |
|  design_2_i/processing_system7_0/inst/FCLK_CLK0 | design_2_i/axi_interconnect_0/s00_couplers/auto_pc/inst/gen_axilite.gen_b2s_conv.axilite_b2s/WR.aw_channel_0/aw_cmd_fsm_0/m_valid_i_reg_1[0]                     |                                                                                                                                                         |                4 |             28 |
|  design_2_i/processing_system7_0/inst/FCLK_CLK0 | design_2_i/axi_interconnect_0/s00_couplers/auto_pc/inst/gen_axilite.gen_b2s_conv.axilite_b2s/SI_REG/ar.ar_pipe/s_ready_i_reg_0                                   |                                                                                                                                                         |                6 |             28 |
|  design_2_i/processing_system7_0/inst/FCLK_CLK0 | design_2_i/axi_interconnect_0/s00_couplers/auto_pc/inst/gen_axilite.gen_b2s_conv.axilite_b2s/SI_REG/aw.aw_pipe/s_ready_i_reg_0                                   |                                                                                                                                                         |                4 |             28 |
|  design_2_i/processing_system7_0/inst/FCLK_CLK0 | design_2_i/axi4_lite_register_m_0/inst/bias_regs[17][31]_i_1_n_0                                                                                                 |                                                                                                                                                         |               14 |             31 |
|  design_2_i/processing_system7_0/inst/FCLK_CLK0 | design_2_i/axi4_lite_register_m_0/inst/axi_rdata[31]_i_2_n_0                                                                                                     | design_2_i/axi4_lite_register_m_0/inst/axi_rdata[31]_i_1_n_0                                                                                            |                9 |             31 |
|  design_2_i/processing_system7_0/inst/FCLK_CLK0 | design_2_i/axi4_lite_register_m_0/inst/bias_regs[16][31]_i_1_n_0                                                                                                 |                                                                                                                                                         |                6 |             32 |
|  design_2_i/processing_system7_0/inst/FCLK_CLK0 | design_2_i/axi4_lite_register_m_0/inst/bias_regs[1][31]_i_1_n_0                                                                                                  |                                                                                                                                                         |               11 |             32 |
|  design_2_i/processing_system7_0/inst/FCLK_CLK0 | design_2_i/axi4_lite_register_m_0/inst/bias_regs[2][31]_i_1_n_0                                                                                                  |                                                                                                                                                         |               14 |             32 |
|  design_2_i/processing_system7_0/inst/FCLK_CLK0 | design_2_i/axi4_lite_register_m_0/inst/bias_regs[3][31]_i_1_n_0                                                                                                  |                                                                                                                                                         |               12 |             32 |
|  design_2_i/processing_system7_0/inst/FCLK_CLK0 | design_2_i/axi4_lite_register_m_0/inst/bias_regs[4][31]_i_1_n_0                                                                                                  |                                                                                                                                                         |                5 |             32 |
|  design_2_i/processing_system7_0/inst/FCLK_CLK0 | design_2_i/axi4_lite_register_m_0/inst/bias_regs[6][31]_i_1_n_0                                                                                                  |                                                                                                                                                         |               14 |             32 |
|  design_2_i/processing_system7_0/inst/FCLK_CLK0 | design_2_i/axi4_lite_register_m_0/inst/bias_regs[0][31]_i_1_n_0                                                                                                  |                                                                                                                                                         |               13 |             32 |
|  design_2_i/processing_system7_0/inst/FCLK_CLK0 | design_2_i/axi4_lite_register_m_0/inst/bias_regs[8][31]_i_1_n_0                                                                                                  |                                                                                                                                                         |               11 |             32 |
|  design_2_i/processing_system7_0/inst/FCLK_CLK0 | design_2_i/axi4_lite_register_m_0/inst/bias_regs[7][31]_i_1_n_0                                                                                                  |                                                                                                                                                         |               13 |             32 |
|  design_2_i/processing_system7_0/inst/FCLK_CLK0 | design_2_i/axi_interconnect_0/s00_couplers/auto_pc/inst/gen_axilite.gen_b2s_conv.axilite_b2s/RD.r_channel_0/rd_data_fifo_0/wr_en0                                |                                                                                                                                                         |                8 |             32 |
|  design_2_i/processing_system7_0/inst/FCLK_CLK0 | design_2_i/axi4_lite_register_m_0/inst/data_curr1                                                                                                                |                                                                                                                                                         |                7 |             32 |
|  design_2_i/processing_system7_0/inst/FCLK_CLK0 | design_2_i/axi4_lite_register_m_0/inst/bias_regs[5][31]_i_1_n_0                                                                                                  |                                                                                                                                                         |               16 |             32 |
|  design_2_i/processing_system7_0/inst/FCLK_CLK0 | design_2_i/axi4_lite_register_m_0/inst/bias_regs[10][31]_i_1_n_0                                                                                                 |                                                                                                                                                         |               11 |             32 |
|  design_2_i/processing_system7_0/inst/FCLK_CLK0 | design_2_i/axi4_lite_register_m_0/inst/bias_regs[13][31]_i_2_n_0                                                                                                 | design_2_i/axi4_lite_register_m_0/inst/bias_regs[13][31]_i_1_n_0                                                                                        |               13 |             32 |
|  design_2_i/processing_system7_0/inst/FCLK_CLK0 | design_2_i/axi4_lite_register_m_0/inst/bias_regs[12][31]_i_1_n_0                                                                                                 |                                                                                                                                                         |                4 |             32 |
|  design_2_i/processing_system7_0/inst/FCLK_CLK0 | design_2_i/axi4_lite_register_m_0/inst/bias_regs[14][31]_i_2_n_0                                                                                                 | design_2_i/axi4_lite_register_m_0/inst/bias_regs[14][31]_i_1_n_0                                                                                        |               12 |             32 |
|  design_2_i/processing_system7_0/inst/FCLK_CLK0 | design_2_i/axi_interconnect_0/s00_couplers/auto_pc/inst/gen_axilite.gen_b2s_conv.axilite_b2s/SI_REG/r.r_pipe/p_1_in                                              |                                                                                                                                                         |                7 |             45 |
|  design_2_i/processing_system7_0/inst/FCLK_CLK0 | design_2_i/axi_interconnect_0/s00_couplers/auto_pc/inst/gen_axilite.gen_b2s_conv.axilite_b2s/SI_REG/r.r_pipe/s_ready_i_reg_0                                     |                                                                                                                                                         |                7 |             45 |
|  design_2_i/processing_system7_0/inst/FCLK_CLK0 |                                                                                                                                                                  |                                                                                                                                                         |               37 |            115 |
+-------------------------------------------------+------------------------------------------------------------------------------------------------------------------------------------------------------------------+---------------------------------------------------------------------------------------------------------------------------------------------------------+------------------+----------------+


