Vivado Simulator 2019.2
Time resolution is 1 ps
Block Memory Generator module design_2_tb.uut.design_2_i.image_loader_module_0.inst.IMG_LOADER.bram.inst.native_mem_module.blk_mem_gen_v8_4_4_inst is using a behavioral model for simulation which will not precisely model memory collision behavior.
Block Memory Generator module design_2_tb.uut.design_2_i.perceptron_0.inst.WEIGHT_MEMORY.bram.inst.native_mem_module.blk_mem_gen_v8_4_4_inst is using a behavioral model for simulation which will not precisely model memory collision behavior.
Block Memory Generator module design_2_tb.uut.design_2_i.perceptron_1.inst.WEIGHT_MEMORY.bram.inst.native_mem_module.blk_mem_gen_v8_4_4_inst is using a behavioral model for simulation which will not precisely model memory collision behavior.
blk_mem_gen_v8_4_4 collision detected at time: 145000, Instance: design_2_tb.uut.design_2_i.image_loader_module_0.inst.IMG_LOADER.bram.inst.native_mem_module.blk_mem_gen_v8_4_4_inst, A write address: 0, B  read address: 0
blk_mem_gen_v8_4_4 collision detected at time: 205000, Instance: design_2_tb.uut.design_2_i.perceptron_0.inst.WEIGHT_MEMORY.bram.inst.native_mem_module.blk_mem_gen_v8_4_4_inst, A write address: 0, B  read address: 0
Block Memory Generator module design_2_tb.uut.design_2_i.image_loader_module_0.inst.IMG_LOADER.bram.inst.native_mem_module.blk_mem_gen_v8_4_4_inst is using a behavioral model for simulation which will not precisely model memory collision behavior.
Block Memory Generator module design_2_tb.uut.design_2_i.perceptron_0.inst.WEIGHT_MEMORY.bram.inst.native_mem_module.blk_mem_gen_v8_4_4_inst is using a behavioral model for simulation which will not precisely model memory collision behavior.
Block Memory Generator module design_2_tb.uut.design_2_i.perceptron_1.inst.WEIGHT_MEMORY.bram.inst.native_mem_module.blk_mem_gen_v8_4_4_inst is using a behavioral model for simulation which will not precisely model memory collision behavior.
blk_mem_gen_v8_4_4 collision detected at time: 145000, Instance: design_2_tb.uut.design_2_i.image_loader_module_0.inst.IMG_LOADER.bram.inst.native_mem_module.blk_mem_gen_v8_4_4_inst, A write address: 0, B  read address: 0
blk_mem_gen_v8_4_4 collision detected at time: 205000, Instance: design_2_tb.uut.design_2_i.perceptron_0.inst.WEIGHT_MEMORY.bram.inst.native_mem_module.blk_mem_gen_v8_4_4_inst, A write address: 0, B  read address: 0
blk_mem_gen_v8_4_4 collision detected at time: 102065000, Instance: design_2_tb.uut.design_2_i.perceptron_1.inst.WEIGHT_MEMORY.bram.inst.native_mem_module.blk_mem_gen_v8_4_4_inst, A write address: 0, B  read address: 0
blk_mem_gen_v8_4_4 WARNING: Address 310 is outside range for B Read
blk_mem_gen_v8_4_4 WARNING: Address 310 is outside range for B Read
blk_mem_gen_v8_4_4 WARNING: Address 310 is outside range for B Read
blk_mem_gen_v8_4_4 WARNING: Address 310 is outside range for B Read
blk_mem_gen_v8_4_4 WARNING: Address 310 is outside range for B Read
blk_mem_gen_v8_4_4 WARNING: Address 310 is outside range for B Read
blk_mem_gen_v8_4_4 WARNING: Address 310 is outside range for B Read
blk_mem_gen_v8_4_4 WARNING: Address 310 is outside range for B Read
blk_mem_gen_v8_4_4 WARNING: Address 310 is outside range for B Read
blk_mem_gen_v8_4_4 WARNING: Address 310 is outside range for B Read
blk_mem_gen_v8_4_4 WARNING: Address 310 is outside range for B Read
blk_mem_gen_v8_4_4 WARNING: Address 310 is outside range for B Read
blk_mem_gen_v8_4_4 WARNING: Address 310 is outside range for B Read
blk_mem_gen_v8_4_4 WARNING: Address 310 is outside range for B Read
blk_mem_gen_v8_4_4 WARNING: Address 310 is outside range for B Read
blk_mem_gen_v8_4_4 WARNING: Address 310 is outside range for B Read
blk_mem_gen_v8_4_4 WARNING: Address 310 is outside range for B Read
blk_mem_gen_v8_4_4 WARNING: Address 310 is outside range for B Read
blk_mem_gen_v8_4_4 WARNING: Address 310 is outside range for B Read
blk_mem_gen_v8_4_4 WARNING: Address 310 is outside range for B Read
blk_mem_gen_v8_4_4 WARNING: Address 310 is outside range for B Read
blk_mem_gen_v8_4_4 WARNING: Address 310 is outside range for B Read
blk_mem_gen_v8_4_4 WARNING: Address 310 is outside range for B Read
blk_mem_gen_v8_4_4 WARNING: Address 310 is outside range for B Read
blk_mem_gen_v8_4_4 WARNING: Address 310 is outside range for B Read
blk_mem_gen_v8_4_4 WARNING: Address 310 is outside range for B Read
blk_mem_gen_v8_4_4 WARNING: Address 310 is outside range for B Read
blk_mem_gen_v8_4_4 WARNING: Address 310 is outside range for B Read
blk_mem_gen_v8_4_4 WARNING: Address 310 is outside range for B Read
blk_mem_gen_v8_4_4 WARNING: Address 310 is outside range for B Read
blk_mem_gen_v8_4_4 WARNING: Address 310 is outside range for B Read
blk_mem_gen_v8_4_4 WARNING: Address 310 is outside range for B Read
blk_mem_gen_v8_4_4 WARNING: Address 310 is outside range for B Read
blk_mem_gen_v8_4_4 WARNING: Address 310 is outside range for B Read
blk_mem_gen_v8_4_4 WARNING: Address 310 is outside range for B Read
blk_mem_gen_v8_4_4 WARNING: Address 310 is outside range for B Read
blk_mem_gen_v8_4_4 WARNING: Address 310 is outside range for B Read
blk_mem_gen_v8_4_4 WARNING: Address 310 is outside range for B Read
blk_mem_gen_v8_4_4 WARNING: Address 310 is outside range for B Read
blk_mem_gen_v8_4_4 WARNING: Address 310 is outside range for B Read
blk_mem_gen_v8_4_4 WARNING: Address 310 is outside range for B Read
blk_mem_gen_v8_4_4 WARNING: Address 310 is outside range for B Read
blk_mem_gen_v8_4_4 WARNING: Address 310 is outside range for B Read
$finish called at time : 111375 ns : File "C:/git_repos/mnist_neuralnet/fpga/projects/10_9/10_9.srcs/sim_1/new/design_2_tb.v" Line 139
Block Memory Generator module design_2_tb.uut.design_2_i.image_loader_module_0.inst.IMG_LOADER.bram.inst.native_mem_module.blk_mem_gen_v8_4_4_inst is using a behavioral model for simulation which will not precisely model memory collision behavior.
Block Memory Generator module design_2_tb.uut.design_2_i.perceptron_0.inst.WEIGHT_MEMORY.bram.inst.native_mem_module.blk_mem_gen_v8_4_4_inst is using a behavioral model for simulation which will not precisely model memory collision behavior.
Block Memory Generator module design_2_tb.uut.design_2_i.perceptron_1.inst.WEIGHT_MEMORY.bram.inst.native_mem_module.blk_mem_gen_v8_4_4_inst is using a behavioral model for simulation which will not precisely model memory collision behavior.
blk_mem_gen_v8_4_4 collision detected at time: 145000, Instance: design_2_tb.uut.design_2_i.image_loader_module_0.inst.IMG_LOADER.bram.inst.native_mem_module.blk_mem_gen_v8_4_4_inst, A write address: 0, B  read address: 0
blk_mem_gen_v8_4_4 collision detected at time: 205000, Instance: design_2_tb.uut.design_2_i.perceptron_0.inst.WEIGHT_MEMORY.bram.inst.native_mem_module.blk_mem_gen_v8_4_4_inst, A write address: 0, B  read address: 0
blk_mem_gen_v8_4_4 collision detected at time: 102065000, Instance: design_2_tb.uut.design_2_i.perceptron_1.inst.WEIGHT_MEMORY.bram.inst.native_mem_module.blk_mem_gen_v8_4_4_inst, A write address: 0, B  read address: 0
blk_mem_gen_v8_4_4 WARNING: Address 310 is outside range for B Read
blk_mem_gen_v8_4_4 WARNING: Address 310 is outside range for B Read
blk_mem_gen_v8_4_4 WARNING: Address 310 is outside range for B Read
blk_mem_gen_v8_4_4 WARNING: Address 310 is outside range for B Read
blk_mem_gen_v8_4_4 WARNING: Address 310 is outside range for B Read
blk_mem_gen_v8_4_4 WARNING: Address 310 is outside range for B Read
blk_mem_gen_v8_4_4 WARNING: Address 310 is outside range for B Read
blk_mem_gen_v8_4_4 WARNING: Address 310 is outside range for B Read
blk_mem_gen_v8_4_4 WARNING: Address 310 is outside range for B Read
blk_mem_gen_v8_4_4 WARNING: Address 310 is outside range for B Read
blk_mem_gen_v8_4_4 WARNING: Address 310 is outside range for B Read
blk_mem_gen_v8_4_4 WARNING: Address 310 is outside range for B Read
blk_mem_gen_v8_4_4 WARNING: Address 310 is outside range for B Read
blk_mem_gen_v8_4_4 WARNING: Address 310 is outside range for B Read
blk_mem_gen_v8_4_4 WARNING: Address 310 is outside range for B Read
blk_mem_gen_v8_4_4 WARNING: Address 310 is outside range for B Read
blk_mem_gen_v8_4_4 WARNING: Address 310 is outside range for B Read
blk_mem_gen_v8_4_4 WARNING: Address 310 is outside range for B Read
blk_mem_gen_v8_4_4 WARNING: Address 310 is outside range for B Read
blk_mem_gen_v8_4_4 WARNING: Address 310 is outside range for B Read
blk_mem_gen_v8_4_4 WARNING: Address 310 is outside range for B Read
blk_mem_gen_v8_4_4 WARNING: Address 310 is outside range for B Read
blk_mem_gen_v8_4_4 WARNING: Address 310 is outside range for B Read
blk_mem_gen_v8_4_4 WARNING: Address 310 is outside range for B Read
blk_mem_gen_v8_4_4 WARNING: Address 310 is outside range for B Read
blk_mem_gen_v8_4_4 WARNING: Address 310 is outside range for B Read
blk_mem_gen_v8_4_4 WARNING: Address 310 is outside range for B Read
blk_mem_gen_v8_4_4 WARNING: Address 310 is outside range for B Read
blk_mem_gen_v8_4_4 WARNING: Address 310 is outside range for B Read
blk_mem_gen_v8_4_4 WARNING: Address 310 is outside range for B Read
blk_mem_gen_v8_4_4 WARNING: Address 310 is outside range for B Read
blk_mem_gen_v8_4_4 WARNING: Address 310 is outside range for B Read
blk_mem_gen_v8_4_4 WARNING: Address 310 is outside range for B Read
blk_mem_gen_v8_4_4 WARNING: Address 310 is outside range for B Read
blk_mem_gen_v8_4_4 WARNING: Address 310 is outside range for B Read
blk_mem_gen_v8_4_4 WARNING: Address 310 is outside range for B Read
blk_mem_gen_v8_4_4 WARNING: Address 310 is outside range for B Read
blk_mem_gen_v8_4_4 WARNING: Address 310 is outside range for B Read
blk_mem_gen_v8_4_4 WARNING: Address 310 is outside range for B Read
blk_mem_gen_v8_4_4 WARNING: Address 310 is outside range for B Read
blk_mem_gen_v8_4_4 WARNING: Address 310 is outside range for B Read
blk_mem_gen_v8_4_4 WARNING: Address 310 is outside range for B Read
blk_mem_gen_v8_4_4 WARNING: Address 310 is outside range for B Read
$finish called at time : 111375 ns : File "C:/git_repos/mnist_neuralnet/fpga/projects/10_9/10_9.srcs/sim_1/new/design_2_tb.v" Line 139
