Vivado Simulator 2019.2
Copyright 1986-1999, 2001-2019 Xilinx, Inc. All Rights Reserved.
Running: C:/Xilinx/Vivado/2019.2/bin/unwrapped/win64.o/xelab.exe -wto 50a88209907342ca92f0ad2cc65d1879 --incr --debug typical --relax --mt 2 -L xbip_utils_v3_0_10 -L c_reg_fd_v12_0_6 -L xbip_dsp48_wrapper_v3_0_4 -L xbip_pipe_v3_0_6 -L xbip_dsp48_addsub_v3_0_6 -L xbip_addsub_v3_0_6 -L c_addsub_v12_0_14 -L xbip_dsp48_acc_v3_0_6 -L xbip_accum_v3_0_6 -L c_accum_v12_0_14 -L xil_defaultlib -L xbip_dsp48_macro_v3_0_17 -L unisims_ver -L unimacro_ver -L secureip -L xpm --snapshot cluster_tb_behav xil_defaultlib.cluster_tb xil_defaultlib.glbl -log elaborate.log 
Using 2 slave threads.
Starting static elaboration
Pass Through NonSizing Optimizer
WARNING: [VRFC 10-3091] actual bit length 4 differs from formal bit length 64 for port 'a_tdata' [C:/git_repos/mnist_neuralnet/fpga/milestone2/source/cluster/tb/cluster_tb.v:13]
WARNING: [VRFC 10-5021] port 'RSTN' is not connected on this instance [C:/git_repos/mnist_neuralnet/fpga/milestone2/source/cluster/rtl/cluster.v:93]
Completed static elaboration
Starting simulation data flow analysis
Completed simulation data flow analysis
Time Resolution for simulation is 1ps
Compiling package std.standard
Compiling package std.textio
Compiling package ieee.std_logic_1164
Compiling package ieee.numeric_std
Compiling package xbip_utils_v3_0_10.xbip_utils_v3_0_10_pkg
Compiling package xbip_dsp48_macro_v3_0_17.xbip_dsp48_macro_v3_0_17_viv_com...
Compiling package xbip_dsp48_macro_v3_0_17.xbip_dsp48_macro_v3_0_17_pkg
Compiling package unisim.vcomponents
Compiling package ieee.std_logic_arith
Compiling package ieee.std_logic_signed
Compiling package ieee.vital_timing
Compiling package ieee.vital_primitives
Compiling package unisim.vpkg
Compiling package c_accum_v12_0_14.c_accum_v12_0_14_viv_comp
Compiling package xbip_accum_v3_0_6.xbip_accum_v3_0_6_viv_comp
Compiling package ieee.std_logic_unsigned
Compiling package xbip_accum_v3_0_6.xbip_accum_v3_0_6_pkg
Compiling package c_accum_v12_0_14.c_accum_v12_0_14_pkg
Compiling package c_addsub_v12_0_14.c_addsub_v12_0_14_pkg_legacy
Compiling package c_reg_fd_v12_0_6.c_reg_fd_v12_0_6_viv_comp
Compiling package c_addsub_v12_0_14.c_addsub_v12_0_14_pkg
Compiling architecture synth of entity xbip_pipe_v3_0_6.xbip_pipe_v3_0_6_viv [\xbip_pipe_v3_0_6_viv(c_width=25...]
Compiling architecture synth of entity xbip_pipe_v3_0_6.xbip_pipe_v3_0_6_viv [\xbip_pipe_v3_0_6_viv(c_width=18...]
Compiling architecture synth of entity xbip_pipe_v3_0_6.xbip_pipe_v3_0_6_viv [\xbip_pipe_v3_0_6_viv(c_width=48...]
Compiling architecture dsp48e1_v of entity unisim.DSP48E1 [\DSP48E1(acascreg=0,adreg=0,alum...]
Compiling architecture synth of entity xbip_dsp48_wrapper_v3_0_4.xbip_dsp48e1_wrapper_v3_0 [\xbip_dsp48e1_wrapper_v3_0(acasc...]
Compiling architecture synth of entity xbip_pipe_v3_0_6.xbip_pipe_v3_0_6_viv [\xbip_pipe_v3_0_6_viv(c_width=24...]
Compiling architecture synth of entity xbip_pipe_v3_0_6.xbip_pipe_v3_0_6_viv [\xbip_pipe_v3_0_6_viv(1,1)(1,1)\]
Compiling architecture synth of entity xbip_dsp48_macro_v3_0_17.xbip_dsp48_macro_synth [\xbip_dsp48_macro_synth(c_xdevic...]
Compiling architecture synth of entity xbip_dsp48_macro_v3_0_17.xbip_dsp48_macro_v3_0_17_viv [\xbip_dsp48_macro_v3_0_17_viv(c_...]
Compiling architecture xilinx of entity xbip_dsp48_macro_v3_0_17.xbip_dsp48_macro_v3_0_17 [\xbip_dsp48_macro_v3_0_17(c_xdev...]
Compiling architecture xbip_dsp48_macro_0_arch of entity xil_defaultlib.xbip_dsp48_macro_0 [xbip_dsp48_macro_0_default]
Compiling module xil_defaultlib.DSP_overpack_wrapper
Compiling architecture structural of entity c_reg_fd_v12_0_6.c_reg_fd_v12_0_6_viv [\c_reg_fd_v12_0_6_viv(c_width=18...]
Compiling architecture muxcy_v of entity unisim.MUXCY [muxcy_default]
Compiling architecture xorcy_v of entity unisim.XORCY [xorcy_default]
Compiling architecture rtl of entity c_addsub_v12_0_14.c_addsub_v12_0_14_lut6_legacy [\c_addsub_v12_0_14_lut6_legacy(c...]
Compiling architecture synth of entity c_addsub_v12_0_14.c_addsub_v12_0_14_fabric_legacy [\c_addsub_v12_0_14_fabric_legacy...]
Compiling architecture synth of entity c_addsub_v12_0_14.c_addsub_v12_0_14_legacy [\c_addsub_v12_0_14_legacy(c_fami...]
Compiling architecture struct of entity c_accum_v12_0_14.c_accum_v12_0_14_fabric_legacy [\c_accum_v12_0_14_fabric_legacy(...]
Compiling architecture rtl of entity c_accum_v12_0_14.c_accum_v12_0_14_legacy [\c_accum_v12_0_14_legacy(c_famil...]
Compiling architecture synth of entity c_accum_v12_0_14.c_accum_v12_0_14_viv [\c_accum_v12_0_14_viv(c_xdevicef...]
Compiling architecture xilinx of entity c_accum_v12_0_14.c_accum_v12_0_14 [\c_accum_v12_0_14(c_xdevicefamil...]
Compiling architecture c_accum_0_arch of entity xil_defaultlib.c_accum_0 [c_accum_0_default]
Compiling module xil_defaultlib.cluster_default
Compiling module xil_defaultlib.cluster_tb
Compiling module xil_defaultlib.glbl
Built simulation snapshot cluster_tb_behav
