#-----------------------------------------------------------
# Webtalk v2019.2 (64-bit)
# SW Build 2708876 on Wed Nov  6 21:40:23 MST 2019
# 
# Start of session at: Wed Oct  2 13:27:04 2024
# Process ID: 2192
# Current directory: C:/git_repos/mnist_neuralnet/fpga/projects/9_18/webtalk
# Command line: wbtcv.exe -mode batch -source vitis_webtalk.tcl
# Log file: C:/git_repos/mnist_neuralnet/fpga/projects/9_18/webtalk/webtalk.log
# Journal file: C:/git_repos/mnist_neuralnet/fpga/projects/9_18/webtalk\webtalk.jou
#-----------------------------------------------------------
source vitis_webtalk.tcl
# webtalk_init -webtalk_dir C:\\git_repos\\mnist_neuralnet\\fpga\\projects\\9_18\\webtalk
# webtalk_register_client -client project
# webtalk_add_data -client project -key date_generated -value "2024-10-02 13:27:02" -context "software_version_and_target_device"
# webtalk_add_data -client project -key product_version -value "Vitis v2019.2" -context "software_version_and_target_device"
# webtalk_add_data -client project -key build_version -value "2019.2" -context "software_version_and_target_device"
# webtalk_add_data -client project -key os_platform -value "amd64" -context "software_version_and_target_device"
# webtalk_add_data -client project -key registration_id -value "212970010_0_0_848" -context "software_version_and_target_device"
# webtalk_add_data -client project -key tool_flow -value "Vitis" -context "software_version_and_target_device"
# webtalk_add_data -client project -key beta -value "false" -context "software_version_and_target_device"
# webtalk_add_data -client project -key route_design -value "NA" -context "software_version_and_target_device"
# webtalk_add_data -client project -key target_family -value "NA" -context "software_version_and_target_device"
# webtalk_add_data -client project -key target_device -value "NA" -context "software_version_and_target_device"
# webtalk_add_data -client project -key target_package -value "NA" -context "software_version_and_target_device"
# webtalk_add_data -client project -key target_speed -value "NA" -context "software_version_and_target_device"
# webtalk_add_data -client project -key random_id -value "2cp9o4npjjeco4rj8lgd2v1ejn" -context "software_version_and_target_device"
# webtalk_add_data -client project -key project_id -value "2019.2_34" -context "software_version_and_target_device"
# webtalk_add_data -client project -key project_iteration -value "34" -context "software_version_and_target_device"
# webtalk_add_data -client project -key os_name -value "Microsoft Windows 8 or later , 64-bit" -context "user_environment"
# webtalk_add_data -client project -key os_release -value "major release  (build 9200)" -context "user_environment"
# webtalk_add_data -client project -key cpu_name -value "Intel(R) Core(TM) i7-8565U CPU @ 1.80GHz" -context "user_environment"
# webtalk_add_data -client project -key cpu_speed -value "1992 MHz" -context "user_environment"
# webtalk_add_data -client project -key total_processors -value "1" -context "user_environment"
# webtalk_add_data -client project -key system_ram -value "16.941 GB" -context "user_environment"
# webtalk_register_client -client vitis
# webtalk_add_data -client vitis -key uid -value "1727891608104" -context "vitis\\\\platform/1727891608104"
# webtalk_add_data -client vitis -key platform_source -value "dsa" -context "vitis\\\\platform/1727891608104"
# webtalk_add_data -client vitis -key os -value "standalone" -context "vitis\\\\platform/1727891608104"
# webtalk_add_data -client vitis -key processor -value "ps7_cortexa9" -context "vitis\\\\platform/1727891608104"
# webtalk_add_data -client vitis -key platform -value "NA" -context "vitis\\\\platform/1727891608104"
# webtalk_add_data -client vitis -key uid -value "1727892601267" -context "vitis\\\\application/1727892601267"
# webtalk_add_data -client vitis -key project_type -value "sdk" -context "vitis\\\\application/1727892601267"
# webtalk_add_data -client vitis -key os -value "standalone" -context "vitis\\\\application/1727892601267"
# webtalk_add_data -client vitis -key processor -value "cortex-a9" -context "vitis\\\\application/1727892601267"
# webtalk_add_data -client vitis -key runtime -value "C/C++" -context "vitis\\\\application/1727892601267"
# webtalk_add_data -client vitis -key template -value "sdk" -context "vitis\\\\application/1727892601267"
# webtalk_add_data -client vitis -key platform -value "custom" -context "vitis\\\\application/1727892601267"
# webtalk_add_data -client vitis -key platform_type -value "fixed" -context "vitis\\\\application/1727892601267"
# webtalk_add_data -client vitis -key application_type -value "application" -context "vitis\\\\application/1727892601267"
# webtalk_add_data -client vitis -key platform_source -value "platform" -context "vitis\\\\application/1727892601267"
# webtalk_add_data -client vitis -key device_family -value "zynq" -context "vitis\\\\application/1727892601267"
# webtalk_add_data -client vitis -key fpga -value "xc7z010" -context "vitis\\\\application/1727892601267"
# webtalk_transmit -clientid 2309326536 -regid "212970010_0_0_848" -xml C:\\git_repos\\mnist_neuralnet\\fpga\\projects\\9_18\\webtalk\\usage_statistics_ext_vitis.xml -html C:\\git_repos\\mnist_neuralnet\\fpga\\projects\\9_18\\webtalk\\usage_statistics_ext_vitis.html -wdm C:\\git_repos\\mnist_neuralnet\\fpga\\projects\\9_18\\webtalk\\vitis_webtalk.wdm -intro "<H3>Vitis Usage Report</H3><BR>"
# webtalk_terminate
INFO: [Common 17-206] Exiting Webtalk at Wed Oct  2 13:27:06 2024...
