Copyright 1986-2019 Xilinx, Inc. All Rights Reserved.
------------------------------------------------------------------------------------
| Tool Version : Vivado v.2019.2 (win64) Build 2708876 Wed Nov  6 21:40:23 MST 2019
| Date         : Wed Sep 18 11:57:57 2024
| Host         : DESKTOP-L93G0Q0 running 64-bit major release  (build 9200)
| Command      : upgrade_ip
| Device       : xc7z010clg400-1
------------------------------------------------------------------------------------

Upgrade Log for IP 'layer_0_image_loader_module_0_0'

1. Summary
----------

SUCCESS in the upgrade of layer_0_image_loader_module_0_0 (xilinx.com:user:image_loader_module:1.0) from (Rev. 2) to (Rev. 3)






Copyright 1986-2019 Xilinx, Inc. All Rights Reserved.
------------------------------------------------------------------------------------
| Tool Version : Vivado v.2019.2 (win64) Build 2708876 Wed Nov  6 21:40:23 MST 2019
| Date         : Wed Sep 18 11:54:38 2024
| Host         : DESKTOP-L93G0Q0 running 64-bit major release  (build 9200)
| Command      : upgrade_ip
| Device       : xc7z010clg400-1
------------------------------------------------------------------------------------

Upgrade Log for IP 'layer_0_perceptron_0_2'

1. Summary
----------

SUCCESS in the upgrade of layer_0_perceptron_0_2 (xilinx.com:user:perceptron:1.0) from (Rev. 1) to (Rev. 2)






Copyright 1986-2019 Xilinx, Inc. All Rights Reserved.
------------------------------------------------------------------------------------
| Tool Version : Vivado v.2019.2 (win64) Build 2708876 Wed Nov  6 21:40:23 MST 2019
| Date         : Wed Sep 18 11:54:38 2024
| Host         : DESKTOP-L93G0Q0 running 64-bit major release  (build 9200)
| Command      : upgrade_ip
| Device       : xc7z010clg400-1
------------------------------------------------------------------------------------

Upgrade Log for IP 'layer_0_perceptron_0_1'

1. Summary
----------

SUCCESS in the upgrade of layer_0_perceptron_0_1 (xilinx.com:user:perceptron:1.0) from (Rev. 1) to (Rev. 2)






Copyright 1986-2019 Xilinx, Inc. All Rights Reserved.
------------------------------------------------------------------------------------
| Tool Version : Vivado v.2019.2 (win64) Build 2708876 Wed Nov  6 21:40:23 MST 2019
| Date         : Wed Sep 18 11:54:38 2024
| Host         : DESKTOP-L93G0Q0 running 64-bit major release  (build 9200)
| Command      : upgrade_ip
| Device       : xc7z010clg400-1
------------------------------------------------------------------------------------

Upgrade Log for IP 'layer_0_perceptron_0_0'

1. Summary
----------

SUCCESS in the upgrade of layer_0_perceptron_0_0 (xilinx.com:user:perceptron:1.0) from (Rev. 1) to (Rev. 2)






Copyright 1986-2019 Xilinx, Inc. All Rights Reserved.
------------------------------------------------------------------------------------
| Tool Version : Vivado v.2019.2 (win64) Build 2708876 Wed Nov  6 21:40:23 MST 2019
| Date         : Wed Sep 18 10:41:46 2024
| Host         : DESKTOP-L93G0Q0 running 64-bit major release  (build 9200)
| Command      : upgrade_ip
| Device       : xc7z010clg400-1
------------------------------------------------------------------------------------

Upgrade Log for IP 'layer_0_perceptron_0_2'

1. Summary
----------

SUCCESS in the upgrade of layer_0_perceptron_0_2 (xilinx.com:user:perceptron:1.0) from (Rev. 5) to (Rev. 1)






Copyright 1986-2019 Xilinx, Inc. All Rights Reserved.
------------------------------------------------------------------------------------
| Tool Version : Vivado v.2019.2 (win64) Build 2708876 Wed Nov  6 21:40:23 MST 2019
| Date         : Wed Sep 18 10:41:46 2024
| Host         : DESKTOP-L93G0Q0 running 64-bit major release  (build 9200)
| Command      : upgrade_ip
| Device       : xc7z010clg400-1
------------------------------------------------------------------------------------

Upgrade Log for IP 'layer_0_perceptron_0_1'

1. Summary
----------

SUCCESS in the upgrade of layer_0_perceptron_0_1 (xilinx.com:user:perceptron:1.0) from (Rev. 5) to (Rev. 1)






Copyright 1986-2019 Xilinx, Inc. All Rights Reserved.
------------------------------------------------------------------------------------
| Tool Version : Vivado v.2019.2 (win64) Build 2708876 Wed Nov  6 21:40:23 MST 2019
| Date         : Wed Sep 18 10:41:46 2024
| Host         : DESKTOP-L93G0Q0 running 64-bit major release  (build 9200)
| Command      : upgrade_ip
| Device       : xc7z010clg400-1
------------------------------------------------------------------------------------

Upgrade Log for IP 'layer_0_perceptron_0_0'

1. Summary
----------

SUCCESS in the upgrade of layer_0_perceptron_0_0 (xilinx.com:user:perceptron:1.0) from (Rev. 5) to (Rev. 1)

