Vivado Simulator 2019.2
Time resolution is 1 ps
Block Memory Generator module PL_NN_sim_tb.uut.PL_NN_sim_i.image_loader_module_0.inst.IMG_LOADER.bram.inst.native_mem_module.blk_mem_gen_v8_4_4_inst is using a behavioral model for simulation which will not precisely model memory collision behavior.
Block Memory Generator module PL_NN_sim_tb.uut.PL_NN_sim_i.perceptron_0.inst.WEIGHT_MEMORY.bram.inst.native_mem_module.blk_mem_gen_v8_4_4_inst is using a behavioral model for simulation which will not precisely model memory collision behavior.
Block Memory Generator module PL_NN_sim_tb.uut.PL_NN_sim_i.perceptron_1.inst.WEIGHT_MEMORY.bram.inst.native_mem_module.blk_mem_gen_v8_4_4_inst is using a behavioral model for simulation which will not precisely model memory collision behavior.
Block Memory Generator module PL_NN_sim_tb.uut.PL_NN_sim_i.perceptron_18.inst.WEIGHT_MEMORY.bram.inst.native_mem_module.blk_mem_gen_v8_4_4_inst is using a behavioral model for simulation which will not precisely model memory collision behavior.
Block Memory Generator module PL_NN_sim_tb.uut.PL_NN_sim_i.perceptron_19.inst.WEIGHT_MEMORY.bram.inst.native_mem_module.blk_mem_gen_v8_4_4_inst is using a behavioral model for simulation which will not precisely model memory collision behavior.
Block Memory Generator module PL_NN_sim_tb.uut.PL_NN_sim_i.perceptron_2.inst.WEIGHT_MEMORY.bram.inst.native_mem_module.blk_mem_gen_v8_4_4_inst is using a behavioral model for simulation which will not precisely model memory collision behavior.
Block Memory Generator module PL_NN_sim_tb.uut.PL_NN_sim_i.perceptron_20.inst.WEIGHT_MEMORY.bram.inst.native_mem_module.blk_mem_gen_v8_4_4_inst is using a behavioral model for simulation which will not precisely model memory collision behavior.
Block Memory Generator module PL_NN_sim_tb.uut.PL_NN_sim_i.perceptron_21.inst.WEIGHT_MEMORY.bram.inst.native_mem_module.blk_mem_gen_v8_4_4_inst is using a behavioral model for simulation which will not precisely model memory collision behavior.
Block Memory Generator module PL_NN_sim_tb.uut.PL_NN_sim_i.perceptron_22.inst.WEIGHT_MEMORY.bram.inst.native_mem_module.blk_mem_gen_v8_4_4_inst is using a behavioral model for simulation which will not precisely model memory collision behavior.
Block Memory Generator module PL_NN_sim_tb.uut.PL_NN_sim_i.perceptron_23.inst.WEIGHT_MEMORY.bram.inst.native_mem_module.blk_mem_gen_v8_4_4_inst is using a behavioral model for simulation which will not precisely model memory collision behavior.
Block Memory Generator module PL_NN_sim_tb.uut.PL_NN_sim_i.perceptron_24.inst.WEIGHT_MEMORY.bram.inst.native_mem_module.blk_mem_gen_v8_4_4_inst is using a behavioral model for simulation which will not precisely model memory collision behavior.
Block Memory Generator module PL_NN_sim_tb.uut.PL_NN_sim_i.perceptron_25.inst.WEIGHT_MEMORY.bram.inst.native_mem_module.blk_mem_gen_v8_4_4_inst is using a behavioral model for simulation which will not precisely model memory collision behavior.
Block Memory Generator module PL_NN_sim_tb.uut.PL_NN_sim_i.perceptron_26.inst.WEIGHT_MEMORY.bram.inst.native_mem_module.blk_mem_gen_v8_4_4_inst is using a behavioral model for simulation which will not precisely model memory collision behavior.
Block Memory Generator module PL_NN_sim_tb.uut.PL_NN_sim_i.perceptron_27.inst.WEIGHT_MEMORY.bram.inst.native_mem_module.blk_mem_gen_v8_4_4_inst is using a behavioral model for simulation which will not precisely model memory collision behavior.
Block Memory Generator module PL_NN_sim_tb.uut.PL_NN_sim_i.perceptron_3.inst.WEIGHT_MEMORY.bram.inst.native_mem_module.blk_mem_gen_v8_4_4_inst is using a behavioral model for simulation which will not precisely model memory collision behavior.
Block Memory Generator module PL_NN_sim_tb.uut.PL_NN_sim_i.perceptron_4.inst.WEIGHT_MEMORY.bram.inst.native_mem_module.blk_mem_gen_v8_4_4_inst is using a behavioral model for simulation which will not precisely model memory collision behavior.
Block Memory Generator module PL_NN_sim_tb.uut.PL_NN_sim_i.perceptron_5.inst.WEIGHT_MEMORY.bram.inst.native_mem_module.blk_mem_gen_v8_4_4_inst is using a behavioral model for simulation which will not precisely model memory collision behavior.
Block Memory Generator module PL_NN_sim_tb.uut.PL_NN_sim_i.perceptron_6.inst.WEIGHT_MEMORY.bram.inst.native_mem_module.blk_mem_gen_v8_4_4_inst is using a behavioral model for simulation which will not precisely model memory collision behavior.
Block Memory Generator module PL_NN_sim_tb.uut.PL_NN_sim_i.perceptron_7.inst.WEIGHT_MEMORY.bram.inst.native_mem_module.blk_mem_gen_v8_4_4_inst is using a behavioral model for simulation which will not precisely model memory collision behavior.
Block Memory Generator module PL_NN_sim_tb.uut.PL_NN_sim_i.perceptron_8.inst.WEIGHT_MEMORY.bram.inst.native_mem_module.blk_mem_gen_v8_4_4_inst is using a behavioral model for simulation which will not precisely model memory collision behavior.
Block Memory Generator module PL_NN_sim_tb.uut.PL_NN_sim_i.perceptron_9.inst.WEIGHT_MEMORY.bram.inst.native_mem_module.blk_mem_gen_v8_4_4_inst is using a behavioral model for simulation which will not precisely model memory collision behavior.
blk_mem_gen_v8_4_4 collision detected at time: 690000, Instance: PL_NN_sim_tb.uut.PL_NN_sim_i.perceptron_0.inst.WEIGHT_MEMORY.bram.inst.native_mem_module.blk_mem_gen_v8_4_4_inst, A write address: 0, B  read address: 0
blk_mem_gen_v8_4_4 collision detected at time: 850000, Instance: PL_NN_sim_tb.uut.PL_NN_sim_i.perceptron_1.inst.WEIGHT_MEMORY.bram.inst.native_mem_module.blk_mem_gen_v8_4_4_inst, A write address: 0, B  read address: 0
blk_mem_gen_v8_4_4 collision detected at time: 1010000, Instance: PL_NN_sim_tb.uut.PL_NN_sim_i.perceptron_2.inst.WEIGHT_MEMORY.bram.inst.native_mem_module.blk_mem_gen_v8_4_4_inst, A write address: 0, B  read address: 0
blk_mem_gen_v8_4_4 collision detected at time: 1170000, Instance: PL_NN_sim_tb.uut.PL_NN_sim_i.perceptron_3.inst.WEIGHT_MEMORY.bram.inst.native_mem_module.blk_mem_gen_v8_4_4_inst, A write address: 0, B  read address: 0
blk_mem_gen_v8_4_4 collision detected at time: 1330000, Instance: PL_NN_sim_tb.uut.PL_NN_sim_i.perceptron_4.inst.WEIGHT_MEMORY.bram.inst.native_mem_module.blk_mem_gen_v8_4_4_inst, A write address: 0, B  read address: 0
blk_mem_gen_v8_4_4 collision detected at time: 1490000, Instance: PL_NN_sim_tb.uut.PL_NN_sim_i.perceptron_5.inst.WEIGHT_MEMORY.bram.inst.native_mem_module.blk_mem_gen_v8_4_4_inst, A write address: 0, B  read address: 0
blk_mem_gen_v8_4_4 collision detected at time: 1650000, Instance: PL_NN_sim_tb.uut.PL_NN_sim_i.perceptron_6.inst.WEIGHT_MEMORY.bram.inst.native_mem_module.blk_mem_gen_v8_4_4_inst, A write address: 0, B  read address: 0
blk_mem_gen_v8_4_4 collision detected at time: 1810000, Instance: PL_NN_sim_tb.uut.PL_NN_sim_i.perceptron_7.inst.WEIGHT_MEMORY.bram.inst.native_mem_module.blk_mem_gen_v8_4_4_inst, A write address: 0, B  read address: 0
blk_mem_gen_v8_4_4 collision detected at time: 1970000, Instance: PL_NN_sim_tb.uut.PL_NN_sim_i.perceptron_8.inst.WEIGHT_MEMORY.bram.inst.native_mem_module.blk_mem_gen_v8_4_4_inst, A write address: 0, B  read address: 0
blk_mem_gen_v8_4_4 collision detected at time: 2130000, Instance: PL_NN_sim_tb.uut.PL_NN_sim_i.perceptron_9.inst.WEIGHT_MEMORY.bram.inst.native_mem_module.blk_mem_gen_v8_4_4_inst, A write address: 0, B  read address: 0
blk_mem_gen_v8_4_4 collision detected at time: 2290000, Instance: PL_NN_sim_tb.uut.PL_NN_sim_i.image_loader_module_0.inst.IMG_LOADER.bram.inst.native_mem_module.blk_mem_gen_v8_4_4_inst, A write address: 0, B  read address: 0
blk_mem_gen_v8_4_4 collision detected at time: 2630000, Instance: PL_NN_sim_tb.uut.PL_NN_sim_i.perceptron_18.inst.WEIGHT_MEMORY.bram.inst.native_mem_module.blk_mem_gen_v8_4_4_inst, A write address: 0, B  read address: 0
blk_mem_gen_v8_4_4 collision detected at time: 2790000, Instance: PL_NN_sim_tb.uut.PL_NN_sim_i.perceptron_19.inst.WEIGHT_MEMORY.bram.inst.native_mem_module.blk_mem_gen_v8_4_4_inst, A write address: 0, B  read address: 0
blk_mem_gen_v8_4_4 collision detected at time: 2950000, Instance: PL_NN_sim_tb.uut.PL_NN_sim_i.perceptron_20.inst.WEIGHT_MEMORY.bram.inst.native_mem_module.blk_mem_gen_v8_4_4_inst, A write address: 0, B  read address: 0
blk_mem_gen_v8_4_4 collision detected at time: 3110000, Instance: PL_NN_sim_tb.uut.PL_NN_sim_i.perceptron_21.inst.WEIGHT_MEMORY.bram.inst.native_mem_module.blk_mem_gen_v8_4_4_inst, A write address: 0, B  read address: 0
blk_mem_gen_v8_4_4 collision detected at time: 3270000, Instance: PL_NN_sim_tb.uut.PL_NN_sim_i.perceptron_22.inst.WEIGHT_MEMORY.bram.inst.native_mem_module.blk_mem_gen_v8_4_4_inst, A write address: 0, B  read address: 0
blk_mem_gen_v8_4_4 collision detected at time: 3430000, Instance: PL_NN_sim_tb.uut.PL_NN_sim_i.perceptron_23.inst.WEIGHT_MEMORY.bram.inst.native_mem_module.blk_mem_gen_v8_4_4_inst, A write address: 0, B  read address: 0
blk_mem_gen_v8_4_4 collision detected at time: 3590000, Instance: PL_NN_sim_tb.uut.PL_NN_sim_i.perceptron_24.inst.WEIGHT_MEMORY.bram.inst.native_mem_module.blk_mem_gen_v8_4_4_inst, A write address: 0, B  read address: 0
blk_mem_gen_v8_4_4 collision detected at time: 3750000, Instance: PL_NN_sim_tb.uut.PL_NN_sim_i.perceptron_25.inst.WEIGHT_MEMORY.bram.inst.native_mem_module.blk_mem_gen_v8_4_4_inst, A write address: 0, B  read address: 0
blk_mem_gen_v8_4_4 collision detected at time: 3910000, Instance: PL_NN_sim_tb.uut.PL_NN_sim_i.perceptron_26.inst.WEIGHT_MEMORY.bram.inst.native_mem_module.blk_mem_gen_v8_4_4_inst, A write address: 0, B  read address: 0
blk_mem_gen_v8_4_4 collision detected at time: 4070000, Instance: PL_NN_sim_tb.uut.PL_NN_sim_i.perceptron_27.inst.WEIGHT_MEMORY.bram.inst.native_mem_module.blk_mem_gen_v8_4_4_inst, A write address: 0, B  read address: 0
DONE LOADING DATA
blk_mem_gen_v8_4_4 WARNING: Address 310 is outside range for B Read
blk_mem_gen_v8_4_4 WARNING: Address 310 is outside range for B Read
blk_mem_gen_v8_4_4 WARNING: Address 310 is outside range for B Read
blk_mem_gen_v8_4_4 WARNING: Address 310 is outside range for B Read
blk_mem_gen_v8_4_4 WARNING: Address 310 is outside range for B Read
blk_mem_gen_v8_4_4 WARNING: Address 310 is outside range for B Read
blk_mem_gen_v8_4_4 WARNING: Address 310 is outside range for B Read
blk_mem_gen_v8_4_4 WARNING: Address 310 is outside range for B Read
blk_mem_gen_v8_4_4 WARNING: Address 310 is outside range for B Read
blk_mem_gen_v8_4_4 WARNING: Address 310 is outside range for B Read
blk_mem_gen_v8_4_4 WARNING: Address 310 is outside range for B Read
blk_mem_gen_v8_4_4 WARNING: Address 310 is outside range for B Read
blk_mem_gen_v8_4_4 WARNING: Address 310 is outside range for B Read
blk_mem_gen_v8_4_4 WARNING: Address 310 is outside range for B Read
blk_mem_gen_v8_4_4 WARNING: Address 310 is outside range for B Read
blk_mem_gen_v8_4_4 WARNING: Address 310 is outside range for B Read
blk_mem_gen_v8_4_4 WARNING: Address 310 is outside range for B Read
blk_mem_gen_v8_4_4 WARNING: Address 310 is outside range for B Read
blk_mem_gen_v8_4_4 WARNING: Address 310 is outside range for B Read
blk_mem_gen_v8_4_4 WARNING: Address 310 is outside range for B Read
blk_mem_gen_v8_4_4 WARNING: Address 310 is outside range for B Read
blk_mem_gen_v8_4_4 WARNING: Address 310 is outside range for B Read
blk_mem_gen_v8_4_4 WARNING: Address 310 is outside range for B Read
blk_mem_gen_v8_4_4 WARNING: Address 310 is outside range for B Read
blk_mem_gen_v8_4_4 WARNING: Address 310 is outside range for B Read
blk_mem_gen_v8_4_4 WARNING: Address 310 is outside range for B Read
blk_mem_gen_v8_4_4 WARNING: Address 310 is outside range for B Read
blk_mem_gen_v8_4_4 WARNING: Address 310 is outside range for B Read
blk_mem_gen_v8_4_4 WARNING: Address 310 is outside range for B Read
blk_mem_gen_v8_4_4 WARNING: Address 310 is outside range for B Read
blk_mem_gen_v8_4_4 WARNING: Address 310 is outside range for B Read
blk_mem_gen_v8_4_4 WARNING: Address 310 is outside range for B Read
blk_mem_gen_v8_4_4 WARNING: Address 310 is outside range for B Read
blk_mem_gen_v8_4_4 WARNING: Address 310 is outside range for B Read
blk_mem_gen_v8_4_4 WARNING: Address 310 is outside range for B Read
blk_mem_gen_v8_4_4 WARNING: Address 310 is outside range for B Read
blk_mem_gen_v8_4_4 WARNING: Address 310 is outside range for B Read
blk_mem_gen_v8_4_4 WARNING: Address 310 is outside range for B Read
blk_mem_gen_v8_4_4 WARNING: Address 310 is outside range for B Read
blk_mem_gen_v8_4_4 WARNING: Address 310 is outside range for B Read
blk_mem_gen_v8_4_4 WARNING: Address 310 is outside range for B Read
blk_mem_gen_v8_4_4 WARNING: Address 310 is outside range for B Read
blk_mem_gen_v8_4_4 WARNING: Address 310 is outside range for B Read
blk_mem_gen_v8_4_4 WARNING: Address 310 is outside range for B Read
blk_mem_gen_v8_4_4 WARNING: Address 310 is outside range for B Read
blk_mem_gen_v8_4_4 WARNING: Address 310 is outside range for B Read
blk_mem_gen_v8_4_4 WARNING: Address 310 is outside range for B Read
blk_mem_gen_v8_4_4 WARNING: Address 310 is outside range for B Read
blk_mem_gen_v8_4_4 WARNING: Address 310 is outside range for B Read
blk_mem_gen_v8_4_4 WARNING: Address 310 is outside range for B Read
blk_mem_gen_v8_4_4 WARNING: Address 310 is outside range for B Read
blk_mem_gen_v8_4_4 WARNING: Address 310 is outside range for B Read
blk_mem_gen_v8_4_4 WARNING: Address 310 is outside range for B Read
blk_mem_gen_v8_4_4 WARNING: Address 310 is outside range for B Read
blk_mem_gen_v8_4_4 WARNING: Address 310 is outside range for B Read
blk_mem_gen_v8_4_4 WARNING: Address 310 is outside range for B Read
blk_mem_gen_v8_4_4 WARNING: Address 310 is outside range for B Read
blk_mem_gen_v8_4_4 WARNING: Address 310 is outside range for B Read
blk_mem_gen_v8_4_4 WARNING: Address 310 is outside range for B Read
blk_mem_gen_v8_4_4 WARNING: Address 310 is outside range for B Read
blk_mem_gen_v8_4_4 WARNING: Address 310 is outside range for B Read
blk_mem_gen_v8_4_4 WARNING: Address 310 is outside range for B Read
blk_mem_gen_v8_4_4 WARNING: Address 310 is outside range for B Read
blk_mem_gen_v8_4_4 WARNING: Address 310 is outside range for B Read
blk_mem_gen_v8_4_4 WARNING: Address 310 is outside range for B Read
blk_mem_gen_v8_4_4 WARNING: Address 310 is outside range for B Read
blk_mem_gen_v8_4_4 WARNING: Address 310 is outside range for B Read
blk_mem_gen_v8_4_4 WARNING: Address 310 is outside range for B Read
blk_mem_gen_v8_4_4 WARNING: Address 310 is outside range for B Read
blk_mem_gen_v8_4_4 WARNING: Address 310 is outside range for B Read
blk_mem_gen_v8_4_4 WARNING: Address 310 is outside range for B Read
blk_mem_gen_v8_4_4 WARNING: Address 310 is outside range for B Read
blk_mem_gen_v8_4_4 WARNING: Address 310 is outside range for B Read
blk_mem_gen_v8_4_4 WARNING: Address 310 is outside range for B Read
blk_mem_gen_v8_4_4 WARNING: Address 310 is outside range for B Read
blk_mem_gen_v8_4_4 WARNING: Address 310 is outside range for B Read
blk_mem_gen_v8_4_4 WARNING: Address 310 is outside range for B Read
blk_mem_gen_v8_4_4 WARNING: Address 310 is outside range for B Read
blk_mem_gen_v8_4_4 WARNING: Address 310 is outside range for B Read
blk_mem_gen_v8_4_4 WARNING: Address 310 is outside range for B Read
blk_mem_gen_v8_4_4 WARNING: Address 310 is outside range for B Read
blk_mem_gen_v8_4_4 WARNING: Address 310 is outside range for B Read
blk_mem_gen_v8_4_4 WARNING: Address 310 is outside range for B Read
blk_mem_gen_v8_4_4 WARNING: Address 310 is outside range for B Read
blk_mem_gen_v8_4_4 WARNING: Address 310 is outside range for B Read
blk_mem_gen_v8_4_4 WARNING: Address 310 is outside range for B Read
blk_mem_gen_v8_4_4 WARNING: Address 310 is outside range for B Read
blk_mem_gen_v8_4_4 WARNING: Address 310 is outside range for B Read
blk_mem_gen_v8_4_4 WARNING: Address 310 is outside range for B Read
blk_mem_gen_v8_4_4 WARNING: Address 310 is outside range for B Read
blk_mem_gen_v8_4_4 WARNING: Address 310 is outside range for B Read
blk_mem_gen_v8_4_4 WARNING: Address 310 is outside range for B Read
blk_mem_gen_v8_4_4 WARNING: Address 310 is outside range for B Read
blk_mem_gen_v8_4_4 WARNING: Address 310 is outside range for B Read
blk_mem_gen_v8_4_4 WARNING: Address 310 is outside range for B Read
blk_mem_gen_v8_4_4 WARNING: Address 310 is outside range for B Read
blk_mem_gen_v8_4_4 WARNING: Address 310 is outside range for B Read
blk_mem_gen_v8_4_4 WARNING: Address 310 is outside range for B Read
blk_mem_gen_v8_4_4 WARNING: Address 310 is outside range for B Read
blk_mem_gen_v8_4_4 WARNING: Address 310 is outside range for B Read
blk_mem_gen_v8_4_4 WARNING: Address 310 is outside range for B Read
blk_mem_gen_v8_4_4 WARNING: Address 310 is outside range for B Read
blk_mem_gen_v8_4_4 WARNING: Address 310 is outside range for B Read
blk_mem_gen_v8_4_4 WARNING: Address 310 is outside range for B Read
blk_mem_gen_v8_4_4 WARNING: Address 310 is outside range for B Read
blk_mem_gen_v8_4_4 WARNING: Address 310 is outside range for B Read
blk_mem_gen_v8_4_4 WARNING: Address 310 is outside range for B Read
blk_mem_gen_v8_4_4 WARNING: Address 310 is outside range for B Read
blk_mem_gen_v8_4_4 WARNING: Address 310 is outside range for B Read
blk_mem_gen_v8_4_4 WARNING: Address 310 is outside range for B Read
blk_mem_gen_v8_4_4 WARNING: Address 310 is outside range for B Read
blk_mem_gen_v8_4_4 WARNING: Address 310 is outside range for B Read
blk_mem_gen_v8_4_4 WARNING: Address 310 is outside range for B Read
blk_mem_gen_v8_4_4 WARNING: Address 310 is outside range for B Read
blk_mem_gen_v8_4_4 WARNING: Address 310 is outside range for B Read
blk_mem_gen_v8_4_4 WARNING: Address 310 is outside range for B Read
blk_mem_gen_v8_4_4 WARNING: Address 310 is outside range for B Read
blk_mem_gen_v8_4_4 WARNING: Address 310 is outside range for B Read
blk_mem_gen_v8_4_4 WARNING: Address 310 is outside range for B Read
blk_mem_gen_v8_4_4 WARNING: Address 310 is outside range for B Read
blk_mem_gen_v8_4_4 WARNING: Address 310 is outside range for B Read
blk_mem_gen_v8_4_4 WARNING: Address 310 is outside range for B Read
blk_mem_gen_v8_4_4 WARNING: Address 310 is outside range for B Read
blk_mem_gen_v8_4_4 WARNING: Address 310 is outside range for B Read
blk_mem_gen_v8_4_4 WARNING: Address 310 is outside range for B Read
blk_mem_gen_v8_4_4 WARNING: Address 310 is outside range for B Read
blk_mem_gen_v8_4_4 WARNING: Address 310 is outside range for B Read
blk_mem_gen_v8_4_4 WARNING: Address 310 is outside range for B Read
blk_mem_gen_v8_4_4 WARNING: Address 310 is outside range for B Read
blk_mem_gen_v8_4_4 WARNING: Address 310 is outside range for B Read
blk_mem_gen_v8_4_4 WARNING: Address 310 is outside range for B Read
blk_mem_gen_v8_4_4 WARNING: Address 310 is outside range for B Read
blk_mem_gen_v8_4_4 WARNING: Address 310 is outside range for B Read
blk_mem_gen_v8_4_4 WARNING: Address 310 is outside range for B Read
blk_mem_gen_v8_4_4 WARNING: Address 310 is outside range for B Read
blk_mem_gen_v8_4_4 WARNING: Address 310 is outside range for B Read
blk_mem_gen_v8_4_4 WARNING: Address 310 is outside range for B Read
blk_mem_gen_v8_4_4 WARNING: Address 310 is outside range for B Read
blk_mem_gen_v8_4_4 WARNING: Address 310 is outside range for B Read
blk_mem_gen_v8_4_4 WARNING: Address 310 is outside range for B Read
blk_mem_gen_v8_4_4 WARNING: Address 310 is outside range for B Read
blk_mem_gen_v8_4_4 WARNING: Address 310 is outside range for B Read
blk_mem_gen_v8_4_4 WARNING: Address 310 is outside range for B Read
blk_mem_gen_v8_4_4 WARNING: Address 310 is outside range for B Read
blk_mem_gen_v8_4_4 WARNING: Address 310 is outside range for B Read
blk_mem_gen_v8_4_4 WARNING: Address 310 is outside range for B Read
blk_mem_gen_v8_4_4 WARNING: Address 310 is outside range for B Read
blk_mem_gen_v8_4_4 WARNING: Address 310 is outside range for B Read
blk_mem_gen_v8_4_4 WARNING: Address 310 is outside range for B Read
blk_mem_gen_v8_4_4 WARNING: Address 310 is outside range for B Read
blk_mem_gen_v8_4_4 WARNING: Address 310 is outside range for B Read
blk_mem_gen_v8_4_4 WARNING: Address 310 is outside range for B Read
blk_mem_gen_v8_4_4 WARNING: Address 310 is outside range for B Read
blk_mem_gen_v8_4_4 WARNING: Address 310 is outside range for B Read
blk_mem_gen_v8_4_4 WARNING: Address 310 is outside range for B Read
blk_mem_gen_v8_4_4 WARNING: Address 310 is outside range for B Read
blk_mem_gen_v8_4_4 WARNING: Address 310 is outside range for B Read
blk_mem_gen_v8_4_4 WARNING: Address 310 is outside range for B Read
blk_mem_gen_v8_4_4 WARNING: Address 310 is outside range for B Read
blk_mem_gen_v8_4_4 WARNING: Address 310 is outside range for B Read
blk_mem_gen_v8_4_4 WARNING: Address 310 is outside range for B Read
blk_mem_gen_v8_4_4 WARNING: Address 310 is outside range for B Read
blk_mem_gen_v8_4_4 WARNING: Address 310 is outside range for B Read
blk_mem_gen_v8_4_4 WARNING: Address 310 is outside range for B Read
blk_mem_gen_v8_4_4 WARNING: Address 310 is outside range for B Read
blk_mem_gen_v8_4_4 WARNING: Address 310 is outside range for B Read
blk_mem_gen_v8_4_4 WARNING: Address 310 is outside range for B Read
blk_mem_gen_v8_4_4 WARNING: Address 310 is outside range for B Read
blk_mem_gen_v8_4_4 WARNING: Address 310 is outside range for B Read
blk_mem_gen_v8_4_4 WARNING: Address 310 is outside range for B Read
blk_mem_gen_v8_4_4 WARNING: Address 310 is outside range for B Read
blk_mem_gen_v8_4_4 WARNING: Address 310 is outside range for B Read
blk_mem_gen_v8_4_4 WARNING: Address 310 is outside range for B Read
blk_mem_gen_v8_4_4 WARNING: Address 310 is outside range for B Read
blk_mem_gen_v8_4_4 WARNING: Address 310 is outside range for B Read
blk_mem_gen_v8_4_4 WARNING: Address 310 is outside range for B Read
blk_mem_gen_v8_4_4 WARNING: Address 310 is outside range for B Read
blk_mem_gen_v8_4_4 WARNING: Address 310 is outside range for B Read
blk_mem_gen_v8_4_4 WARNING: Address 310 is outside range for B Read
blk_mem_gen_v8_4_4 WARNING: Address 310 is outside range for B Read
blk_mem_gen_v8_4_4 WARNING: Address 310 is outside range for B Read
blk_mem_gen_v8_4_4 WARNING: Address 310 is outside range for B Read
blk_mem_gen_v8_4_4 WARNING: Address 310 is outside range for B Read
blk_mem_gen_v8_4_4 WARNING: Address 310 is outside range for B Read
blk_mem_gen_v8_4_4 WARNING: Address 310 is outside range for B Read
blk_mem_gen_v8_4_4 WARNING: Address 310 is outside range for B Read
blk_mem_gen_v8_4_4 WARNING: Address 310 is outside range for B Read
blk_mem_gen_v8_4_4 WARNING: Address 310 is outside range for B Read
blk_mem_gen_v8_4_4 WARNING: Address 310 is outside range for B Read
blk_mem_gen_v8_4_4 WARNING: Address 310 is outside range for B Read
blk_mem_gen_v8_4_4 WARNING: Address 310 is outside range for B Read
blk_mem_gen_v8_4_4 WARNING: Address 310 is outside range for B Read
blk_mem_gen_v8_4_4 WARNING: Address 310 is outside range for B Read
blk_mem_gen_v8_4_4 WARNING: Address 310 is outside range for B Read
blk_mem_gen_v8_4_4 WARNING: Address 310 is outside range for B Read
blk_mem_gen_v8_4_4 WARNING: Address 310 is outside range for B Read
blk_mem_gen_v8_4_4 WARNING: Address 310 is outside range for B Read
blk_mem_gen_v8_4_4 WARNING: Address 310 is outside range for B Read
blk_mem_gen_v8_4_4 WARNING: Address 310 is outside range for B Read
blk_mem_gen_v8_4_4 WARNING: Address 310 is outside range for B Read
blk_mem_gen_v8_4_4 WARNING: Address 310 is outside range for B Read
blk_mem_gen_v8_4_4 WARNING: Address 310 is outside range for B Read
blk_mem_gen_v8_4_4 WARNING: Address 310 is outside range for B Read
blk_mem_gen_v8_4_4 WARNING: Address 310 is outside range for B Read
blk_mem_gen_v8_4_4 WARNING: Address 310 is outside range for B Read
blk_mem_gen_v8_4_4 WARNING: Address 310 is outside range for B Read
blk_mem_gen_v8_4_4 WARNING: Address 310 is outside range for B Read
blk_mem_gen_v8_4_4 WARNING: Address 310 is outside range for B Read
blk_mem_gen_v8_4_4 WARNING: Address 310 is outside range for B Read
blk_mem_gen_v8_4_4 WARNING: Address 310 is outside range for B Read
blk_mem_gen_v8_4_4 WARNING: Address 310 is outside range for B Read
blk_mem_gen_v8_4_4 WARNING: Address 310 is outside range for B Read
blk_mem_gen_v8_4_4 WARNING: Address 310 is outside range for B Read
blk_mem_gen_v8_4_4 WARNING: Address 310 is outside range for B Read
blk_mem_gen_v8_4_4 WARNING: Address 310 is outside range for B Read
blk_mem_gen_v8_4_4 WARNING: Address 310 is outside range for B Read
blk_mem_gen_v8_4_4 WARNING: Address 310 is outside range for B Read
blk_mem_gen_v8_4_4 WARNING: Address 310 is outside range for B Read
blk_mem_gen_v8_4_4 WARNING: Address 310 is outside range for B Read
blk_mem_gen_v8_4_4 WARNING: Address 310 is outside range for B Read
blk_mem_gen_v8_4_4 WARNING: Address 310 is outside range for B Read
blk_mem_gen_v8_4_4 WARNING: Address 310 is outside range for B Read
blk_mem_gen_v8_4_4 WARNING: Address 310 is outside range for B Read
blk_mem_gen_v8_4_4 WARNING: Address 310 is outside range for B Read
blk_mem_gen_v8_4_4 WARNING: Address 310 is outside range for B Read
blk_mem_gen_v8_4_4 WARNING: Address 310 is outside range for B Read
blk_mem_gen_v8_4_4 WARNING: Address 310 is outside range for B Read
blk_mem_gen_v8_4_4 WARNING: Address 310 is outside range for B Read
blk_mem_gen_v8_4_4 WARNING: Address 310 is outside range for B Read
blk_mem_gen_v8_4_4 WARNING: Address 310 is outside range for B Read
blk_mem_gen_v8_4_4 WARNING: Address 310 is outside range for B Read
blk_mem_gen_v8_4_4 WARNING: Address 310 is outside range for B Read
blk_mem_gen_v8_4_4 WARNING: Address 310 is outside range for B Read
blk_mem_gen_v8_4_4 WARNING: Address 310 is outside range for B Read
blk_mem_gen_v8_4_4 WARNING: Address 310 is outside range for B Read
blk_mem_gen_v8_4_4 WARNING: Address 310 is outside range for B Read
blk_mem_gen_v8_4_4 WARNING: Address 310 is outside range for B Read
blk_mem_gen_v8_4_4 WARNING: Address 310 is outside range for B Read
blk_mem_gen_v8_4_4 WARNING: Address 310 is outside range for B Read
blk_mem_gen_v8_4_4 WARNING: Address 310 is outside range for B Read
blk_mem_gen_v8_4_4 WARNING: Address 310 is outside range for B Read
blk_mem_gen_v8_4_4 WARNING: Address 310 is outside range for B Read
blk_mem_gen_v8_4_4 WARNING: Address 310 is outside range for B Read
blk_mem_gen_v8_4_4 WARNING: Address 310 is outside range for B Read
blk_mem_gen_v8_4_4 WARNING: Address 310 is outside range for B Read
blk_mem_gen_v8_4_4 WARNING: Address 310 is outside range for B Read
blk_mem_gen_v8_4_4 WARNING: Address 310 is outside range for B Read
blk_mem_gen_v8_4_4 WARNING: Address 310 is outside range for B Read
blk_mem_gen_v8_4_4 WARNING: Address 310 is outside range for B Read
blk_mem_gen_v8_4_4 WARNING: Address 310 is outside range for B Read
blk_mem_gen_v8_4_4 WARNING: Address 310 is outside range for B Read
blk_mem_gen_v8_4_4 WARNING: Address 310 is outside range for B Read
blk_mem_gen_v8_4_4 WARNING: Address 310 is outside range for B Read
blk_mem_gen_v8_4_4 WARNING: Address 310 is outside range for B Read
blk_mem_gen_v8_4_4 WARNING: Address 310 is outside range for B Read
blk_mem_gen_v8_4_4 WARNING: Address 310 is outside range for B Read
blk_mem_gen_v8_4_4 WARNING: Address 310 is outside range for B Read
blk_mem_gen_v8_4_4 WARNING: Address 310 is outside range for B Read
blk_mem_gen_v8_4_4 WARNING: Address 310 is outside range for B Read
blk_mem_gen_v8_4_4 WARNING: Address 310 is outside range for B Read
blk_mem_gen_v8_4_4 WARNING: Address 310 is outside range for B Read
blk_mem_gen_v8_4_4 WARNING: Address 310 is outside range for B Read
blk_mem_gen_v8_4_4 WARNING: Address 310 is outside range for B Read
blk_mem_gen_v8_4_4 WARNING: Address 310 is outside range for B Read
blk_mem_gen_v8_4_4 WARNING: Address 310 is outside range for B Read
blk_mem_gen_v8_4_4 WARNING: Address 310 is outside range for B Read
blk_mem_gen_v8_4_4 WARNING: Address 310 is outside range for B Read
blk_mem_gen_v8_4_4 WARNING: Address 310 is outside range for B Read
blk_mem_gen_v8_4_4 WARNING: Address 310 is outside range for B Read
blk_mem_gen_v8_4_4 WARNING: Address 310 is outside range for B Read
blk_mem_gen_v8_4_4 WARNING: Address 310 is outside range for B Read
blk_mem_gen_v8_4_4 WARNING: Address 310 is outside range for B Read
blk_mem_gen_v8_4_4 WARNING: Address 310 is outside range for B Read
blk_mem_gen_v8_4_4 WARNING: Address 310 is outside range for B Read
blk_mem_gen_v8_4_4 WARNING: Address 310 is outside range for B Read
blk_mem_gen_v8_4_4 WARNING: Address 310 is outside range for B Read
blk_mem_gen_v8_4_4 WARNING: Address 310 is outside range for B Read
blk_mem_gen_v8_4_4 WARNING: Address 310 is outside range for B Read
blk_mem_gen_v8_4_4 WARNING: Address 310 is outside range for B Read
blk_mem_gen_v8_4_4 WARNING: Address 310 is outside range for B Read
blk_mem_gen_v8_4_4 WARNING: Address 310 is outside range for B Read
blk_mem_gen_v8_4_4 WARNING: Address 310 is outside range for B Read
blk_mem_gen_v8_4_4 WARNING: Address 310 is outside range for B Read
blk_mem_gen_v8_4_4 WARNING: Address 310 is outside range for B Read
blk_mem_gen_v8_4_4 WARNING: Address 310 is outside range for B Read
blk_mem_gen_v8_4_4 WARNING: Address 310 is outside range for B Read
blk_mem_gen_v8_4_4 WARNING: Address 310 is outside range for B Read
blk_mem_gen_v8_4_4 WARNING: Address 310 is outside range for B Read
blk_mem_gen_v8_4_4 WARNING: Address 310 is outside range for B Read
blk_mem_gen_v8_4_4 WARNING: Address 310 is outside range for B Read
blk_mem_gen_v8_4_4 WARNING: Address 310 is outside range for B Read
blk_mem_gen_v8_4_4 WARNING: Address 310 is outside range for B Read
blk_mem_gen_v8_4_4 WARNING: Address 310 is outside range for B Read
blk_mem_gen_v8_4_4 WARNING: Address 310 is outside range for B Read
blk_mem_gen_v8_4_4 WARNING: Address 310 is outside range for B Read
blk_mem_gen_v8_4_4 WARNING: Address 310 is outside range for B Read
blk_mem_gen_v8_4_4 WARNING: Address 310 is outside range for B Read
blk_mem_gen_v8_4_4 WARNING: Address 310 is outside range for B Read
blk_mem_gen_v8_4_4 WARNING: Address 310 is outside range for B Read
blk_mem_gen_v8_4_4 WARNING: Address 310 is outside range for B Read
blk_mem_gen_v8_4_4 WARNING: Address 310 is outside range for B Read
blk_mem_gen_v8_4_4 WARNING: Address 310 is outside range for B Read
blk_mem_gen_v8_4_4 WARNING: Address 310 is outside range for B Read
blk_mem_gen_v8_4_4 WARNING: Address 310 is outside range for B Read
blk_mem_gen_v8_4_4 WARNING: Address 310 is outside range for B Read
blk_mem_gen_v8_4_4 WARNING: Address 310 is outside range for B Read
blk_mem_gen_v8_4_4 WARNING: Address 310 is outside range for B Read
blk_mem_gen_v8_4_4 WARNING: Address 310 is outside range for B Read
blk_mem_gen_v8_4_4 WARNING: Address 310 is outside range for B Read
blk_mem_gen_v8_4_4 WARNING: Address 310 is outside range for B Read
blk_mem_gen_v8_4_4 WARNING: Address 310 is outside range for B Read
blk_mem_gen_v8_4_4 WARNING: Address 310 is outside range for B Read
blk_mem_gen_v8_4_4 WARNING: Address 310 is outside range for B Read
blk_mem_gen_v8_4_4 WARNING: Address 310 is outside range for B Read
blk_mem_gen_v8_4_4 WARNING: Address 310 is outside range for B Read
blk_mem_gen_v8_4_4 WARNING: Address 310 is outside range for B Read
blk_mem_gen_v8_4_4 WARNING: Address 310 is outside range for B Read
blk_mem_gen_v8_4_4 WARNING: Address 310 is outside range for B Read
blk_mem_gen_v8_4_4 WARNING: Address 310 is outside range for B Read
blk_mem_gen_v8_4_4 WARNING: Address 310 is outside range for B Read
blk_mem_gen_v8_4_4 WARNING: Address 310 is outside range for B Read
blk_mem_gen_v8_4_4 WARNING: Address 310 is outside range for B Read
blk_mem_gen_v8_4_4 WARNING: Address 310 is outside range for B Read
blk_mem_gen_v8_4_4 WARNING: Address 310 is outside range for B Read
blk_mem_gen_v8_4_4 WARNING: Address 310 is outside range for B Read
blk_mem_gen_v8_4_4 WARNING: Address 310 is outside range for B Read
blk_mem_gen_v8_4_4 WARNING: Address 310 is outside range for B Read
blk_mem_gen_v8_4_4 WARNING: Address 310 is outside range for B Read
blk_mem_gen_v8_4_4 WARNING: Address 310 is outside range for B Read
blk_mem_gen_v8_4_4 WARNING: Address 310 is outside range for B Read
blk_mem_gen_v8_4_4 WARNING: Address 310 is outside range for B Read
blk_mem_gen_v8_4_4 WARNING: Address 310 is outside range for B Read
blk_mem_gen_v8_4_4 WARNING: Address 310 is outside range for B Read
blk_mem_gen_v8_4_4 WARNING: Address 310 is outside range for B Read
blk_mem_gen_v8_4_4 WARNING: Address 310 is outside range for B Read
blk_mem_gen_v8_4_4 WARNING: Address 310 is outside range for B Read
blk_mem_gen_v8_4_4 WARNING: Address 310 is outside range for B Read
blk_mem_gen_v8_4_4 WARNING: Address 310 is outside range for B Read
blk_mem_gen_v8_4_4 WARNING: Address 310 is outside range for B Read
blk_mem_gen_v8_4_4 WARNING: Address 310 is outside range for B Read
blk_mem_gen_v8_4_4 WARNING: Address 310 is outside range for B Read
blk_mem_gen_v8_4_4 WARNING: Address 310 is outside range for B Read
blk_mem_gen_v8_4_4 WARNING: Address 310 is outside range for B Read
blk_mem_gen_v8_4_4 WARNING: Address 310 is outside range for B Read
blk_mem_gen_v8_4_4 WARNING: Address 310 is outside range for B Read
blk_mem_gen_v8_4_4 WARNING: Address 310 is outside range for B Read
blk_mem_gen_v8_4_4 WARNING: Address 310 is outside range for B Read
blk_mem_gen_v8_4_4 WARNING: Address 310 is outside range for B Read
blk_mem_gen_v8_4_4 WARNING: Address 310 is outside range for B Read
blk_mem_gen_v8_4_4 WARNING: Address 310 is outside range for B Read
blk_mem_gen_v8_4_4 WARNING: Address 310 is outside range for B Read
blk_mem_gen_v8_4_4 WARNING: Address 310 is outside range for B Read
blk_mem_gen_v8_4_4 WARNING: Address 310 is outside range for B Read
blk_mem_gen_v8_4_4 WARNING: Address 310 is outside range for B Read
blk_mem_gen_v8_4_4 WARNING: Address 310 is outside range for B Read
blk_mem_gen_v8_4_4 WARNING: Address 310 is outside range for B Read
blk_mem_gen_v8_4_4 WARNING: Address 310 is outside range for B Read
blk_mem_gen_v8_4_4 WARNING: Address 310 is outside range for B Read
blk_mem_gen_v8_4_4 WARNING: Address 310 is outside range for B Read
blk_mem_gen_v8_4_4 WARNING: Address 310 is outside range for B Read
blk_mem_gen_v8_4_4 WARNING: Address 310 is outside range for B Read
blk_mem_gen_v8_4_4 WARNING: Address 310 is outside range for B Read
blk_mem_gen_v8_4_4 WARNING: Address 310 is outside range for B Read
blk_mem_gen_v8_4_4 WARNING: Address 310 is outside range for B Read
blk_mem_gen_v8_4_4 WARNING: Address 310 is outside range for B Read
blk_mem_gen_v8_4_4 WARNING: Address 310 is outside range for B Read
blk_mem_gen_v8_4_4 WARNING: Address 310 is outside range for B Read
blk_mem_gen_v8_4_4 WARNING: Address 310 is outside range for B Read
blk_mem_gen_v8_4_4 WARNING: Address 310 is outside range for B Read
blk_mem_gen_v8_4_4 WARNING: Address 310 is outside range for B Read
blk_mem_gen_v8_4_4 WARNING: Address 310 is outside range for B Read
blk_mem_gen_v8_4_4 WARNING: Address 310 is outside range for B Read
blk_mem_gen_v8_4_4 WARNING: Address 310 is outside range for B Read
blk_mem_gen_v8_4_4 WARNING: Address 310 is outside range for B Read
blk_mem_gen_v8_4_4 WARNING: Address 310 is outside range for B Read
blk_mem_gen_v8_4_4 WARNING: Address 310 is outside range for B Read
blk_mem_gen_v8_4_4 WARNING: Address 310 is outside range for B Read
blk_mem_gen_v8_4_4 WARNING: Address 310 is outside range for B Read
blk_mem_gen_v8_4_4 WARNING: Address 310 is outside range for B Read
blk_mem_gen_v8_4_4 WARNING: Address 310 is outside range for B Read
blk_mem_gen_v8_4_4 WARNING: Address 310 is outside range for B Read
blk_mem_gen_v8_4_4 WARNING: Address 310 is outside range for B Read
blk_mem_gen_v8_4_4 WARNING: Address 310 is outside range for B Read
blk_mem_gen_v8_4_4 WARNING: Address 310 is outside range for B Read
blk_mem_gen_v8_4_4 WARNING: Address 310 is outside range for B Read
blk_mem_gen_v8_4_4 WARNING: Address 310 is outside range for B Read
blk_mem_gen_v8_4_4 WARNING: Address 310 is outside range for B Read
blk_mem_gen_v8_4_4 WARNING: Address 310 is outside range for B Read
blk_mem_gen_v8_4_4 WARNING: Address 310 is outside range for B Read
blk_mem_gen_v8_4_4 WARNING: Address 310 is outside range for B Read
blk_mem_gen_v8_4_4 WARNING: Address 310 is outside range for B Read
blk_mem_gen_v8_4_4 WARNING: Address 310 is outside range for B Read
blk_mem_gen_v8_4_4 WARNING: Address 310 is outside range for B Read
blk_mem_gen_v8_4_4 WARNING: Address 310 is outside range for B Read
blk_mem_gen_v8_4_4 WARNING: Address 310 is outside range for B Read
blk_mem_gen_v8_4_4 WARNING: Address 310 is outside range for B Read
blk_mem_gen_v8_4_4 WARNING: Address 310 is outside range for B Read
blk_mem_gen_v8_4_4 WARNING: Address 310 is outside range for B Read
blk_mem_gen_v8_4_4 WARNING: Address 310 is outside range for B Read
blk_mem_gen_v8_4_4 WARNING: Address 310 is outside range for B Read
blk_mem_gen_v8_4_4 WARNING: Address 310 is outside range for B Read
blk_mem_gen_v8_4_4 WARNING: Address 310 is outside range for B Read
blk_mem_gen_v8_4_4 WARNING: Address 310 is outside range for B Read
blk_mem_gen_v8_4_4 WARNING: Address 310 is outside range for B Read
blk_mem_gen_v8_4_4 WARNING: Address 310 is outside range for B Read
blk_mem_gen_v8_4_4 WARNING: Address 310 is outside range for B Read
blk_mem_gen_v8_4_4 WARNING: Address 310 is outside range for B Read
blk_mem_gen_v8_4_4 WARNING: Address 310 is outside range for B Read
blk_mem_gen_v8_4_4 WARNING: Address 310 is outside range for B Read
blk_mem_gen_v8_4_4 WARNING: Address 310 is outside range for B Read
blk_mem_gen_v8_4_4 WARNING: Address 310 is outside range for B Read
blk_mem_gen_v8_4_4 WARNING: Address 310 is outside range for B Read
blk_mem_gen_v8_4_4 WARNING: Address 310 is outside range for B Read
blk_mem_gen_v8_4_4 WARNING: Address 310 is outside range for B Read
blk_mem_gen_v8_4_4 WARNING: Address 310 is outside range for B Read
blk_mem_gen_v8_4_4 WARNING: Address 310 is outside range for B Read
blk_mem_gen_v8_4_4 WARNING: Address 310 is outside range for B Read
blk_mem_gen_v8_4_4 WARNING: Address 310 is outside range for B Read
blk_mem_gen_v8_4_4 WARNING: Address 310 is outside range for B Read
blk_mem_gen_v8_4_4 WARNING: Address 310 is outside range for B Read
blk_mem_gen_v8_4_4 WARNING: Address 310 is outside range for B Read
blk_mem_gen_v8_4_4 WARNING: Address 310 is outside range for B Read
blk_mem_gen_v8_4_4 WARNING: Address 310 is outside range for B Read
blk_mem_gen_v8_4_4 WARNING: Address 310 is outside range for B Read
blk_mem_gen_v8_4_4 WARNING: Address 310 is outside range for B Read
blk_mem_gen_v8_4_4 WARNING: Address 310 is outside range for B Read
blk_mem_gen_v8_4_4 WARNING: Address 310 is outside range for B Read
blk_mem_gen_v8_4_4 WARNING: Address 310 is outside range for B Read
blk_mem_gen_v8_4_4 WARNING: Address 310 is outside range for B Read
blk_mem_gen_v8_4_4 WARNING: Address 310 is outside range for B Read
blk_mem_gen_v8_4_4 WARNING: Address 310 is outside range for B Read
blk_mem_gen_v8_4_4 WARNING: Address 310 is outside range for B Read
blk_mem_gen_v8_4_4 WARNING: Address 310 is outside range for B Read
blk_mem_gen_v8_4_4 WARNING: Address 310 is outside range for B Read
blk_mem_gen_v8_4_4 WARNING: Address 310 is outside range for B Read
blk_mem_gen_v8_4_4 WARNING: Address 310 is outside range for B Read
blk_mem_gen_v8_4_4 WARNING: Address 310 is outside range for B Read
blk_mem_gen_v8_4_4 WARNING: Address 310 is outside range for B Read
blk_mem_gen_v8_4_4 WARNING: Address 310 is outside range for B Read
blk_mem_gen_v8_4_4 WARNING: Address 310 is outside range for B Read
blk_mem_gen_v8_4_4 WARNING: Address 310 is outside range for B Read
blk_mem_gen_v8_4_4 WARNING: Address 310 is outside range for B Read
blk_mem_gen_v8_4_4 WARNING: Address 310 is outside range for B Read
blk_mem_gen_v8_4_4 WARNING: Address 310 is outside range for B Read
blk_mem_gen_v8_4_4 WARNING: Address 310 is outside range for B Read
blk_mem_gen_v8_4_4 WARNING: Address 310 is outside range for B Read
blk_mem_gen_v8_4_4 WARNING: Address 310 is outside range for B Read
blk_mem_gen_v8_4_4 WARNING: Address 310 is outside range for B Read
blk_mem_gen_v8_4_4 WARNING: Address 310 is outside range for B Read
blk_mem_gen_v8_4_4 WARNING: Address 310 is outside range for B Read
blk_mem_gen_v8_4_4 WARNING: Address 310 is outside range for B Read
blk_mem_gen_v8_4_4 WARNING: Address 310 is outside range for B Read
blk_mem_gen_v8_4_4 WARNING: Address 310 is outside range for B Read
blk_mem_gen_v8_4_4 WARNING: Address 310 is outside range for B Read
blk_mem_gen_v8_4_4 WARNING: Address 310 is outside range for B Read
blk_mem_gen_v8_4_4 WARNING: Address 310 is outside range for B Read
blk_mem_gen_v8_4_4 WARNING: Address 310 is outside range for B Read
blk_mem_gen_v8_4_4 WARNING: Address 310 is outside range for B Read
blk_mem_gen_v8_4_4 WARNING: Address 310 is outside range for B Read
blk_mem_gen_v8_4_4 WARNING: Address 310 is outside range for B Read
blk_mem_gen_v8_4_4 WARNING: Address 310 is outside range for B Read
blk_mem_gen_v8_4_4 WARNING: Address 310 is outside range for B Read
blk_mem_gen_v8_4_4 WARNING: Address 310 is outside range for B Read
blk_mem_gen_v8_4_4 WARNING: Address 310 is outside range for B Read
blk_mem_gen_v8_4_4 WARNING: Address 310 is outside range for B Read
blk_mem_gen_v8_4_4 WARNING: Address 310 is outside range for B Read
blk_mem_gen_v8_4_4 WARNING: Address 310 is outside range for B Read
blk_mem_gen_v8_4_4 WARNING: Address 310 is outside range for B Read
blk_mem_gen_v8_4_4 WARNING: Address 310 is outside range for B Read
blk_mem_gen_v8_4_4 WARNING: Address 310 is outside range for B Read
blk_mem_gen_v8_4_4 WARNING: Address 310 is outside range for B Read
blk_mem_gen_v8_4_4 WARNING: Address 310 is outside range for B Read
blk_mem_gen_v8_4_4 WARNING: Address 310 is outside range for B Read
blk_mem_gen_v8_4_4 WARNING: Address 310 is outside range for B Read
blk_mem_gen_v8_4_4 WARNING: Address 310 is outside range for B Read
blk_mem_gen_v8_4_4 WARNING: Address 310 is outside range for B Read
blk_mem_gen_v8_4_4 WARNING: Address 310 is outside range for B Read
blk_mem_gen_v8_4_4 WARNING: Address 310 is outside range for B Read
blk_mem_gen_v8_4_4 WARNING: Address 310 is outside range for B Read
blk_mem_gen_v8_4_4 WARNING: Address 310 is outside range for B Read
blk_mem_gen_v8_4_4 WARNING: Address 310 is outside range for B Read
blk_mem_gen_v8_4_4 WARNING: Address 310 is outside range for B Read
blk_mem_gen_v8_4_4 WARNING: Address 310 is outside range for B Read
blk_mem_gen_v8_4_4 WARNING: Address 310 is outside range for B Read
blk_mem_gen_v8_4_4 WARNING: Address 310 is outside range for B Read
blk_mem_gen_v8_4_4 WARNING: Address 310 is outside range for B Read
blk_mem_gen_v8_4_4 WARNING: Address 310 is outside range for B Read
blk_mem_gen_v8_4_4 WARNING: Address 310 is outside range for B Read
blk_mem_gen_v8_4_4 WARNING: Address 310 is outside range for B Read
blk_mem_gen_v8_4_4 WARNING: Address 310 is outside range for B Read
blk_mem_gen_v8_4_4 WARNING: Address 310 is outside range for B Read
blk_mem_gen_v8_4_4 WARNING: Address 310 is outside range for B Read
blk_mem_gen_v8_4_4 WARNING: Address 310 is outside range for B Read
blk_mem_gen_v8_4_4 WARNING: Address 310 is outside range for B Read
blk_mem_gen_v8_4_4 WARNING: Address 310 is outside range for B Read
blk_mem_gen_v8_4_4 WARNING: Address 310 is outside range for B Read
blk_mem_gen_v8_4_4 WARNING: Address 310 is outside range for B Read
blk_mem_gen_v8_4_4 WARNING: Address 310 is outside range for B Read
blk_mem_gen_v8_4_4 WARNING: Address 310 is outside range for B Read
blk_mem_gen_v8_4_4 WARNING: Address 310 is outside range for B Read
blk_mem_gen_v8_4_4 WARNING: Address 310 is outside range for B Read
blk_mem_gen_v8_4_4 WARNING: Address 310 is outside range for B Read
blk_mem_gen_v8_4_4 WARNING: Address 310 is outside range for B Read
blk_mem_gen_v8_4_4 WARNING: Address 310 is outside range for B Read
blk_mem_gen_v8_4_4 WARNING: Address 310 is outside range for B Read
blk_mem_gen_v8_4_4 WARNING: Address 310 is outside range for B Read
blk_mem_gen_v8_4_4 WARNING: Address 310 is outside range for B Read
blk_mem_gen_v8_4_4 WARNING: Address 310 is outside range for B Read
blk_mem_gen_v8_4_4 WARNING: Address 310 is outside range for B Read
blk_mem_gen_v8_4_4 WARNING: Address 310 is outside range for B Read
blk_mem_gen_v8_4_4 WARNING: Address 310 is outside range for B Read
blk_mem_gen_v8_4_4 WARNING: Address 310 is outside range for B Read
blk_mem_gen_v8_4_4 WARNING: Address 310 is outside range for B Read
blk_mem_gen_v8_4_4 WARNING: Address 310 is outside range for B Read
blk_mem_gen_v8_4_4 WARNING: Address 310 is outside range for B Read
blk_mem_gen_v8_4_4 WARNING: Address 310 is outside range for B Read
blk_mem_gen_v8_4_4 WARNING: Address 310 is outside range for B Read
blk_mem_gen_v8_4_4 WARNING: Address 310 is outside range for B Read
blk_mem_gen_v