19:12:46 INFO  : Launching XSCT server: xsct.bat -n  -interactive C:\git_repos\mnist_neuralnet\fpga\5_17_dmayoutube\temp_xsdb_launch_script.tcl
19:12:50 INFO  : XSCT server has started successfully.
19:12:50 INFO  : plnx-install-location is set to ''
19:12:50 INFO  : Successfully done setting XSCT server connection channel  
19:12:50 INFO  : Successfully done query RDI_DATADIR 
19:12:50 INFO  : Successfully done setting workspace for the tool. 
19:12:51 INFO  : Registering command handlers for Vitis TCF services
19:30:16 INFO  : Checking for BSP changes to sync application flags for project 'dma'...
19:31:44 INFO  : Checking for BSP changes to sync application flags for project 'dma'...
19:32:21 INFO  : Connected to target on host '127.0.0.1' and port '3121'.
19:32:22 INFO  : Jtag cable 'Digilent Zybo 210279787858A' is selected.
19:32:22 INFO  : 'jtag frequency' command is executed.
19:32:22 INFO  : Context for 'APU' is selected.
19:32:22 INFO  : System reset is completed.
19:32:25 INFO  : 'after 3000' command is executed.
19:32:25 INFO  : 'targets -set -filter {jtag_cable_name =~ "Digilent Zybo 210279787858A" && level==0} -index 1' command is executed.
19:32:26 INFO  : FPGA configured successfully with bitstream "C:/git_repos/mnist_neuralnet/fpga/5_17_dmayoutube/dma/_ide/bitstream/design_1_wrapper.bit"
19:32:27 INFO  : Context for 'APU' is selected.
19:32:27 INFO  : Hardware design information is loaded from 'C:/git_repos/mnist_neuralnet/fpga/5_17_dmayoutube/design_1_wrapper/export/design_1_wrapper/hw/design_1_wrapper.xsa'.
19:32:27 INFO  : 'configparams force-mem-access 1' command is executed.
19:32:27 INFO  : Context for 'APU' is selected.
19:32:27 INFO  : Sourcing of 'C:/git_repos/mnist_neuralnet/fpga/5_17_dmayoutube/dma/_ide/psinit/ps7_init.tcl' is done.
19:32:27 INFO  : 'ps7_init' command is executed.
19:32:27 INFO  : 'ps7_post_config' command is executed.
19:32:27 INFO  : Context for processor 'ps7_cortexa9_0' is selected.
19:32:27 INFO  : The application 'C:/git_repos/mnist_neuralnet/fpga/5_17_dmayoutube/dma/Debug/dma.elf' is downloaded to processor 'ps7_cortexa9_0'.
19:32:27 INFO  : 'configparams force-mem-access 0' command is executed.
19:32:27 INFO  : ----------------XSDB Script----------------
connect -url tcp:127.0.0.1:3121
targets -set -nocase -filter {name =~"APU*"}
rst -system
after 3000
targets -set -filter {jtag_cable_name =~ "Digilent Zybo 210279787858A" && level==0} -index 1
fpga -file C:/git_repos/mnist_neuralnet/fpga/5_17_dmayoutube/dma/_ide/bitstream/design_1_wrapper.bit
targets -set -nocase -filter {name =~"APU*"}
loadhw -hw C:/git_repos/mnist_neuralnet/fpga/5_17_dmayoutube/design_1_wrapper/export/design_1_wrapper/hw/design_1_wrapper.xsa -mem-ranges [list {0x40000000 0xbfffffff}]
configparams force-mem-access 1
targets -set -nocase -filter {name =~"APU*"}
source C:/git_repos/mnist_neuralnet/fpga/5_17_dmayoutube/dma/_ide/psinit/ps7_init.tcl
ps7_init
ps7_post_config
targets -set -nocase -filter {name =~ "*A9*#0"}
dow C:/git_repos/mnist_neuralnet/fpga/5_17_dmayoutube/dma/Debug/dma.elf
configparams force-mem-access 0
----------------End of Script----------------

19:32:28 INFO  : Memory regions updated for context APU
19:32:28 INFO  : Context for processor 'ps7_cortexa9_0' is selected.
19:32:28 INFO  : 'con' command is executed.
19:32:28 INFO  : ----------------XSDB Script (After Launch)----------------
targets -set -nocase -filter {name =~ "*A9*#0"}
con
----------------End of Script----------------

19:32:28 INFO  : Launch script is exported to file 'C:\git_repos\mnist_neuralnet\fpga\5_17_dmayoutube\.sdk\launch_scripts\single_application_debug\systemdebugger_dma_system_standalone.tcl'
19:32:58 INFO  : Disconnected from the channel tcfchan#4.
19:32:59 INFO  : Connected to target on host '127.0.0.1' and port '3121'.
19:32:59 INFO  : Jtag cable 'Digilent Zybo 210279787858A' is selected.
19:32:59 INFO  : 'jtag frequency' command is executed.
19:32:59 INFO  : Context for 'APU' is selected.
19:32:59 ERROR : Cannot reset APU. AP transaction error, DAP status 0xF0000021
19:32:59 INFO  : ----------------XSDB Script----------------
connect -url tcp:127.0.0.1:3121
targets -set -nocase -filter {name =~"APU*"}
rst -system
after 3000
----------------End of Script----------------

19:32:59 ERROR : Cannot reset APU. AP transaction error, DAP status 0xF0000021
19:33:12 INFO  : Connected to target on host '127.0.0.1' and port '3121'.
19:33:12 INFO  : Jtag cable 'Digilent Zybo 210279787858A' is selected.
19:33:12 INFO  : 'jtag frequency' command is executed.
19:33:12 INFO  : Context for 'APU' is selected.
19:33:12 INFO  : System reset is completed.
19:33:15 INFO  : 'after 3000' command is executed.
19:33:16 INFO  : 'targets -set -filter {jtag_cable_name =~ "Digilent Zybo 210279787858A" && level==0} -index 1' command is executed.
19:33:17 INFO  : FPGA configured successfully with bitstream "C:/git_repos/mnist_neuralnet/fpga/5_17_dmayoutube/dma/_ide/bitstream/design_1_wrapper.bit"
19:33:17 INFO  : Context for 'APU' is selected.
19:33:17 INFO  : Hardware design information is loaded from 'C:/git_repos/mnist_neuralnet/fpga/5_17_dmayoutube/design_1_wrapper/export/design_1_wrapper/hw/design_1_wrapper.xsa'.
19:33:17 INFO  : 'configparams force-mem-access 1' command is executed.
19:33:17 INFO  : Context for 'APU' is selected.
19:33:17 INFO  : Sourcing of 'C:/git_repos/mnist_neuralnet/fpga/5_17_dmayoutube/dma/_ide/psinit/ps7_init.tcl' is done.
19:33:17 ERROR : Memory read error at 0xF800600C. AHB Memory access port is disabled
19:33:17 INFO  : ----------------XSDB Script----------------
connect -url tcp:127.0.0.1:3121
targets -set -nocase -filter {name =~"APU*"}
rst -system
after 3000
targets -set -filter {jtag_cable_name =~ "Digilent Zybo 210279787858A" && level==0} -index 1
fpga -file C:/git_repos/mnist_neuralnet/fpga/5_17_dmayoutube/dma/_ide/bitstream/design_1_wrapper.bit
targets -set -nocase -filter {name =~"APU*"}
loadhw -hw C:/git_repos/mnist_neuralnet/fpga/5_17_dmayoutube/design_1_wrapper/export/design_1_wrapper/hw/design_1_wrapper.xsa -mem-ranges [list {0x40000000 0xbfffffff}]
configparams force-mem-access 1
targets -set -nocase -filter {name =~"APU*"}
source C:/git_repos/mnist_neuralnet/fpga/5_17_dmayoutube/dma/_ide/psinit/ps7_init.tcl
ps7_init
----------------End of Script----------------

19:33:17 ERROR : Memory read error at 0xF800600C. AHB Memory access port is disabled
19:33:40 INFO  : Checking for BSP changes to sync application flags for project 'dma'...
19:33:53 INFO  : Connected to target on host '127.0.0.1' and port '3121'.
19:33:53 INFO  : Jtag cable 'Digilent Zybo 210279787858A' is selected.
19:33:53 INFO  : 'jtag frequency' command is executed.
19:33:53 INFO  : Context for 'APU' is selected.
19:33:53 INFO  : System reset is completed.
19:33:56 INFO  : 'after 3000' command is executed.
19:33:57 INFO  : 'targets -set -filter {jtag_cable_name =~ "Digilent Zybo 210279787858A" && level==0} -index 1' command is executed.
19:33:58 INFO  : FPGA configured successfully with bitstream "C:/git_repos/mnist_neuralnet/fpga/5_17_dmayoutube/dma/_ide/bitstream/design_1_wrapper.bit"
19:33:58 INFO  : Context for 'APU' is selected.
19:33:58 INFO  : Hardware design information is loaded from 'C:/git_repos/mnist_neuralnet/fpga/5_17_dmayoutube/design_1_wrapper/export/design_1_wrapper/hw/design_1_wrapper.xsa'.
19:33:58 INFO  : 'configparams force-mem-access 1' command is executed.
19:33:58 INFO  : Context for 'APU' is selected.
19:33:58 INFO  : Sourcing of 'C:/git_repos/mnist_neuralnet/fpga/5_17_dmayoutube/dma/_ide/psinit/ps7_init.tcl' is done.
19:33:58 ERROR : Memory read error at 0xE000D000. AP transaction timeout
19:33:58 INFO  : ----------------XSDB Script----------------
connect -url tcp:127.0.0.1:3121
targets -set -nocase -filter {name =~"APU*"}
rst -system
after 3000
targets -set -filter {jtag_cable_name =~ "Digilent Zybo 210279787858A" && level==0} -index 1
fpga -file C:/git_repos/mnist_neuralnet/fpga/5_17_dmayoutube/dma/_ide/bitstream/design_1_wrapper.bit
targets -set -nocase -filter {name =~"APU*"}
loadhw -hw C:/git_repos/mnist_neuralnet/fpga/5_17_dmayoutube/design_1_wrapper/export/design_1_wrapper/hw/design_1_wrapper.xsa -mem-ranges [list {0x40000000 0xbfffffff}]
configparams force-mem-access 1
targets -set -nocase -filter {name =~"APU*"}
source C:/git_repos/mnist_neuralnet/fpga/5_17_dmayoutube/dma/_ide/psinit/ps7_init.tcl
ps7_init
----------------End of Script----------------

19:33:58 ERROR : Memory read error at 0xE000D000. AP transaction timeout
19:34:48 INFO  : Connected to target on host '127.0.0.1' and port '3121'.
19:34:48 INFO  : Jtag cable 'Digilent Zybo 210279787858A' is selected.
19:34:48 INFO  : 'jtag frequency' command is executed.
19:34:48 INFO  : Context for 'APU' is selected.
19:34:48 INFO  : System reset is completed.
19:34:51 INFO  : 'after 3000' command is executed.
19:34:51 INFO  : 'targets -set -filter {jtag_cable_name =~ "Digilent Zybo 210279787858A" && level==0} -index 1' command is executed.
19:34:53 INFO  : FPGA configured successfully with bitstream "C:/git_repos/mnist_neuralnet/fpga/5_17_dmayoutube/dma/_ide/bitstream/design_1_wrapper.bit"
19:34:53 INFO  : Context for 'APU' is selected.
19:34:53 INFO  : Hardware design information is loaded from 'C:/git_repos/mnist_neuralnet/fpga/5_17_dmayoutube/design_1_wrapper/export/design_1_wrapper/hw/design_1_wrapper.xsa'.
19:34:53 INFO  : 'configparams force-mem-access 1' command is executed.
19:34:53 INFO  : Context for 'APU' is selected.
19:34:53 INFO  : Sourcing of 'C:/git_repos/mnist_neuralnet/fpga/5_17_dmayoutube/dma/_ide/psinit/ps7_init.tcl' is done.
19:34:53 INFO  : 'ps7_init' command is executed.
19:34:53 INFO  : 'ps7_post_config' command is executed.
19:34:53 INFO  : Context for processor 'ps7_cortexa9_0' is selected.
19:34:53 INFO  : The application 'C:/git_repos/mnist_neuralnet/fpga/5_17_dmayoutube/dma/Debug/dma.elf' is downloaded to processor 'ps7_cortexa9_0'.
19:34:53 INFO  : 'configparams force-mem-access 0' command is executed.
19:34:53 INFO  : ----------------XSDB Script----------------
connect -url tcp:127.0.0.1:3121
targets -set -nocase -filter {name =~"APU*"}
rst -system
after 3000
targets -set -filter {jtag_cable_name =~ "Digilent Zybo 210279787858A" && level==0} -index 1
fpga -file C:/git_repos/mnist_neuralnet/fpga/5_17_dmayoutube/dma/_ide/bitstream/design_1_wrapper.bit
targets -set -nocase -filter {name =~"APU*"}
loadhw -hw C:/git_repos/mnist_neuralnet/fpga/5_17_dmayoutube/design_1_wrapper/export/design_1_wrapper/hw/design_1_wrapper.xsa -mem-ranges [list {0x40000000 0xbfffffff}]
configparams force-mem-access 1
targets -set -nocase -filter {name =~"APU*"}
source C:/git_repos/mnist_neuralnet/fpga/5_17_dmayoutube/dma/_ide/psinit/ps7_init.tcl
ps7_init
ps7_post_config
targets -set -nocase -filter {name =~ "*A9*#0"}
dow C:/git_repos/mnist_neuralnet/fpga/5_17_dmayoutube/dma/Debug/dma.elf
configparams force-mem-access 0
----------------End of Script----------------

19:34:53 INFO  : Memory regions updated for context APU
19:34:54 INFO  : Context for processor 'ps7_cortexa9_0' is selected.
19:34:54 INFO  : 'con' command is executed.
19:34:54 INFO  : ----------------XSDB Script (After Launch)----------------
targets -set -nocase -filter {name =~ "*A9*#0"}
con
----------------End of Script----------------

19:34:54 INFO  : Launch script is exported to file 'C:\git_repos\mnist_neuralnet\fpga\5_17_dmayoutube\.sdk\launch_scripts\single_application_debug\systemdebugger_dma_system_standalone.tcl'
19:36:28 INFO  : Disconnected from the channel tcfchan#5.
19:36:28 INFO  : Connected to target on host '127.0.0.1' and port '3121'.
19:36:28 INFO  : Jtag cable 'Digilent Zybo 210279787858A' is selected.
19:36:28 INFO  : 'jtag frequency' command is executed.
19:36:28 INFO  : Context for 'APU' is selected.
19:36:28 ERROR : Cannot reset APU. AP transaction error, DAP status 0xF0000021
19:36:28 INFO  : ----------------XSDB Script----------------
connect -url tcp:127.0.0.1:3121
targets -set -nocase -filter {name =~"APU*"}
rst -system
after 3000
----------------End of Script----------------

19:36:28 ERROR : Cannot reset APU. AP transaction error, DAP status 0xF0000021
19:36:46 INFO  : Connected to target on host '127.0.0.1' and port '3121'.
19:36:46 INFO  : Jtag cable 'Digilent Zybo 210279787858A' is selected.
19:36:46 INFO  : 'jtag frequency' command is executed.
19:36:47 INFO  : Context for 'APU' is selected.
19:36:47 INFO  : System reset is completed.
19:36:50 INFO  : 'after 3000' command is executed.
19:36:50 INFO  : 'targets -set -filter {jtag_cable_name =~ "Digilent Zybo 210279787858A" && level==0} -index 1' command is executed.
19:36:51 INFO  : FPGA configured successfully with bitstream "C:/git_repos/mnist_neuralnet/fpga/5_17_dmayoutube/dma/_ide/bitstream/design_1_wrapper.bit"
19:36:51 INFO  : Context for 'APU' is selected.
19:36:51 INFO  : Hardware design information is loaded from 'C:/git_repos/mnist_neuralnet/fpga/5_17_dmayoutube/design_1_wrapper/export/design_1_wrapper/hw/design_1_wrapper.xsa'.
19:36:51 INFO  : 'configparams force-mem-access 1' command is executed.
19:36:51 INFO  : Context for 'APU' is selected.
19:36:51 INFO  : Sourcing of 'C:/git_repos/mnist_neuralnet/fpga/5_17_dmayoutube/dma/_ide/psinit/ps7_init.tcl' is done.
19:36:51 INFO  : 'ps7_init' command is executed.
19:36:51 INFO  : 'ps7_post_config' command is executed.
19:36:51 INFO  : Context for processor 'ps7_cortexa9_0' is selected.
19:36:52 INFO  : The application 'C:/git_repos/mnist_neuralnet/fpga/5_17_dmayoutube/dma/Debug/dma.elf' is downloaded to processor 'ps7_cortexa9_0'.
19:36:52 INFO  : 'configparams force-mem-access 0' command is executed.
19:36:52 INFO  : ----------------XSDB Script----------------
connect -url tcp:127.0.0.1:3121
targets -set -nocase -filter {name =~"APU*"}
rst -system
after 3000
targets -set -filter {jtag_cable_name =~ "Digilent Zybo 210279787858A" && level==0} -index 1
fpga -file C:/git_repos/mnist_neuralnet/fpga/5_17_dmayoutube/dma/_ide/bitstream/design_1_wrapper.bit
targets -set -nocase -filter {name =~"APU*"}
loadhw -hw C:/git_repos/mnist_neuralnet/fpga/5_17_dmayoutube/design_1_wrapper/export/design_1_wrapper/hw/design_1_wrapper.xsa -mem-ranges [list {0x40000000 0xbfffffff}]
configparams force-mem-access 1
targets -set -nocase -filter {name =~"APU*"}
source C:/git_repos/mnist_neuralnet/fpga/5_17_dmayoutube/dma/_ide/psinit/ps7_init.tcl
ps7_init
ps7_post_config
targets -set -nocase -filter {name =~ "*A9*#0"}
dow C:/git_repos/mnist_neuralnet/fpga/5_17_dmayoutube/dma/Debug/dma.elf
configparams force-mem-access 0
----------------End of Script----------------

19:36:52 INFO  : Memory regions updated for context APU
19:36:52 INFO  : Context for processor 'ps7_cortexa9_0' is selected.
19:36:52 INFO  : 'con' command is executed.
19:36:52 INFO  : ----------------XSDB Script (After Launch)----------------
targets -set -nocase -filter {name =~ "*A9*#0"}
con
----------------End of Script----------------

19:36:52 INFO  : Launch script is exported to file 'C:\git_repos\mnist_neuralnet\fpga\5_17_dmayoutube\.sdk\launch_scripts\single_application_debug\systemdebugger_dma_system_standalone.tcl'
19:37:52 INFO  : Disconnected from the channel tcfchan#8.
19:37:52 INFO  : Connected to target on host '127.0.0.1' and port '3121'.
19:37:52 INFO  : Jtag cable 'Digilent Zybo 210279787858A' is selected.
19:37:52 INFO  : 'jtag frequency' command is executed.
19:37:52 INFO  : Context for 'APU' is selected.
19:37:52 INFO  : System reset is completed.
19:37:55 INFO  : 'after 3000' command is executed.
19:37:55 INFO  : 'targets -set -filter {jtag_cable_name =~ "Digilent Zybo 210279787858A" && level==0} -index 1' command is executed.
19:37:56 INFO  : FPGA configured successfully with bitstream "C:/git_repos/mnist_neuralnet/fpga/5_17_dmayoutube/dma/_ide/bitstream/design_1_wrapper.bit"
19:37:56 INFO  : Context for 'APU' is selected.
19:37:56 INFO  : Hardware design information is loaded from 'C:/git_repos/mnist_neuralnet/fpga/5_17_dmayoutube/design_1_wrapper/export/design_1_wrapper/hw/design_1_wrapper.xsa'.
19:37:56 INFO  : 'configparams force-mem-access 1' command is executed.
19:37:57 INFO  : Context for 'APU' is selected.
19:37:57 INFO  : Sourcing of 'C:/git_repos/mnist_neuralnet/fpga/5_17_dmayoutube/dma/_ide/psinit/ps7_init.tcl' is done.
19:37:57 ERROR : Memory read error at 0xE000D000. AP transaction timeout
19:37:57 INFO  : ----------------XSDB Script----------------
connect -url tcp:127.0.0.1:3121
targets -set -nocase -filter {name =~"APU*"}
rst -system
after 3000
targets -set -filter {jtag_cable_name =~ "Digilent Zybo 210279787858A" && level==0} -index 1
fpga -file C:/git_repos/mnist_neuralnet/fpga/5_17_dmayoutube/dma/_ide/bitstream/design_1_wrapper.bit
targets -set -nocase -filter {name =~"APU*"}
loadhw -hw C:/git_repos/mnist_neuralnet/fpga/5_17_dmayoutube/design_1_wrapper/export/design_1_wrapper/hw/design_1_wrapper.xsa -mem-ranges [list {0x40000000 0xbfffffff}]
configparams force-mem-access 1
targets -set -nocase -filter {name =~"APU*"}
source C:/git_repos/mnist_neuralnet/fpga/5_17_dmayoutube/dma/_ide/psinit/ps7_init.tcl
ps7_init
----------------End of Script----------------

19:37:57 ERROR : Memory read error at 0xE000D000. AP transaction timeout
19:38:12 INFO  : Connected to target on host '127.0.0.1' and port '3121'.
19:38:12 INFO  : Jtag cable 'Digilent Zybo 210279787858A' is selected.
19:38:12 INFO  : 'jtag frequency' command is executed.
19:38:12 INFO  : Context for 'APU' is selected.
19:38:12 INFO  : System reset is completed.
19:38:15 INFO  : 'after 3000' command is executed.
19:38:16 INFO  : 'targets -set -filter {jtag_cable_name =~ "Digilent Zybo 210279787858A" && level==0} -index 1' command is executed.
19:38:17 INFO  : FPGA configured successfully with bitstream "C:/git_repos/mnist_neuralnet/fpga/5_17_dmayoutube/dma/_ide/bitstream/design_1_wrapper.bit"
19:38:17 INFO  : Context for 'APU' is selected.
19:38:17 INFO  : Hardware design information is loaded from 'C:/git_repos/mnist_neuralnet/fpga/5_17_dmayoutube/design_1_wrapper/export/design_1_wrapper/hw/design_1_wrapper.xsa'.
19:38:17 INFO  : 'configparams force-mem-access 1' command is executed.
19:38:17 INFO  : Context for 'APU' is selected.
19:38:17 INFO  : Sourcing of 'C:/git_repos/mnist_neuralnet/fpga/5_17_dmayoutube/dma/_ide/psinit/ps7_init.tcl' is done.
19:38:17 INFO  : 'ps7_init' command is executed.
19:38:17 INFO  : 'ps7_post_config' command is executed.
19:38:17 INFO  : Context for processor 'ps7_cortexa9_0' is selected.
19:38:18 INFO  : The application 'C:/git_repos/mnist_neuralnet/fpga/5_17_dmayoutube/dma/Debug/dma.elf' is downloaded to processor 'ps7_cortexa9_0'.
19:38:18 INFO  : 'configparams force-mem-access 0' command is executed.
19:38:18 INFO  : ----------------XSDB Script----------------
connect -url tcp:127.0.0.1:3121
targets -set -nocase -filter {name =~"APU*"}
rst -system
after 3000
targets -set -filter {jtag_cable_name =~ "Digilent Zybo 210279787858A" && level==0} -index 1
fpga -file C:/git_repos/mnist_neuralnet/fpga/5_17_dmayoutube/dma/_ide/bitstream/design_1_wrapper.bit
targets -set -nocase -filter {name =~"APU*"}
loadhw -hw C:/git_repos/mnist_neuralnet/fpga/5_17_dmayoutube/design_1_wrapper/export/design_1_wrapper/hw/design_1_wrapper.xsa -mem-ranges [list {0x40000000 0xbfffffff}]
configparams force-mem-access 1
targets -set -nocase -filter {name =~"APU*"}
source C:/git_repos/mnist_neuralnet/fpga/5_17_dmayoutube/dma/_ide/psinit/ps7_init.tcl
ps7_init
ps7_post_config
targets -set -nocase -filter {name =~ "*A9*#0"}
dow C:/git_repos/mnist_neuralnet/fpga/5_17_dmayoutube/dma/Debug/dma.elf
configparams force-mem-access 0
----------------End of Script----------------

19:38:18 INFO  : Memory regions updated for context APU
19:38:18 INFO  : Context for processor 'ps7_cortexa9_0' is selected.
19:38:18 INFO  : 'con' command is executed.
19:38:18 INFO  : ----------------XSDB Script (After Launch)----------------
targets -set -nocase -filter {name =~ "*A9*#0"}
con
----------------End of Script----------------

19:38:18 INFO  : Launch script is exported to file 'C:\git_repos\mnist_neuralnet\fpga\5_17_dmayoutube\.sdk\launch_scripts\single_application_debug\systemdebugger_dma_system_standalone.tcl'
19:38:33 INFO  : Disconnected from the channel tcfchan#9.
19:38:33 INFO  : Connected to target on host '127.0.0.1' and port '3121'.
19:38:34 INFO  : Jtag cable 'Digilent Zybo 210279787858A' is selected.
19:38:34 INFO  : 'jtag frequency' command is executed.
19:38:34 INFO  : Context for 'APU' is selected.
19:38:34 INFO  : System reset is completed.
19:38:37 INFO  : 'after 3000' command is executed.
19:38:37 INFO  : 'targets -set -filter {jtag_cable_name =~ "Digilent Zybo 210279787858A" && level==0} -index 1' command is executed.
19:38:38 INFO  : FPGA configured successfully with bitstream "C:/git_repos/mnist_neuralnet/fpga/5_17_dmayoutube/dma/_ide/bitstream/design_1_wrapper.bit"
19:38:38 INFO  : Context for 'APU' is selected.
19:38:38 INFO  : Hardware design information is loaded from 'C:/git_repos/mnist_neuralnet/fpga/5_17_dmayoutube/design_1_wrapper/export/design_1_wrapper/hw/design_1_wrapper.xsa'.
19:38:38 INFO  : 'configparams force-mem-access 1' command is executed.
19:38:38 INFO  : Context for 'APU' is selected.
19:38:38 INFO  : Sourcing of 'C:/git_repos/mnist_neuralnet/fpga/5_17_dmayoutube/dma/_ide/psinit/ps7_init.tcl' is done.
19:38:38 ERROR : Memory read error at 0xE000D000. AP transaction timeout
19:38:38 INFO  : ----------------XSDB Script----------------
connect -url tcp:127.0.0.1:3121
targets -set -nocase -filter {name =~"APU*"}
rst -system
after 3000
targets -set -filter {jtag_cable_name =~ "Digilent Zybo 210279787858A" && level==0} -index 1
fpga -file C:/git_repos/mnist_neuralnet/fpga/5_17_dmayoutube/dma/_ide/bitstream/design_1_wrapper.bit
targets -set -nocase -filter {name =~"APU*"}
loadhw -hw C:/git_repos/mnist_neuralnet/fpga/5_17_dmayoutube/design_1_wrapper/export/design_1_wrapper/hw/design_1_wrapper.xsa -mem-ranges [list {0x40000000 0xbfffffff}]
configparams force-mem-access 1
targets -set -nocase -filter {name =~"APU*"}
source C:/git_repos/mnist_neuralnet/fpga/5_17_dmayoutube/dma/_ide/psinit/ps7_init.tcl
ps7_init
----------------End of Script----------------

19:38:38 ERROR : Memory read error at 0xE000D000. AP transaction timeout
19:38:53 INFO  : Checking for BSP changes to sync application flags for project 'dma'...
19:39:27 INFO  : Connected to target on host '127.0.0.1' and port '3121'.
19:39:27 INFO  : Jtag cable 'Digilent Zybo 210279787858A' is selected.
19:39:27 INFO  : 'jtag frequency' command is executed.
19:39:27 INFO  : Context for 'APU' is selected.
19:39:27 INFO  : System reset is completed.
19:39:30 INFO  : 'after 3000' command is executed.
19:39:30 INFO  : 'targets -set -filter {jtag_cable_name =~ "Digilent Zybo 210279787858A" && level==0} -index 1' command is executed.
19:39:31 INFO  : FPGA configured successfully with bitstream "C:/git_repos/mnist_neuralnet/fpga/5_17_dmayoutube/dma/_ide/bitstream/design_1_wrapper.bit"
19:39:31 INFO  : Context for 'APU' is selected.
19:39:31 INFO  : Hardware design information is loaded from 'C:/git_repos/mnist_neuralnet/fpga/5_17_dmayoutube/design_1_wrapper/export/design_1_wrapper/hw/design_1_wrapper.xsa'.
19:39:31 INFO  : 'configparams force-mem-access 1' command is executed.
19:39:32 INFO  : Context for 'APU' is selected.
19:39:32 INFO  : Sourcing of 'C:/git_repos/mnist_neuralnet/fpga/5_17_dmayoutube/dma/_ide/psinit/ps7_init.tcl' is done.
19:39:32 INFO  : 'ps7_init' command is executed.
19:39:32 INFO  : 'ps7_post_config' command is executed.
19:39:32 INFO  : Context for processor 'ps7_cortexa9_0' is selected.
19:39:32 INFO  : The application 'C:/git_repos/mnist_neuralnet/fpga/5_17_dmayoutube/dma/Debug/dma.elf' is downloaded to processor 'ps7_cortexa9_0'.
19:39:32 INFO  : 'configparams force-mem-access 0' command is executed.
19:39:32 INFO  : ----------------XSDB Script----------------
connect -url tcp:127.0.0.1:3121
targets -set -nocase -filter {name =~"APU*"}
rst -system
after 3000
targets -set -filter {jtag_cable_name =~ "Digilent Zybo 210279787858A" && level==0} -index 1
fpga -file C:/git_repos/mnist_neuralnet/fpga/5_17_dmayoutube/dma/_ide/bitstream/design_1_wrapper.bit
targets -set -nocase -filter {name =~"APU*"}
loadhw -hw C:/git_repos/mnist_neuralnet/fpga/5_17_dmayoutube/design_1_wrapper/export/design_1_wrapper/hw/design_1_wrapper.xsa -mem-ranges [list {0x40000000 0xbfffffff}]
configparams force-mem-access 1
targets -set -nocase -filter {name =~"APU*"}
source C:/git_repos/mnist_neuralnet/fpga/5_17_dmayoutube/dma/_ide/psinit/ps7_init.tcl
ps7_init
ps7_post_config
targets -set -nocase -filter {name =~ "*A9*#0"}
dow C:/git_repos/mnist_neuralnet/fpga/5_17_dmayoutube/dma/Debug/dma.elf
configparams force-mem-access 0
----------------End of Script----------------

19:39:32 INFO  : Memory regions updated for context APU
19:39:32 INFO  : Context for processor 'ps7_cortexa9_0' is selected.
19:39:32 INFO  : 'con' command is executed.
19:39:32 INFO  : ----------------XSDB Script (After Launch)----------------
targets -set -nocase -filter {name =~ "*A9*#0"}
con
----------------End of Script----------------

19:39:32 INFO  : Launch script is exported to file 'C:\git_repos\mnist_neuralnet\fpga\5_17_dmayoutube\.sdk\launch_scripts\single_application_debug\systemdebugger_dma_system_standalone.tcl'
20:10:37 INFO  : Disconnected from the channel tcfchan#10.
17:53:42 INFO  : Launching XSCT server: xsct.bat -n  -interactive C:\git_repos\mnist_neuralnet\fpga\5_17_dmayoutube\temp_xsdb_launch_script.tcl
17:53:46 INFO  : XSCT server has started successfully.
17:53:46 INFO  : Successfully done setting XSCT server connection channel  
17:53:46 INFO  : plnx-install-location is set to ''
17:53:46 INFO  : Successfully done setting workspace for the tool. 
17:53:52 INFO  : Registering command handlers for Vitis TCF services
17:53:55 INFO  : Successfully done query RDI_DATADIR 
18:00:35 ERROR : (XSDB Server)ERROR: [Hsi 55-1571] The design file C:/git_repos/mnist_neuralnet/fpga/5_17_dmayoutube/design_1_wrapper/export/design_1_wrapper/hw/design_1_wrapper.xsa is already opened

18:02:20 INFO  : Connected to target on host '127.0.0.1' and port '3121'.
18:02:21 INFO  : Jtag cable 'Digilent Zybo 210279787858A' is selected.
18:02:21 INFO  : 'jtag frequency' command is executed.
18:02:21 INFO  : Context for 'APU' is selected.
18:02:21 INFO  : System reset is completed.
18:02:24 INFO  : 'after 3000' command is executed.
18:02:24 INFO  : 'targets -set -filter {jtag_cable_name =~ "Digilent Zybo 210279787858A" && level==0} -index 1' command is executed.
18:02:26 INFO  : FPGA configured successfully with bitstream "C:/git_repos/mnist_neuralnet/fpga/5_17_dmayoutube/dma/_ide/bitstream/design_1_wrapper.bit"
18:02:26 INFO  : Context for 'APU' is selected.
18:02:26 INFO  : Hardware design information is loaded from 'C:/git_repos/mnist_neuralnet/fpga/5_17_dmayoutube/design_1_wrapper/export/design_1_wrapper/hw/design_1_wrapper.xsa'.
18:02:26 INFO  : 'configparams force-mem-access 1' command is executed.
18:02:26 INFO  : Context for 'APU' is selected.
18:02:26 INFO  : Sourcing of 'C:/git_repos/mnist_neuralnet/fpga/5_17_dmayoutube/dma/_ide/psinit/ps7_init.tcl' is done.
18:02:26 INFO  : 'ps7_init' command is executed.
18:02:26 INFO  : 'ps7_post_config' command is executed.
18:02:26 INFO  : Context for processor 'ps7_cortexa9_0' is selected.
18:02:27 INFO  : The application 'C:/git_repos/mnist_neuralnet/fpga/5_17_dmayoutube/dma/Debug/dma.elf' is downloaded to processor 'ps7_cortexa9_0'.
18:02:27 INFO  : 'configparams force-mem-access 0' command is executed.
18:02:27 INFO  : ----------------XSDB Script----------------
connect -url tcp:127.0.0.1:3121
targets -set -nocase -filter {name =~"APU*"}
rst -system
after 3000
targets -set -filter {jtag_cable_name =~ "Digilent Zybo 210279787858A" && level==0} -index 1
fpga -file C:/git_repos/mnist_neuralnet/fpga/5_17_dmayoutube/dma/_ide/bitstream/design_1_wrapper.bit
targets -set -nocase -filter {name =~"APU*"}
loadhw -hw C:/git_repos/mnist_neuralnet/fpga/5_17_dmayoutube/design_1_wrapper/export/design_1_wrapper/hw/design_1_wrapper.xsa -mem-ranges [list {0x40000000 0xbfffffff}]
configparams force-mem-access 1
targets -set -nocase -filter {name =~"APU*"}
source C:/git_repos/mnist_neuralnet/fpga/5_17_dmayoutube/dma/_ide/psinit/ps7_init.tcl
ps7_init
ps7_post_config
targets -set -nocase -filter {name =~ "*A9*#0"}
dow C:/git_repos/mnist_neuralnet/fpga/5_17_dmayoutube/dma/Debug/dma.elf
configparams force-mem-access 0
----------------End of Script----------------

18:02:27 INFO  : Memory regions updated for context APU
18:02:27 INFO  : Context for processor 'ps7_cortexa9_0' is selected.
18:02:27 INFO  : 'con' command is executed.
18:02:27 INFO  : ----------------XSDB Script (After Launch)----------------
targets -set -nocase -filter {name =~ "*A9*#0"}
con
----------------End of Script----------------

18:02:27 INFO  : Launch script is exported to file 'C:\git_repos\mnist_neuralnet\fpga\5_17_dmayoutube\.sdk\launch_scripts\single_application_debug\systemdebugger_dma_system_standalone.tcl'
18:08:39 ERROR : An unexpected exception occurred in the module 'reading platform'
18:08:39 INFO  : Removed 'C:/git_repos/mnist_neuralnet/fpga/5_17_dmayoutube/design_1_wrapper/export/design_1_wrapper' from custom platform repositories.
18:10:10 INFO  : Successfully done sdx_reload_mss "C:/git_repos/mnist_neuralnet/fpga/5_17_dmayoutube/dma/zynq_fsbl/zynq_fsbl_bsp/system.mss"
18:10:10 INFO  : Successfully done sdx_reload_mss "C:/git_repos/mnist_neuralnet/fpga/5_17_dmayoutube/dma/ps7_cortexa9_0/standalone_domain/bsp/system.mss"
18:10:36 ERROR : Failed to openhw "C:/git_repos/mnist_neuralnet/fpga/5_17_dmayoutube/dma/export/dma/hw/design_1_wrapper.xsa"
Reason: ERROR: [Common 17-39] 'hsi::open_hw_design' failed due to earlier errors.

18:10:54 ERROR : Failed to openhw "C:/git_repos/mnist_neuralnet/fpga/5_17_dmayoutube/dma/export/dma/hw/design_1_wrapper.xsa"
Reason: ERROR: [Common 17-39] 'hsi::open_hw_design' failed due to earlier errors.

18:11:14 ERROR : Failed to openhw "C:/git_repos/mnist_neuralnet/fpga/5_17_dmayoutube/dma/export/dma/hw/design_1_wrapper.xsa"
Reason: ERROR: [Common 17-39] 'hsi::open_hw_design' failed due to earlier errors.

18:23:49 INFO  : Removed 'C:/git_repos/mnist_neuralnet/fpga/5_17_dmayoutube/dma/export/dma' from custom platform repositories.
18:24:02 ERROR : An unexpected exception occurred in the module 'reading platform'
18:24:06 INFO  : Disconnected from the channel tcfchan#2.
18:35:51 INFO  : Launching XSCT server: xsct.bat -n  -interactive C:\git_repos\mnist_neuralnet\fpga\5_17_dmayoutube\temp_xsdb_launch_script.tcl
18:35:56 INFO  : XSCT server has started successfully.
18:35:56 INFO  : plnx-install-location is set to ''
18:35:56 INFO  : Successfully done setting XSCT server connection channel  
18:35:56 INFO  : Successfully done setting workspace for the tool. 
18:35:56 INFO  : Successfully done query RDI_DATADIR 
18:35:57 INFO  : Registering command handlers for Vitis TCF services
18:41:09 INFO  : Successfully done sdx_reload_mss "C:/git_repos/mnist_neuralnet/fpga/5_17_dmayoutube/dma/zynq_fsbl/zynq_fsbl_bsp/system.mss"
18:41:09 INFO  : Successfully done sdx_reload_mss "C:/git_repos/mnist_neuralnet/fpga/5_17_dmayoutube/dma/ps7_cortexa9_0/standalone_domain/bsp/system.mss"
19:17:04 ERROR : Failed to openhw "C:/git_repos/mnist_neuralnet/fpga/5_17_dmayoutube/dma/export/dma/hw/design_1_wrapper.xsa"
Reason: ERROR: [Common 17-39] 'hsi::open_hw_design' failed due to earlier errors.

19:17:15 INFO  : Removed 'C:/git_repos/mnist_neuralnet/fpga/5_17_dmayoutube/dma/export/dma' from custom platform repositories.
19:19:44 INFO  : Checking for BSP changes to sync application flags for project 'dma_app'...
19:20:22 INFO  : Connected to target on host '127.0.0.1' and port '3121'.
19:20:23 INFO  : Jtag cable 'Digilent Zybo 210279787858A' is selected.
19:20:23 INFO  : 'jtag frequency' command is executed.
19:20:26 ERROR : no targets found with "name =~"APU*"". available targets:
  1  DAP (JTAG port open error. AP transaction error, DAP status 0x30000021)
  2  xc7z010
19:20:26 INFO  : ----------------XSDB Script----------------
connect -url tcp:127.0.0.1:3121
targets -set -nocase -filter {name =~"APU*"}
----------------End of Script----------------

19:20:26 ERROR : no targets found with "name =~"APU*"". available targets:
  1  DAP (JTAG port open error. AP transaction error, DAP status 0x30000021)
  2  xc7z010
19:21:50 INFO  : Checking for BSP changes to sync application flags for project 'dma_app'...
19:22:35 INFO  : Connected to target on host '127.0.0.1' and port '3121'.
19:22:36 INFO  : Jtag cable 'Digilent Zybo 210279787858A' is selected.
19:22:36 INFO  : 'jtag frequency' command is executed.
19:22:39 ERROR : no targets found with "name =~"APU*"". available targets:
  1  DAP (JTAG port open error. AP transaction error, DAP status 0x30000021)
  2  xc7z010
19:22:39 INFO  : ----------------XSDB Script----------------
connect -url tcp:127.0.0.1:3121
targets -set -nocase -filter {name =~"APU*"}
----------------End of Script----------------

19:22:39 ERROR : no targets found with "name =~"APU*"". available targets:
  1  DAP (JTAG port open error. AP transaction error, DAP status 0x30000021)
  2  xc7z010
19:23:11 INFO  : Connected to target on host '127.0.0.1' and port '3121'.
19:23:12 INFO  : Jtag cable 'Digilent Zybo 210279787858A' is selected.
19:23:12 INFO  : 'jtag frequency' command is executed.
19:23:12 INFO  : Context for 'APU' is selected.
19:23:12 INFO  : System reset is completed.
19:23:15 INFO  : 'after 3000' command is executed.
19:23:15 INFO  : 'targets -set -filter {jtag_cable_name =~ "Digilent Zybo 210279787858A" && level==0} -index 1' command is executed.
19:23:16 INFO  : FPGA configured successfully with bitstream "C:/git_repos/mnist_neuralnet/fpga/5_17_dmayoutube/dma_app/_ide/bitstream/design_1_wrapper.bit"
19:23:16 INFO  : Context for 'APU' is selected.
19:23:16 INFO  : Hardware design information is loaded from 'C:/git_repos/mnist_neuralnet/fpga/5_17_dmayoutube/design_1_wrapper/export/design_1_wrapper/hw/design_1_wrapper.xsa'.
19:23:16 INFO  : 'configparams force-mem-access 1' command is executed.
19:23:16 INFO  : Context for 'APU' is selected.
19:23:16 INFO  : Sourcing of 'C:/git_repos/mnist_neuralnet/fpga/5_17_dmayoutube/dma_app/_ide/psinit/ps7_init.tcl' is done.
19:23:17 ERROR : Memory read error at 0xF800600C. AHB Memory access port is disabled
19:23:17 INFO  : ----------------XSDB Script----------------
connect -url tcp:127.0.0.1:3121
targets -set -nocase -filter {name =~"APU*"}
rst -system
after 3000
targets -set -filter {jtag_cable_name =~ "Digilent Zybo 210279787858A" && level==0} -index 1
fpga -file C:/git_repos/mnist_neuralnet/fpga/5_17_dmayoutube/dma_app/_ide/bitstream/design_1_wrapper.bit
targets -set -nocase -filter {name =~"APU*"}
loadhw -hw C:/git_repos/mnist_neuralnet/fpga/5_17_dmayoutube/design_1_wrapper/export/design_1_wrapper/hw/design_1_wrapper.xsa -mem-ranges [list {0x40000000 0xbfffffff}]
configparams force-mem-access 1
targets -set -nocase -filter {name =~"APU*"}
source C:/git_repos/mnist_neuralnet/fpga/5_17_dmayoutube/dma_app/_ide/psinit/ps7_init.tcl
ps7_init
----------------End of Script----------------

19:23:17 ERROR : Memory read error at 0xF800600C. AHB Memory access port is disabled
19:23:28 INFO  : Connected to target on host '127.0.0.1' and port '3121'.
19:23:28 INFO  : Jtag cable 'Digilent Zybo 210279787858A' is selected.
19:23:28 INFO  : 'jtag frequency' command is executed.
19:23:28 INFO  : Context for 'APU' is selected.
19:23:28 ERROR : Cannot reset APU. AP transaction error, DAP status 0xF0000021
19:23:28 INFO  : ----------------XSDB Script----------------
connect -url tcp:127.0.0.1:3121
targets -set -nocase -filter {name =~"APU*"}
rst -system
after 3000
----------------End of Script----------------

19:23:28 ERROR : Cannot reset APU. AP transaction error, DAP status 0xF0000021
19:24:02 INFO  : Connected to target on host '127.0.0.1' and port '3121'.
19:24:02 INFO  : Jtag cable 'Digilent Zybo 210279787858A' is selected.
19:24:02 INFO  : 'jtag frequency' command is executed.
19:24:02 INFO  : Context for 'APU' is selected.
19:24:02 INFO  : System reset is completed.
19:24:05 INFO  : 'after 3000' command is executed.
19:24:06 INFO  : 'targets -set -filter {jtag_cable_name =~ "Digilent Zybo 210279787858A" && level==0} -index 1' command is executed.
19:24:07 INFO  : FPGA configured successfully with bitstream "C:/git_repos/mnist_neuralnet/fpga/5_17_dmayoutube/dma_app/_ide/bitstream/design_1_wrapper.bit"
19:24:07 INFO  : Context for 'APU' is selected.
19:24:07 INFO  : Hardware design information is loaded from 'C:/git_repos/mnist_neuralnet/fpga/5_17_dmayoutube/design_1_wrapper/export/design_1_wrapper/hw/design_1_wrapper.xsa'.
19:24:07 INFO  : 'configparams force-mem-access 1' command is executed.
19:24:07 INFO  : Context for 'APU' is selected.
19:24:07 INFO  : Sourcing of 'C:/git_repos/mnist_neuralnet/fpga/5_17_dmayoutube/dma_app/_ide/psinit/ps7_init.tcl' is done.
19:24:08 INFO  : 'ps7_init' command is executed.
19:24:08 INFO  : 'ps7_post_config' command is executed.
19:24:08 INFO  : Context for processor 'ps7_cortexa9_0' is selected.
19:24:08 ERROR : Cannot halt processor core, timeout
19:24:08 INFO  : ----------------XSDB Script----------------
connect -url tcp:127.0.0.1:3121
targets -set -nocase -filter {name =~"APU*"}
rst -system
after 3000
targets -set -filter {jtag_cable_name =~ "Digilent Zybo 210279787858A" && level==0} -index 1
fpga -file C:/git_repos/mnist_neuralnet/fpga/5_17_dmayoutube/dma_app/_ide/bitstream/design_1_wrapper.bit
targets -set -nocase -filter {name =~"APU*"}
loadhw -hw C:/git_repos/mnist_neuralnet/fpga/5_17_dmayoutube/design_1_wrapper/export/design_1_wrapper/hw/design_1_wrapper.xsa -mem-ranges [list {0x40000000 0xbfffffff}]
configparams force-mem-access 1
targets -set -nocase -filter {name =~"APU*"}
source C:/git_repos/mnist_neuralnet/fpga/5_17_dmayoutube/dma_app/_ide/psinit/ps7_init.tcl
ps7_init
ps7_post_config
targets -set -nocase -filter {name =~ "*A9*#0"}
dow C:/git_repos/mnist_neuralnet/fpga/5_17_dmayoutube/dma_app/Debug/dma_app.elf
----------------End of Script----------------

19:24:08 ERROR : Cannot halt processor core, timeout
19:24:58 INFO  : Connected to target on host '127.0.0.1' and port '3121'.
19:24:59 INFO  : Jtag cable 'Digilent Zybo 210279787858A' is selected.
19:24:59 INFO  : 'jtag frequency' command is executed.
19:24:59 INFO  : Context for 'APU' is selected.
19:24:59 INFO  : System reset is completed.
19:25:02 INFO  : 'after 3000' command is executed.
19:25:02 INFO  : 'targets -set -filter {jtag_cable_name =~ "Digilent Zybo 210279787858A" && level==0} -index 1' command is executed.
19:25:03 INFO  : FPGA configured successfully with bitstream "C:/git_repos/mnist_neuralnet/fpga/5_17_dmayoutube/dma_app/_ide/bitstream/design_1_wrapper.bit"
19:25:04 INFO  : Context for 'APU' is selected.
19:25:04 INFO  : Hardware design information is loaded from 'C:/git_repos/mnist_neuralnet/fpga/5_17_dmayoutube/design_1_wrapper/export/design_1_wrapper/hw/design_1_wrapper.xsa'.
19:25:04 INFO  : 'configparams force-mem-access 1' command is executed.
19:25:04 INFO  : Context for 'APU' is selected.
19:25:04 INFO  : Sourcing of 'C:/git_repos/mnist_neuralnet/fpga/5_17_dmayoutube/dma_app/_ide/psinit/ps7_init.tcl' is done.
19:25:04 INFO  : 'ps7_init' command is executed.
19:25:04 INFO  : 'ps7_post_config' command is executed.
19:25:04 INFO  : Context for processor 'ps7_cortexa9_0' is selected.
19:25:04 INFO  : The application 'C:/git_repos/mnist_neuralnet/fpga/5_17_dmayoutube/dma_app/Debug/dma_app.elf' is downloaded to processor 'ps7_cortexa9_0'.
19:25:04 INFO  : 'configparams force-mem-access 0' command is executed.
19:25:04 INFO  : ----------------XSDB Script----------------
connect -url tcp:127.0.0.1:3121
targets -set -nocase -filter {name =~"APU*"}
rst -system
after 3000
targets -set -filter {jtag_cable_name =~ "Digilent Zybo 210279787858A" && level==0} -index 1
fpga -file C:/git_repos/mnist_neuralnet/fpga/5_17_dmayoutube/dma_app/_ide/bitstream/design_1_wrapper.bit
targets -set -nocase -filter {name =~"APU*"}
loadhw -hw C:/git_repos/mnist_neuralnet/fpga/5_17_dmayoutube/design_1_wrapper/export/design_1_wrapper/hw/design_1_wrapper.xsa -mem-ranges [list {0x40000000 0xbfffffff}]
configparams force-mem-access 1
targets -set -nocase -filter {name =~"APU*"}
source C:/git_repos/mnist_neuralnet/fpga/5_17_dmayoutube/dma_app/_ide/psinit/ps7_init.tcl
ps7_init
ps7_post_config
targets -set -nocase -filter {name =~ "*A9*#0"}
dow C:/git_repos/mnist_neuralnet/fpga/5_17_dmayoutube/dma_app/Debug/dma_app.elf
configparams force-mem-access 0
----------------End of Script----------------

19:25:05 INFO  : Memory regions updated for context APU
19:25:05 INFO  : Context for processor 'ps7_cortexa9_0' is selected.
19:25:05 INFO  : 'con' command is executed.
19:25:05 INFO  : ----------------XSDB Script (After Launch)----------------
targets -set -nocase -filter {name =~ "*A9*#0"}
con
----------------End of Script----------------

19:25:05 INFO  : Launch script is exported to file 'C:\git_repos\mnist_neuralnet\fpga\5_17_dmayoutube\.sdk\launch_scripts\single_application_debug\systemdebugger_dma_app_system_standalone.tcl'
19:26:09 INFO  : Checking for BSP changes to sync application flags for project 'dma_app'...
19:26:44 INFO  : Disconnected from the channel tcfchan#4.
19:26:44 INFO  : Connected to target on host '127.0.0.1' and port '3121'.
19:26:44 INFO  : Jtag cable 'Digilent Zybo 210279787858A' is selected.
19:26:44 INFO  : 'jtag frequency' command is executed.
19:26:44 INFO  : Context for 'APU' is selected.
19:26:45 INFO  : System reset is completed.
19:26:48 INFO  : 'after 3000' command is executed.
19:26:48 INFO  : 'targets -set -filter {jtag_cable_name =~ "Digilent Zybo 210279787858A" && level==0} -index 1' command is executed.
19:26:49 INFO  : FPGA configured successfully with bitstream "C:/git_repos/mnist_neuralnet/fpga/5_17_dmayoutube/dma_app/_ide/bitstream/design_1_wrapper.bit"
19:26:49 INFO  : Context for 'APU' is selected.
19:26:49 INFO  : Hardware design information is loaded from 'C:/git_repos/mnist_neuralnet/fpga/5_17_dmayoutube/design_1_wrapper/export/design_1_wrapper/hw/design_1_wrapper.xsa'.
19:26:49 INFO  : 'configparams force-mem-access 1' command is executed.
19:26:49 INFO  : Context for 'APU' is selected.
19:26:49 INFO  : Sourcing of 'C:/git_repos/mnist_neuralnet/fpga/5_17_dmayoutube/dma_app/_ide/psinit/ps7_init.tcl' is done.
19:26:50 INFO  : 'ps7_init' command is executed.
19:26:50 INFO  : 'ps7_post_config' command is executed.
19:26:50 INFO  : Context for processor 'ps7_cortexa9_0' is selected.
19:26:50 INFO  : The application 'C:/git_repos/mnist_neuralnet/fpga/5_17_dmayoutube/dma_app/Debug/dma_app.elf' is downloaded to processor 'ps7_cortexa9_0'.
19:26:50 INFO  : 'configparams force-mem-access 0' command is executed.
19:26:50 INFO  : ----------------XSDB Script----------------
connect -url tcp:127.0.0.1:3121
targets -set -nocase -filter {name =~"APU*"}
rst -system
after 3000
targets -set -filter {jtag_cable_name =~ "Digilent Zybo 210279787858A" && level==0} -index 1
fpga -file C:/git_repos/mnist_neuralnet/fpga/5_17_dmayoutube/dma_app/_ide/bitstream/design_1_wrapper.bit
targets -set -nocase -filter {name =~"APU*"}
loadhw -hw C:/git_repos/mnist_neuralnet/fpga/5_17_dmayoutube/design_1_wrapper/export/design_1_wrapper/hw/design_1_wrapper.xsa -mem-ranges [list {0x40000000 0xbfffffff}]
configparams force-mem-access 1
targets -set -nocase -filter {name =~"APU*"}
source C:/git_repos/mnist_neuralnet/fpga/5_17_dmayoutube/dma_app/_ide/psinit/ps7_init.tcl
ps7_init
ps7_post_config
targets -set -nocase -filter {name =~ "*A9*#0"}
dow C:/git_repos/mnist_neuralnet/fpga/5_17_dmayoutube/dma_app/Debug/dma_app.elf
configparams force-mem-access 0
----------------End of Script----------------

19:26:50 INFO  : Memory regions updated for context APU
19:26:50 INFO  : Context for processor 'ps7_cortexa9_0' is selected.
19:26:50 INFO  : 'con' command is executed.
19:26:50 INFO  : ----------------XSDB Script (After Launch)----------------
targets -set -nocase -filter {name =~ "*A9*#0"}
con
----------------End of Script----------------

19:26:50 INFO  : Launch script is exported to file 'C:\git_repos\mnist_neuralnet\fpga\5_17_dmayoutube\.sdk\launch_scripts\single_application_debug\systemdebugger_dma_app_system_standalone.tcl'
19:27:41 INFO  : Checking for BSP changes to sync application flags for project 'dma_app'...
19:28:10 INFO  : Checking for BSP changes to sync application flags for project 'dma_app'...
19:29:01 INFO  : Disconnected from the channel tcfchan#9.
19:29:01 INFO  : Connected to target on host '127.0.0.1' and port '3121'.
19:29:01 INFO  : Jtag cable 'Digilent Zybo 210279787858A' is selected.
19:29:01 INFO  : 'jtag frequency' command is executed.
19:29:01 INFO  : Context for 'APU' is selected.
19:29:01 INFO  : System reset is completed.
19:29:04 INFO  : 'after 3000' command is executed.
19:29:04 INFO  : 'targets -set -filter {jtag_cable_name =~ "Digilent Zybo 210279787858A" && level==0} -index 1' command is executed.
19:29:06 INFO  : FPGA configured successfully with bitstream "C:/git_repos/mnist_neuralnet/fpga/5_17_dmayoutube/dma_app/_ide/bitstream/design_1_wrapper.bit"
19:29:06 INFO  : Context for 'APU' is selected.
19:29:06 INFO  : Hardware design information is loaded from 'C:/git_repos/mnist_neuralnet/fpga/5_17_dmayoutube/design_1_wrapper/export/design_1_wrapper/hw/design_1_wrapper.xsa'.
19:29:06 INFO  : 'configparams force-mem-access 1' command is executed.
19:29:06 INFO  : Context for 'APU' is selected.
19:29:06 INFO  : Sourcing of 'C:/git_repos/mnist_neuralnet/fpga/5_17_dmayoutube/dma_app/_ide/psinit/ps7_init.tcl' is done.
19:29:06 INFO  : 'ps7_init' command is executed.
19:29:06 INFO  : 'ps7_post_config' command is executed.
19:29:06 INFO  : Context for processor 'ps7_cortexa9_0' is selected.
19:29:06 INFO  : The application 'C:/git_repos/mnist_neuralnet/fpga/5_17_dmayoutube/dma_app/Debug/dma_app.elf' is downloaded to processor 'ps7_cortexa9_0'.
19:29:06 INFO  : 'configparams force-mem-access 0' command is executed.
19:29:06 INFO  : ----------------XSDB Script----------------
connect -url tcp:127.0.0.1:3121
targets -set -nocase -filter {name =~"APU*"}
rst -system
after 3000
targets -set -filter {jtag_cable_name =~ "Digilent Zybo 210279787858A" && level==0} -index 1
fpga -file C:/git_repos/mnist_neuralnet/fpga/5_17_dmayoutube/dma_app/_ide/bitstream/design_1_wrapper.bit
targets -set -nocase -filter {name =~"APU*"}
loadhw -hw C:/git_repos/mnist_neuralnet/fpga/5_17_dmayoutube/design_1_wrapper/export/design_1_wrapper/hw/design_1_wrapper.xsa -mem-ranges [list {0x40000000 0xbfffffff}]
configparams force-mem-access 1
targets -set -nocase -filter {name =~"APU*"}
source C:/git_repos/mnist_neuralnet/fpga/5_17_dmayoutube/dma_app/_ide/psinit/ps7_init.tcl
ps7_init
ps7_post_config
targets -set -nocase -filter {name =~ "*A9*#0"}
dow C:/git_repos/mnist_neuralnet/fpga/5_17_dmayoutube/dma_app/Debug/dma_app.elf
configparams force-mem-access 0
----------------End of Script----------------

19:29:07 INFO  : Memory regions updated for context APU
19:29:07 INFO  : Context for processor 'ps7_cortexa9_0' is selected.
19:29:07 INFO  : 'con' command is executed.
19:29:07 INFO  : ----------------XSDB Script (After Launch)----------------
targets -set -nocase -filter {name =~ "*A9*#0"}
con
----------------End of Script----------------

19:29:07 INFO  : Launch script is exported to file 'C:\git_repos\mnist_neuralnet\fpga\5_17_dmayoutube\.sdk\launch_scripts\single_application_debug\systemdebugger_dma_app_system_standalone.tcl'
11:44:20 INFO  : Disconnected from the channel tcfchan#12.
