17:19:08 INFO  : Launching XSCT server: xsct.bat -n  -interactive C:\git_repos\mnist_neuralnet\fpga\milestone2\projects\asdfasdfasdf\temp_xsdb_launch_script.tcl
17:19:11 INFO  : XSCT server has started successfully.
17:19:11 INFO  : plnx-install-location is set to ''
17:19:12 INFO  : Successfully done setting XSCT server connection channel  
17:19:12 INFO  : Successfully done setting workspace for the tool. 
17:19:12 INFO  : Successfully done query RDI_DATADIR 
17:19:13 INFO  : Registering command handlers for Vitis TCF services
17:20:10 INFO  : Successfully done sdx_reload_mss "C:/git_repos/mnist_neuralnet/fpga/milestone2/projects/asdfasdfasdf/asefasefsadf/zynq_fsbl/zynq_fsbl_bsp/system.mss"
17:20:10 INFO  : Successfully done sdx_reload_mss "C:/git_repos/mnist_neuralnet/fpga/milestone2/projects/asdfasdfasdf/asefasefsadf/ps7_cortexa9_0/standalone_domain/bsp/system.mss"
17:22:10 INFO  : Checking for BSP changes to sync application flags for project 'sfgsdfs'...
17:23:00 INFO  : 'targets -set -filter {jtag_cable_name =~ "Digilent Zybo 210279787858A" && level==0} -index 1' command is executed.
17:23:00 INFO  : 'fpga -state' command is executed.
17:23:00 INFO  : Connected to target on host '127.0.0.1' and port '3121'.
17:23:00 INFO  : Jtag cable 'Digilent Zybo 210279787858A' is selected.
17:23:00 INFO  : 'jtag frequency' command is executed.
17:23:00 INFO  : Context for 'APU' is selected.
17:23:00 INFO  : System reset is completed.
17:23:03 INFO  : 'after 3000' command is executed.
17:23:03 INFO  : Context for 'APU' is selected.
17:23:03 INFO  : Hardware design information is loaded from 'C:/git_repos/mnist_neuralnet/fpga/milestone2/projects/asdfasdfasdf/asefasefsadf/export/asefasefsadf/hw/design_1_wrapper.xsa'.
17:23:03 INFO  : 'configparams force-mem-access 1' command is executed.
17:23:03 INFO  : Context for 'APU' is selected.
17:23:03 INFO  : Sourcing of 'C:/git_repos/mnist_neuralnet/fpga/milestone2/projects/asdfasdfasdf/sfgsdfs/_ide/psinit/ps7_init.tcl' is done.
17:23:04 INFO  : 'ps7_init' command is executed.
17:23:04 INFO  : 'ps7_post_config' command is executed.
17:23:04 INFO  : Context for processor 'ps7_cortexa9_0' is selected.
17:23:04 INFO  : The application 'C:/git_repos/mnist_neuralnet/fpga/milestone2/projects/asdfasdfasdf/sfgsdfs/Debug/sfgsdfs.elf' is downloaded to processor 'ps7_cortexa9_0'.
17:23:04 INFO  : 'configparams force-mem-access 0' command is executed.
17:23:04 INFO  : ----------------XSDB Script----------------
connect -url tcp:127.0.0.1:3121
targets -set -nocase -filter {name =~"APU*"}
rst -system
after 3000
targets -set -nocase -filter {name =~"APU*"}
loadhw -hw C:/git_repos/mnist_neuralnet/fpga/milestone2/projects/asdfasdfasdf/asefasefsadf/export/asefasefsadf/hw/design_1_wrapper.xsa -mem-ranges [list {0x40000000 0xbfffffff}]
configparams force-mem-access 1
targets -set -nocase -filter {name =~"APU*"}
source C:/git_repos/mnist_neuralnet/fpga/milestone2/projects/asdfasdfasdf/sfgsdfs/_ide/psinit/ps7_init.tcl
ps7_init
ps7_post_config
targets -set -nocase -filter {name =~ "*A9*#0"}
dow C:/git_repos/mnist_neuralnet/fpga/milestone2/projects/asdfasdfasdf/sfgsdfs/Debug/sfgsdfs.elf
configparams force-mem-access 0
----------------End of Script----------------

17:23:04 INFO  : Memory regions updated for context APU
17:23:04 INFO  : Context for processor 'ps7_cortexa9_0' is selected.
17:23:04 INFO  : 'con' command is executed.
17:23:04 INFO  : ----------------XSDB Script (After Launch)----------------
targets -set -nocase -filter {name =~ "*A9*#0"}
con
----------------End of Script----------------

17:23:04 INFO  : Launch script is exported to file 'C:\git_repos\mnist_neuralnet\fpga\milestone2\projects\asdfasdfasdf\.sdk\launch_scripts\single_application_debug\systemdebugger_sfgsdfs_system_standalone.tcl'
17:26:41 INFO  : Checking for BSP changes to sync application flags for project 'sfgsdfs'...
17:27:10 INFO  : Disconnected from the channel tcfchan#3.
17:27:10 INFO  : 'targets -set -filter {jtag_cable_name =~ "Digilent Zybo 210279787858A" && level==0} -index 1' command is executed.
17:27:10 INFO  : 'fpga -state' command is executed.
17:27:19 INFO  : Memory regions updated for context APU
17:27:31 INFO  : 'targets -set -filter {jtag_cable_name =~ "Digilent Zybo 210279787858A" && level==0} -index 1' command is executed.
17:27:32 INFO  : 'fpga -state' command is executed.
17:28:16 INFO  : Memory regions updated for context APU
17:28:25 INFO  : Checking for BSP changes to sync application flags for project 'sfgsdfs'...
17:28:41 INFO  : 'targets -set -filter {jtag_cable_name =~ "Digilent Zybo 210279787858A" && level==0} -index 1' command is executed.
17:28:41 INFO  : 'fpga -state' command is executed.
17:28:44 INFO  : Connected to target on host '127.0.0.1' and port '3121'.
17:28:44 INFO  : Jtag cable 'Digilent Zybo 210279787858A' is selected.
17:28:44 INFO  : 'jtag frequency' command is executed.
17:28:44 INFO  : Context for 'APU' is selected.
17:28:44 INFO  : System reset is completed.
17:28:47 INFO  : 'after 3000' command is executed.
17:28:47 INFO  : Context for 'APU' is selected.
17:28:47 INFO  : Hardware design information is loaded from 'C:/git_repos/mnist_neuralnet/fpga/milestone2/projects/asdfasdfasdf/asefasefsadf/export/asefasefsadf/hw/design_1_wrapper.xsa'.
17:28:47 INFO  : 'configparams force-mem-access 1' command is executed.
17:28:47 INFO  : Context for 'APU' is selected.
17:28:47 INFO  : Sourcing of 'C:/git_repos/mnist_neuralnet/fpga/milestone2/projects/asdfasdfasdf/sfgsdfs/_ide/psinit/ps7_init.tcl' is done.
17:28:47 INFO  : 'ps7_init' command is executed.
17:28:47 INFO  : 'ps7_post_config' command is executed.
17:28:47 INFO  : Context for processor 'ps7_cortexa9_0' is selected.
17:28:48 INFO  : The application 'C:/git_repos/mnist_neuralnet/fpga/milestone2/projects/asdfasdfasdf/sfgsdfs/Debug/sfgsdfs.elf' is downloaded to processor 'ps7_cortexa9_0'.
17:28:48 INFO  : 'configparams force-mem-access 0' command is executed.
17:28:48 INFO  : ----------------XSDB Script----------------
connect -url tcp:127.0.0.1:3121
targets -set -nocase -filter {name =~"APU*"}
rst -system
after 3000
targets -set -nocase -filter {name =~"APU*"}
loadhw -hw C:/git_repos/mnist_neuralnet/fpga/milestone2/projects/asdfasdfasdf/asefasefsadf/export/asefasefsadf/hw/design_1_wrapper.xsa -mem-ranges [list {0x40000000 0xbfffffff}]
configparams force-mem-access 1
targets -set -nocase -filter {name =~"APU*"}
source C:/git_repos/mnist_neuralnet/fpga/milestone2/projects/asdfasdfasdf/sfgsdfs/_ide/psinit/ps7_init.tcl
ps7_init
ps7_post_config
targets -set -nocase -filter {name =~ "*A9*#0"}
dow C:/git_repos/mnist_neuralnet/fpga/milestone2/projects/asdfasdfasdf/sfgsdfs/Debug/sfgsdfs.elf
configparams force-mem-access 0
----------------End of Script----------------

17:28:48 INFO  : Memory regions updated for context APU
17:28:48 INFO  : Context for processor 'ps7_cortexa9_0' is selected.
17:28:48 INFO  : 'con' command is executed.
17:28:48 INFO  : ----------------XSDB Script (After Launch)----------------
targets -set -nocase -filter {name =~ "*A9*#0"}
con
----------------End of Script----------------

17:28:48 INFO  : Launch script is exported to file 'C:\git_repos\mnist_neuralnet\fpga\milestone2\projects\asdfasdfasdf\.sdk\launch_scripts\single_application_debug\systemdebugger_sfgsdfs_system_standalone.tcl'
17:29:02 INFO  : Disconnected from the channel tcfchan#5.
17:29:26 INFO  : Launching XSCT server: xsct.bat -n  -interactive C:\git_repos\mnist_neuralnet\fpga\milestone2\projects\asdfasdfasdf\temp_xsdb_launch_script.tcl
17:29:29 INFO  : XSCT server has started successfully.
17:29:29 INFO  : plnx-install-location is set to ''
17:29:29 INFO  : Successfully done setting XSCT server connection channel  
17:29:29 INFO  : Successfully done setting workspace for the tool. 
17:29:31 INFO  : Successfully done query RDI_DATADIR 
17:29:31 INFO  : Registering command handlers for Vitis TCF services
17:30:12 INFO  : Checking for BSP changes to sync application flags for project 'sfgsdfs'...
17:30:19 ERROR : (XSDB Server)ERROR: [Hsi 55-1571] The design file C:/git_repos/mnist_neuralnet/fpga/milestone2/projects/asdfasdfasdf/asefasefsadf/export/asefasefsadf/hw/design_1_wrapper.xsa is already opened

17:30:36 INFO  : 'targets -set -filter {jtag_cable_name =~ "Digilent Zybo 210279787858A" && level==0} -index 1' command is executed.
17:30:36 INFO  : 'fpga -state' command is executed.
17:30:43 INFO  : Memory regions updated for context APU
17:32:41 INFO  : 'targets -set -filter {jtag_cable_name =~ "Digilent Zybo 210279787858A" && level==0} -index 1' command is executed.
17:32:41 INFO  : 'fpga -state' command is executed.
17:32:41 INFO  : Connected to target on host '127.0.0.1' and port '3121'.
17:32:41 INFO  : Jtag cable 'Digilent Zybo 210279787858A' is selected.
17:32:41 INFO  : 'jtag frequency' command is executed.
17:32:41 INFO  : Context for 'APU' is selected.
17:32:41 INFO  : System reset is completed.
17:32:44 INFO  : 'after 3000' command is executed.
17:32:44 INFO  : Context for 'APU' is selected.
17:32:44 INFO  : Hardware design information is loaded from 'C:/git_repos/mnist_neuralnet/fpga/milestone2/projects/asdfasdfasdf/asefasefsadf/export/asefasefsadf/hw/design_1_wrapper.xsa'.
17:32:44 INFO  : 'configparams force-mem-access 1' command is executed.
17:32:44 INFO  : Context for 'APU' is selected.
17:32:44 INFO  : Sourcing of 'C:/git_repos/mnist_neuralnet/fpga/milestone2/projects/asdfasdfasdf/sfgsdfs/_ide/psinit/ps7_init.tcl' is done.
17:32:45 INFO  : 'ps7_init' command is executed.
17:32:45 INFO  : 'ps7_post_config' command is executed.
17:32:45 INFO  : Context for processor 'ps7_cortexa9_0' is selected.
17:32:45 INFO  : The application 'C:/git_repos/mnist_neuralnet/fpga/milestone2/projects/asdfasdfasdf/sfgsdfs/Debug/sfgsdfs.elf' is downloaded to processor 'ps7_cortexa9_0'.
17:32:45 INFO  : 'configparams force-mem-access 0' command is executed.
17:32:45 INFO  : ----------------XSDB Script----------------
connect -url tcp:127.0.0.1:3121
targets -set -nocase -filter {name =~"APU*"}
rst -system
after 3000
targets -set -nocase -filter {name =~"APU*"}
loadhw -hw C:/git_repos/mnist_neuralnet/fpga/milestone2/projects/asdfasdfasdf/asefasefsadf/export/asefasefsadf/hw/design_1_wrapper.xsa -mem-ranges [list {0x40000000 0xbfffffff}]
configparams force-mem-access 1
targets -set -nocase -filter {name =~"APU*"}
source C:/git_repos/mnist_neuralnet/fpga/milestone2/projects/asdfasdfasdf/sfgsdfs/_ide/psinit/ps7_init.tcl
ps7_init
ps7_post_config
targets -set -nocase -filter {name =~ "*A9*#0"}
dow C:/git_repos/mnist_neuralnet/fpga/milestone2/projects/asdfasdfasdf/sfgsdfs/Debug/sfgsdfs.elf
configparams force-mem-access 0
----------------End of Script----------------

17:32:45 INFO  : Memory regions updated for context APU
17:32:45 INFO  : Context for processor 'ps7_cortexa9_0' is selected.
17:32:45 INFO  : 'con' command is executed.
17:32:45 INFO  : ----------------XSDB Script (After Launch)----------------
targets -set -nocase -filter {name =~ "*A9*#0"}
con
----------------End of Script----------------

17:32:45 INFO  : Launch script is exported to file 'C:\git_repos\mnist_neuralnet\fpga\milestone2\projects\asdfasdfasdf\.sdk\launch_scripts\single_application_debug\systemdebugger_sfgsdfs_system_standalone.tcl'
17:33:55 INFO  : Hardware specification for platform project 'asefasefsadf' is updated.
17:34:51 INFO  : Checking for BSP changes to sync application flags for project 'sfgsdfs'...
17:34:51 INFO  : Updating application flags with new BSP settings...
17:34:52 INFO  : Successfully updated application flags for project sfgsdfs.
17:34:54 INFO  : The hardware specfication used by project 'sfgsdfs' is out of sync with the platform. Resource files extracted from the hardware specfiication will be updated.
17:34:54 INFO  : The updated bitstream files are copied from platform to folder 'C:\git_repos\mnist_neuralnet\fpga\milestone2\projects\asdfasdfasdf\sfgsdfs\_ide\bitstream' in project 'sfgsdfs'.
17:34:54 INFO  : The file 'C:\git_repos\mnist_neuralnet\fpga\milestone2\projects\asdfasdfasdf\sfgsdfs\_ide\psinit\ps7_init.tcl' stored in project is removed.
17:35:04 INFO  : The updated ps init files are copied from platform to folder 'C:\git_repos\mnist_neuralnet\fpga\milestone2\projects\asdfasdfasdf\sfgsdfs\_ide\psinit' in project 'sfgsdfs'.
17:35:14 INFO  : Checking for BSP changes to sync application flags for project 'sfgsdfs'...
17:35:37 INFO  : Disconnected from the channel tcfchan#2.
17:35:37 INFO  : Connected to target on host '127.0.0.1' and port '3121'.
17:35:38 INFO  : Jtag cable 'Digilent Zybo 210279787858A' is selected.
17:35:38 INFO  : 'jtag frequency' command is executed.
17:35:38 INFO  : Context for 'APU' is selected.
17:35:38 INFO  : System reset is completed.
17:35:41 INFO  : 'after 3000' command is executed.
17:35:41 INFO  : 'targets -set -filter {jtag_cable_name =~ "Digilent Zybo 210279787858A" && level==0} -index 1' command is executed.
17:35:42 INFO  : FPGA configured successfully with bitstream "C:/git_repos/mnist_neuralnet/fpga/milestone2/projects/asdfasdfasdf/sfgsdfs/_ide/bitstream/design_1_wrapper.bit"
17:35:42 INFO  : Context for 'APU' is selected.
17:35:42 INFO  : Hardware design information is loaded from 'C:/git_repos/mnist_neuralnet/fpga/milestone2/projects/asdfasdfasdf/asefasefsadf/export/asefasefsadf/hw/design_1_wrapper.xsa'.
17:35:42 INFO  : 'configparams force-mem-access 1' command is executed.
17:35:42 INFO  : Context for 'APU' is selected.
17:35:42 INFO  : Sourcing of 'C:/git_repos/mnist_neuralnet/fpga/milestone2/projects/asdfasdfasdf/sfgsdfs/_ide/psinit/ps7_init.tcl' is done.
17:35:43 INFO  : 'ps7_init' command is executed.
17:35:43 INFO  : 'ps7_post_config' command is executed.
17:35:43 INFO  : Context for processor 'ps7_cortexa9_0' is selected.
17:35:43 INFO  : The application 'C:/git_repos/mnist_neuralnet/fpga/milestone2/projects/asdfasdfasdf/sfgsdfs/Debug/sfgsdfs.elf' is downloaded to processor 'ps7_cortexa9_0'.
17:35:43 INFO  : 'configparams force-mem-access 0' command is executed.
17:35:43 INFO  : ----------------XSDB Script----------------
connect -url tcp:127.0.0.1:3121
targets -set -nocase -filter {name =~"APU*"}
rst -system
after 3000
targets -set -filter {jtag_cable_name =~ "Digilent Zybo 210279787858A" && level==0} -index 1
fpga -file C:/git_repos/mnist_neuralnet/fpga/milestone2/projects/asdfasdfasdf/sfgsdfs/_ide/bitstream/design_1_wrapper.bit
targets -set -nocase -filter {name =~"APU*"}
loadhw -hw C:/git_repos/mnist_neuralnet/fpga/milestone2/projects/asdfasdfasdf/asefasefsadf/export/asefasefsadf/hw/design_1_wrapper.xsa -mem-ranges [list {0x40000000 0xbfffffff}]
configparams force-mem-access 1
targets -set -nocase -filter {name =~"APU*"}
source C:/git_repos/mnist_neuralnet/fpga/milestone2/projects/asdfasdfasdf/sfgsdfs/_ide/psinit/ps7_init.tcl
ps7_init
ps7_post_config
targets -set -nocase -filter {name =~ "*A9*#0"}
dow C:/git_repos/mnist_neuralnet/fpga/milestone2/projects/asdfasdfasdf/sfgsdfs/Debug/sfgsdfs.elf
configparams force-mem-access 0
----------------End of Script----------------

17:35:43 INFO  : Memory regions updated for context APU
17:35:43 INFO  : Context for processor 'ps7_cortexa9_0' is selected.
17:35:43 INFO  : 'con' command is executed.
17:35:43 INFO  : ----------------XSDB Script (After Launch)----------------
targets -set -nocase -filter {name =~ "*A9*#0"}
con
----------------End of Script----------------

17:35:43 INFO  : Launch script is exported to file 'C:\git_repos\mnist_neuralnet\fpga\milestone2\projects\asdfasdfasdf\.sdk\launch_scripts\single_application_debug\systemdebugger_sfgsdfs_system_standalone.tcl'
17:57:43 INFO  : Hardware specification for platform project 'asefasefsadf' is updated.
17:59:19 INFO  : Checking for BSP changes to sync application flags for project 'sfgsdfs'...
17:59:22 INFO  : Updating application flags with new BSP settings...
17:59:22 ERROR : Failed to update application flags from BSP for 'sfgsdfs'. Reason: null
java.lang.NullPointerException
	at com.xilinx.sdk.sw.internal.SwDb.getComponentAppCompilerFlags(SwDb.java:762)
	at com.xilinx.sdx.sw.internal.SDxSwPlatform.getSwPlatformCompilerFlags(SDxSwPlatform.java:1155)
	at com.xilinx.sdx.sdk.core.build.AppSwBuildOptionsHelper.inferSwPlatformFlags(AppSwBuildOptionsHelper.java:54)
	at com.xilinx.sdx.sdk.core.build.AppSwBuildOptionsHelper.updateBuildOptions(AppSwBuildOptionsHelper.java:46)
	at com.xilinx.sdx.sdk.core.build.SdkMakefileGenerationListener.updateSwBuildOptions(SdkMakefileGenerationListener.java:215)
	at com.xilinx.sdx.sdk.core.build.SdkMakefileGenerationListener.syncAppFlags(SdkMakefileGenerationListener.java:99)
	at com.xilinx.sdx.sdk.core.build.SdkMakefileGenerationListener.preMakefileGeneration(SdkMakefileGenerationListener.java:48)
	at com.xilinx.sdk.managedbuilder.XilinxGnuMakefileGenerator.notifyPreMakefileGenerationListeners(XilinxGnuMakefileGenerator.java:91)
	at com.xilinx.sdk.managedbuilder.XilinxGnuMakefileGenerator.generateMakefiles(XilinxGnuMakefileGenerator.java:40)
	at org.eclipse.cdt.managedbuilder.internal.core.CommonBuilder.performMakefileGeneration(CommonBuilder.java:1008)
	at org.eclipse.cdt.managedbuilder.internal.core.CommonBuilder.performPrebuildGeneration(CommonBuilder.java:873)
	at org.eclipse.cdt.managedbuilder.internal.core.CommonBuilder.build(CommonBuilder.java:748)
	at org.eclipse.cdt.managedbuilder.internal.core.CommonBuilder.build(CommonBuilder.java:510)
	at org.eclipse.cdt.managedbuilder.internal.core.CommonBuilder.build(CommonBuilder.java:459)
	at org.eclipse.core.internal.events.BuildManager$2.run(BuildManager.java:795)
	at org.eclipse.core.runtime.SafeRunner.run(SafeRunner.java:42)
	at org.eclipse.core.internal.events.BuildManager.basicBuild(BuildManager.java:216)
	at org.eclipse.core.internal.events.BuildManager.basicBuild(BuildManager.java:259)
	at org.eclipse.core.internal.events.BuildManager$1.run(BuildManager.java:312)
	at org.eclipse.core.runtime.SafeRunner.run(SafeRunner.java:42)
	at org.eclipse.core.internal.events.BuildManager.basicBuild(BuildManager.java:315)
	at org.eclipse.core.internal.events.BuildManager.basicBuildLoop(BuildManager.java:367)
	at org.eclipse.core.internal.events.BuildManager.build(BuildManager.java:388)
	at org.eclipse.core.internal.resources.Workspace.buildInternal(Workspace.java:501)
	at org.eclipse.core.internal.resources.Workspace.build(Workspace.java:408)
	at org.eclipse.ui.actions.BuildAction$1.runInWorkspace(BuildAction.java:288)
	at org.eclipse.core.internal.resources.InternalWorkspaceJob.run(InternalWorkspaceJob.java:39)
	at org.eclipse.core.internal.jobs.Worker.run(Worker.java:60)
17:59:24 INFO  : The hardware specfication used by project 'sfgsdfs' is out of sync with the platform. Resource files extracted from the hardware specfiication will be updated.
17:59:24 INFO  : The file 'C:\git_repos\mnist_neuralnet\fpga\milestone2\projects\asdfasdfasdf\sfgsdfs\_ide\bitstream\design_1_wrapper.bit' stored in project is removed.
17:59:24 INFO  : The updated bitstream files are copied from platform to folder 'C:\git_repos\mnist_neuralnet\fpga\milestone2\projects\asdfasdfasdf\sfgsdfs\_ide\bitstream' in project 'sfgsdfs'.
17:59:24 INFO  : The file 'C:\git_repos\mnist_neuralnet\fpga\milestone2\projects\asdfasdfasdf\sfgsdfs\_ide\psinit\ps7_init.tcl' stored in project is removed.
17:59:32 INFO  : The updated ps init files are copied from platform to folder 'C:\git_repos\mnist_neuralnet\fpga\milestone2\projects\asdfasdfasdf\sfgsdfs\_ide\psinit' in project 'sfgsdfs'.
17:59:36 INFO  : Successfully done sdx_reload_mss "C:/git_repos/mnist_neuralnet/fpga/milestone2/projects/asdfasdfasdf/asefasefsadf/zynq_fsbl/zynq_fsbl_bsp/system.mss"
17:59:37 INFO  : Successfully done sdx_reload_mss "C:/git_repos/mnist_neuralnet/fpga/milestone2/projects/asdfasdfasdf/asefasefsadf/ps7_cortexa9_0/standalone_domain/bsp/system.mss"
17:59:55 INFO  : Disconnected from the channel tcfchan#6.
17:59:56 INFO  : 'targets -set -filter {jtag_cable_name =~ "Digilent Zybo 210279787858A" && level==0} -index 1' command is executed.
17:59:56 INFO  : 'fpga -state' command is executed.
17:59:56 INFO  : Connected to target on host '127.0.0.1' and port '3121'.
17:59:56 INFO  : Jtag cable 'Digilent Zybo 210279787858A' is selected.
17:59:56 INFO  : 'jtag frequency' command is executed.
17:59:56 INFO  : Context for 'APU' is selected.
17:59:56 INFO  : System reset is completed.
17:59:59 INFO  : 'after 3000' command is executed.
17:59:59 INFO  : Context for 'APU' is selected.
17:59:59 INFO  : Hardware design information is loaded from 'C:/git_repos/mnist_neuralnet/fpga/milestone2/projects/asdfasdfasdf/asefasefsadf/export/asefasefsadf/hw/design_1_wrapper.xsa'.
17:59:59 INFO  : 'configparams force-mem-access 1' command is executed.
17:59:59 INFO  : Context for 'APU' is selected.
17:59:59 INFO  : Sourcing of 'C:/git_repos/mnist_neuralnet/fpga/milestone2/projects/asdfasdfasdf/sfgsdfs/_ide/psinit/ps7_init.tcl' is done.
18:00:00 INFO  : 'ps7_init' command is executed.
18:00:00 INFO  : 'ps7_post_config' command is executed.
18:00:00 INFO  : Context for processor 'ps7_cortexa9_0' is selected.
18:00:00 INFO  : The application 'C:/git_repos/mnist_neuralnet/fpga/milestone2/projects/asdfasdfasdf/sfgsdfs/Debug/sfgsdfs.elf' is downloaded to processor 'ps7_cortexa9_0'.
18:00:00 INFO  : 'configparams force-mem-access 0' command is executed.
18:00:00 INFO  : ----------------XSDB Script----------------
connect -url tcp:127.0.0.1:3121
targets -set -nocase -filter {name =~"APU*"}
rst -system
after 3000
targets -set -nocase -filter {name =~"APU*"}
loadhw -hw C:/git_repos/mnist_neuralnet/fpga/milestone2/projects/asdfasdfasdf/asefasefsadf/export/asefasefsadf/hw/design_1_wrapper.xsa -mem-ranges [list {0x40000000 0xbfffffff}]
configparams force-mem-access 1
targets -set -nocase -filter {name =~"APU*"}
source C:/git_repos/mnist_neuralnet/fpga/milestone2/projects/asdfasdfasdf/sfgsdfs/_ide/psinit/ps7_init.tcl
ps7_init
ps7_post_config
targets -set -nocase -filter {name =~ "*A9*#0"}
dow C:/git_repos/mnist_neuralnet/fpga/milestone2/projects/asdfasdfasdf/sfgsdfs/Debug/sfgsdfs.elf
configparams force-mem-access 0
----------------End of Script----------------

18:00:00 INFO  : Memory regions updated for context APU
18:00:00 INFO  : Context for processor 'ps7_cortexa9_0' is selected.
18:00:00 INFO  : 'con' command is executed.
18:00:00 INFO  : ----------------XSDB Script (After Launch)----------------
targets -set -nocase -filter {name =~ "*A9*#0"}
con
----------------End of Script----------------

18:00:00 INFO  : Launch script is exported to file 'C:\git_repos\mnist_neuralnet\fpga\milestone2\projects\asdfasdfasdf\.sdk\launch_scripts\single_application_debug\systemdebugger_sfgsdfs_system_standalone.tcl'
18:11:13 INFO  : Hardware specification for platform project 'asefasefsadf' is updated.
18:11:19 INFO  : Successfully done sdx_reload_mss "C:/git_repos/mnist_neuralnet/fpga/milestone2/projects/asdfasdfasdf/asefasefsadf/zynq_fsbl/zynq_fsbl_bsp/system.mss"
18:11:19 INFO  : Successfully done sdx_reload_mss "C:/git_repos/mnist_neuralnet/fpga/milestone2/projects/asdfasdfasdf/asefasefsadf/ps7_cortexa9_0/standalone_domain/bsp/system.mss"
18:13:19 INFO  : Checking for BSP changes to sync application flags for project 'sfgsdfs'...
18:13:20 ERROR : Failed to get platform details for the project 'sfgsdfs'. Cannot sync application flags.
18:13:24 ERROR : Failed to compute checksum of hardware specification file used by project 'sfgsdfs'
18:15:30 INFO  : Hardware specification for platform project 'asefasefsadf' is updated.
18:15:34 ERROR : Failed to execute command 'domain active {zynq_fsbl}'. Click on details for more information.
18:15:37 ERROR : Failed to read mss path for 'standalone_domain'.
18:15:39 ERROR : Failed to execute command 'platform read {C:\git_repos\mnist_neuralnet\fpga\milestone2\projects\asdfasdfasdf\asefasefsadf\platform.spr}'. Click on details for more information.
18:16:14 INFO  : Launching XSCT server: xsct.bat -n  -interactive C:\git_repos\mnist_neuralnet\fpga\milestone2\projects\asdfasdfasdf\temp_xsdb_launch_script.tcl
18:16:16 INFO  : XSCT server has started successfully.
18:16:21 ERROR : Failed to update hardware specification for project 'asefasefsadf'.
Reason: Failed to execute command 'platform config -updatehw {C:/git_repos/mnist_neuralnet/fpga/milestone2/projects/DMA_test2/design_1_wrapper.xsa}'. Click on details for more information.
18:17:19 WARN  : channel "tcfchan#9" closed
