Vivado Simulator 2019.2
Time resolution is 1 ps
Block Memory Generator module design_3_tb.uut.blk_mem_gen_0.inst.native_mem_mapped_module.blk_mem_gen_v8_4_4_inst is using a behavioral model for simulation which will not precisely model memory collision behavior.
blk_mem_gen_v8_4_4 collision detected at time: 15000, Instance: design_3_tb.uut.blk_mem_gen_0.inst.native_mem_mapped_module.blk_mem_gen_v8_4_4_inst, A write address: 0, B  read address: 0
blk_mem_gen_v8_4_4 collision detected at time: 35000, Instance: design_3_tb.uut.blk_mem_gen_0.inst.native_mem_mapped_module.blk_mem_gen_v8_4_4_inst, A read address: 0, B write address: 0
blk_mem_gen_v8_4_4 collision detected at time: 45000, Instance: design_3_tb.uut.blk_mem_gen_0.inst.native_mem_mapped_module.blk_mem_gen_v8_4_4_inst, A read address: 0, B write address: 0
blk_mem_gen_v8_4_4 collision detected at time: 55000, Instance: design_3_tb.uut.blk_mem_gen_0.inst.native_mem_mapped_module.blk_mem_gen_v8_4_4_inst, A write address: 0, B  read address: 0
blk_mem_gen_v8_4_4 collision detected at time: 65000, Instance: design_3_tb.uut.blk_mem_gen_0.inst.native_mem_mapped_module.blk_mem_gen_v8_4_4_inst, A write address: 0, B  read address: 0
blk_mem_gen_v8_4_4 collision detected at time: 75000, Instance: design_3_tb.uut.blk_mem_gen_0.inst.native_mem_mapped_module.blk_mem_gen_v8_4_4_inst, A write address: 0, B  read address: 0
blk_mem_gen_v8_4_4 collision detected at time: 95000, Instance: design_3_tb.uut.blk_mem_gen_0.inst.native_mem_mapped_module.blk_mem_gen_v8_4_4_inst, A read address: 0, B write address: 0
blk_mem_gen_v8_4_4 collision detected at time: 135000, Instance: design_3_tb.uut.blk_mem_gen_0.inst.native_mem_mapped_module.blk_mem_gen_v8_4_4_inst, A write address: 0, B  read address: 0
blk_mem_gen_v8_4_4 collision detected at time: 155000, Instance: design_3_tb.uut.blk_mem_gen_0.inst.native_mem_mapped_module.blk_mem_gen_v8_4_4_inst, A read address: 0, B write address: 0
blk_mem_gen_v8_4_4 collision detected at time: 195000, Instance: design_3_tb.uut.blk_mem_gen_0.inst.native_mem_mapped_module.blk_mem_gen_v8_4_4_inst, A write address: 0, B  read address: 0
blk_mem_gen_v8_4_4 collision detected at time: 215000, Instance: design_3_tb.uut.blk_mem_gen_0.inst.native_mem_mapped_module.blk_mem_gen_v8_4_4_inst, A read address: 0, B write address: 0
blk_mem_gen_v8_4_4 collision detected at time: 255000, Instance: design_3_tb.uut.blk_mem_gen_0.inst.native_mem_mapped_module.blk_mem_gen_v8_4_4_inst, A write address: 0, B  read address: 0
blk_mem_gen_v8_4_4 collision detected at time: 275000, Instance: design_3_tb.uut.blk_mem_gen_0.inst.native_mem_mapped_module.blk_mem_gen_v8_4_4_inst, A read address: 0, B write address: 0
blk_mem_gen_v8_4_4 collision detected at time: 315000, Instance: design_3_tb.uut.blk_mem_gen_0.inst.native_mem_mapped_module.blk_mem_gen_v8_4_4_inst, A write address: 0, B  read address: 0
blk_mem_gen_v8_4_4 collision detected at time: 335000, Instance: design_3_tb.uut.blk_mem_gen_0.inst.native_mem_mapped_module.blk_mem_gen_v8_4_4_inst, A read address: 0, B write address: 0
blk_mem_gen_v8_4_4 collision detected at time: 375000, Instance: design_3_tb.uut.blk_mem_gen_0.inst.native_mem_mapped_module.blk_mem_gen_v8_4_4_inst, A write address: 0, B  read address: 0
blk_mem_gen_v8_4_4 collision detected at time: 395000, Instance: design_3_tb.uut.blk_mem_gen_0.inst.native_mem_mapped_module.blk_mem_gen_v8_4_4_inst, A read address: 0, B write address: 0
blk_mem_gen_v8_4_4 collision detected at time: 435000, Instance: design_3_tb.uut.blk_mem_gen_0.inst.native_mem_mapped_module.blk_mem_gen_v8_4_4_inst, A write address: 0, B  read address: 0
blk_mem_gen_v8_4_4 collision detected at time: 455000, Instance: design_3_tb.uut.blk_mem_gen_0.inst.native_mem_mapped_module.blk_mem_gen_v8_4_4_inst, A read address: 0, B write address: 0
blk_mem_gen_v8_4_4 collision detected at time: 495000, Instance: design_3_tb.uut.blk_mem_gen_0.inst.native_mem_mapped_module.blk_mem_gen_v8_4_4_inst, A write address: 0, B  read address: 0
blk_mem_gen_v8_4_4 collision detected at time: 515000, Instance: design_3_tb.uut.blk_mem_gen_0.inst.native_mem_mapped_module.blk_mem_gen_v8_4_4_inst, A read address: 0, B write address: 0
blk_mem_gen_v8_4_4 collision detected at time: 555000, Instance: design_3_tb.uut.blk_mem_gen_0.inst.native_mem_mapped_module.blk_mem_gen_v8_4_4_inst, A write address: 0, B  read address: 0
blk_mem_gen_v8_4_4 collision detected at time: 575000, Instance: design_3_tb.uut.blk_mem_gen_0.inst.native_mem_mapped_module.blk_mem_gen_v8_4_4_inst, A read address: 0, B write address: 0
blk_mem_gen_v8_4_4 collision detected at time: 615000, Instance: design_3_tb.uut.blk_mem_gen_0.inst.native_mem_mapped_module.blk_mem_gen_v8_4_4_inst, A write address: 0, B  read address: 0
blk_mem_gen_v8_4_4 collision detected at time: 635000, Instance: design_3_tb.uut.blk_mem_gen_0.inst.native_mem_mapped_module.blk_mem_gen_v8_4_4_inst, A read address: 0, B write address: 0
blk_mem_gen_v8_4_4 collision detected at time: 675000, Instance: design_3_tb.uut.blk_mem_gen_0.inst.native_mem_mapped_module.blk_mem_gen_v8_4_4_inst, A write address: 0, B  read address: 0
blk_mem_gen_v8_4_4 collision detected at time: 695000, Instance: design_3_tb.uut.blk_mem_gen_0.inst.native_mem_mapped_module.blk_mem_gen_v8_4_4_inst, A read address: 0, B write address: 0
blk_mem_gen_v8_4_4 collision detected at time: 735000, Instance: design_3_tb.uut.blk_mem_gen_0.inst.native_mem_mapped_module.blk_mem_gen_v8_4_4_inst, A write address: 0, B  read address: 0
blk_mem_gen_v8_4_4 collision detected at time: 755000, Instance: design_3_tb.uut.blk_mem_gen_0.inst.native_mem_mapped_module.blk_mem_gen_v8_4_4_inst, A read address: 0, B write address: 0
blk_mem_gen_v8_4_4 collision detected at time: 795000, Instance: design_3_tb.uut.blk_mem_gen_0.inst.native_mem_mapped_module.blk_mem_gen_v8_4_4_inst, A write address: 0, B  read address: 0
blk_mem_gen_v8_4_4 collision detected at time: 815000, Instance: design_3_tb.uut.blk_mem_gen_0.inst.native_mem_mapped_module.blk_mem_gen_v8_4_4_inst, A read address: 0, B write address: 0
blk_mem_gen_v8_4_4 collision detected at time: 855000, Instance: design_3_tb.uut.blk_mem_gen_0.inst.native_mem_mapped_module.blk_mem_gen_v8_4_4_inst, A write address: 0, B  read address: 0
blk_mem_gen_v8_4_4 collision detected at time: 875000, Instance: design_3_tb.uut.blk_mem_gen_0.inst.native_mem_mapped_module.blk_mem_gen_v8_4_4_inst, A read address: 0, B write address: 0
blk_mem_gen_v8_4_4 collision detected at time: 915000, Instance: design_3_tb.uut.blk_mem_gen_0.inst.native_mem_mapped_module.blk_mem_gen_v8_4_4_inst, A write address: 0, B  read address: 0
blk_mem_gen_v8_4_4 collision detected at time: 935000, Instance: design_3_tb.uut.blk_mem_gen_0.inst.native_mem_mapped_module.blk_mem_gen_v8_4_4_inst, A read address: 0, B write address: 0
blk_mem_gen_v8_4_4 collision detected at time: 975000, Instance: design_3_tb.uut.blk_mem_gen_0.inst.native_mem_mapped_module.blk_mem_gen_v8_4_4_inst, A write address: 0, B  read address: 0
blk_mem_gen_v8_4_4 collision detected at time: 995000, Instance: design_3_tb.uut.blk_mem_gen_0.inst.native_mem_mapped_module.blk_mem_gen_v8_4_4_inst, A read address: 0, B write address: 0
Block Memory Generator module design_3_tb.uut.blk_mem_gen_0.inst.native_mem_mapped_module.blk_mem_gen_v8_4_4_inst is using a behavioral model for simulation which will not precisely model memory collision behavior.
blk_mem_gen_v8_4_4 collision detected at time: 15000, Instance: design_3_tb.uut.blk_mem_gen_0.inst.native_mem_mapped_module.blk_mem_gen_v8_4_4_inst, A write address: 0, B  read address: 0
blk_mem_gen_v8_4_4 collision detected at time: 35000, Instance: design_3_tb.uut.blk_mem_gen_0.inst.native_mem_mapped_module.blk_mem_gen_v8_4_4_inst, A read address: 0, B write address: 0
blk_mem_gen_v8_4_4 collision detected at time: 45000, Instance: design_3_tb.uut.blk_mem_gen_0.inst.native_mem_mapped_module.blk_mem_gen_v8_4_4_inst, A read address: 0, B write address: 0
blk_mem_gen_v8_4_4 collision detected at time: 55000, Instance: design_3_tb.uut.blk_mem_gen_0.inst.native_mem_mapped_module.blk_mem_gen_v8_4_4_inst, A write address: 0, B  read address: 0
blk_mem_gen_v8_4_4 collision detected at time: 65000, Instance: design_3_tb.uut.blk_mem_gen_0.inst.native_mem_mapped_module.blk_mem_gen_v8_4_4_inst, A write address: 0, B  read address: 0
blk_mem_gen_v8_4_4 collision detected at time: 75000, Instance: design_3_tb.uut.blk_mem_gen_0.inst.native_mem_mapped_module.blk_mem_gen_v8_4_4_inst, A write address: 0, B  read address: 0
blk_mem_gen_v8_4_4 collision detected at time: 95000, Instance: design_3_tb.uut.blk_mem_gen_0.inst.native_mem_mapped_module.blk_mem_gen_v8_4_4_inst, A read address: 0, B write address: 0
blk_mem_gen_v8_4_4 collision detected at time: 135000, Instance: design_3_tb.uut.blk_mem_gen_0.inst.native_mem_mapped_module.blk_mem_gen_v8_4_4_inst, A write address: 0, B  read address: 0
blk_mem_gen_v8_4_4 collision detected at time: 155000, Instance: design_3_tb.uut.blk_mem_gen_0.inst.native_mem_mapped_module.blk_mem_gen_v8_4_4_inst, A read address: 0, B write address: 0
blk_mem_gen_v8_4_4 collision detected at time: 195000, Instance: design_3_tb.uut.blk_mem_gen_0.inst.native_mem_mapped_module.blk_mem_gen_v8_4_4_inst, A write address: 0, B  read address: 0
blk_mem_gen_v8_4_4 collision detected at time: 215000, Instance: design_3_tb.uut.blk_mem_gen_0.inst.native_mem_mapped_module.blk_mem_gen_v8_4_4_inst, A read address: 0, B write address: 0
blk_mem_gen_v8_4_4 collision detected at time: 255000, Instance: design_3_tb.uut.blk_mem_gen_0.inst.native_mem_mapped_module.blk_mem_gen_v8_4_4_inst, A write address: 0, B  read address: 0
blk_mem_gen_v8_4_4 collision detected at time: 275000, Instance: design_3_tb.uut.blk_mem_gen_0.inst.native_mem_mapped_module.blk_mem_gen_v8_4_4_inst, A read address: 0, B write address: 0
blk_mem_gen_v8_4_4 collision detected at time: 315000, Instance: design_3_tb.uut.blk_mem_gen_0.inst.native_mem_mapped_module.blk_mem_gen_v8_4_4_inst, A write address: 0, B  read address: 0
blk_mem_gen_v8_4_4 collision detected at time: 335000, Instance: design_3_tb.uut.blk_mem_gen_0.inst.native_mem_mapped_module.blk_mem_gen_v8_4_4_inst, A read address: 0, B write address: 0
blk_mem_gen_v8_4_4 collision detected at time: 375000, Instance: design_3_tb.uut.blk_mem_gen_0.inst.native_mem_mapped_module.blk_mem_gen_v8_4_4_inst, A write address: 0, B  read address: 0
blk_mem_gen_v8_4_4 collision detected at time: 395000, Instance: design_3_tb.uut.blk_mem_gen_0.inst.native_mem_mapped_module.blk_mem_gen_v8_4_4_inst, A read address: 0, B write address: 0
blk_mem_gen_v8_4_4 collision detected at time: 435000, Instance: design_3_tb.uut.blk_mem_gen_0.inst.native_mem_mapped_module.blk_mem_gen_v8_4_4_inst, A write address: 0, B  read address: 0
blk_mem_gen_v8_4_4 collision detected at time: 455000, Instance: design_3_tb.uut.blk_mem_gen_0.inst.native_mem_mapped_module.blk_mem_gen_v8_4_4_inst, A read address: 0, B write address: 0
blk_mem_gen_v8_4_4 collision detected at time: 495000, Instance: design_3_tb.uut.blk_mem_gen_0.inst.native_mem_mapped_module.blk_mem_gen_v8_4_4_inst, A write address: 0, B  read address: 0
blk_mem_gen_v8_4_4 collision detected at time: 515000, Instance: design_3_tb.uut.blk_mem_gen_0.inst.native_mem_mapped_module.blk_mem_gen_v8_4_4_inst, A read address: 0, B write address: 0
blk_mem_gen_v8_4_4 collision detected at time: 555000, Instance: design_3_tb.uut.blk_mem_gen_0.inst.native_mem_mapped_module.blk_mem_gen_v8_4_4_inst, A write address: 0, B  read address: 0
blk_mem_gen_v8_4_4 collision detected at time: 575000, Instance: design_3_tb.uut.blk_mem_gen_0.inst.native_mem_mapped_module.blk_mem_gen_v8_4_4_inst, A read address: 0, B write address: 0
blk_mem_gen_v8_4_4 collision detected at time: 615000, Instance: design_3_tb.uut.blk_mem_gen_0.inst.native_mem_mapped_module.blk_mem_gen_v8_4_4_inst, A write address: 0, B  read address: 0
blk_mem_gen_v8_4_4 collision detected at time: 635000, Instance: design_3_tb.uut.blk_mem_gen_0.inst.native_mem_mapped_module.blk_mem_gen_v8_4_4_inst, A read address: 0, B write address: 0
blk_mem_gen_v8_4_4 collision detected at time: 675000, Instance: design_3_tb.uut.blk_mem_gen_0.inst.native_mem_mapped_module.blk_mem_gen_v8_4_4_inst, A write address: 0, B  read address: 0
blk_mem_gen_v8_4_4 collision detected at time: 695000, Instance: design_3_tb.uut.blk_mem_gen_0.inst.native_mem_mapped_module.blk_mem_gen_v8_4_4_inst, A read address: 0, B write address: 0
blk_mem_gen_v8_4_4 collision detected at time: 735000, Instance: design_3_tb.uut.blk_mem_gen_0.inst.native_mem_mapped_module.blk_mem_gen_v8_4_4_inst, A write address: 0, B  read address: 0
blk_mem_gen_v8_4_4 collision detected at time: 755000, Instance: design_3_tb.uut.blk_mem_gen_0.inst.native_mem_mapped_module.blk_mem_gen_v8_4_4_inst, A read address: 0, B write address: 0
blk_mem_gen_v8_4_4 collision detected at time: 795000, Instance: design_3_tb.uut.blk_mem_gen_0.inst.native_mem_mapped_module.blk_mem_gen_v8_4_4_inst, A write address: 0, B  read address: 0
blk_mem_gen_v8_4_4 collision detected at time: 815000, Instance: design_3_tb.uut.blk_mem_gen_0.inst.native_mem_mapped_module.blk_mem_gen_v8_4_4_inst, A read address: 0, B write address: 0
blk_mem_gen_v8_4_4 collision detected at time: 855000, Instance: design_3_tb.uut.blk_mem_gen_0.inst.native_mem_mapped_module.blk_mem_gen_v8_4_4_inst, A write address: 0, B  read address: 0
blk_mem_gen_v8_4_4 collision detected at time: 875000, Instance: design_3_tb.uut.blk_mem_gen_0.inst.native_mem_mapped_module.blk_mem_gen_v8_4_4_inst, A read address: 0, B write address: 0
blk_mem_gen_v8_4_4 collision detected at time: 915000, Instance: design_3_tb.uut.blk_mem_gen_0.inst.native_mem_mapped_module.blk_mem_gen_v8_4_4_inst, A write address: 0, B  read address: 0
blk_mem_gen_v8_4_4 collision detected at time: 935000, Instance: design_3_tb.uut.blk_mem_gen_0.inst.native_mem_mapped_module.blk_mem_gen_v8_4_4_inst, A read address: 0, B write address: 0
blk_mem_gen_v8_4_4 collision detected at time: 975000, Instance: design_3_tb.uut.blk_mem_gen_0.inst.native_mem_mapped_module.blk_mem_gen_v8_4_4_inst, A write address: 0, B  read address: 0
blk_mem_gen_v8_4_4 collision detected at time: 995000, Instance: design_3_tb.uut.blk_mem_gen_0.inst.native_mem_mapped_module.blk_mem_gen_v8_4_4_inst, A read address: 0, B write address: 0
