TRACE::2024-05-17.14:31:40::SCWBifWriter::Found the complete platform C:/git_repos/mnist_neuralnet/fpga/05_011_2024_write_to_ddr/design_1_wrapper/export/design_1_wrapper/design_1_wrapper.xpfm
TRACE::2024-05-17.14:31:40::SCWBifWriter::hardware databse : design_1_wrapper_1
TRACE::2024-05-17.14:31:40::SCWBifWriter::bitstream found in the design
TRACE::2024-05-17.14:31:40::SCWBifWriter::Found a baremetal domain, proc: ps7_cortexa9_0
TRACE::2024-05-17.14:31:40::SCWBifWriter::proc type : 
TRACE::2024-05-17.14:31:40::SCWBifWriter::proc[0] : ps7_cortexa9_0
TRACE::2024-05-17.14:31:40::SCWBifWriter::Device type is : zynq
TRACE::2024-05-17.14:31:40::SCWBifWriter::Writing BIF to file : C:/git_repos/mnist_neuralnet/fpga/05_011_2024_write_to_ddr/hello_world_system/Debug/system.bif
TRACE::2024-05-17.14:31:40::SCWBifWriter::Writing the Zynq Baremetal bif 
TRACE::2024-08-21.09:59:50::SCWBifWriter::Found the complete platform C:/git_repos/mnist_neuralnet/fpga/05_011_2024_write_to_ddr/design_1_wrapper/export/design_1_wrapper/design_1_wrapper.xpfm
TRACE::2024-08-21.09:59:50::SCWBifWriter::hardware databse : design_1_wrapper_0
TRACE::2024-08-21.09:59:50::SCWBifWriter::bitstream found in the design
TRACE::2024-08-21.09:59:50::SCWBifWriter::Found a baremetal domain, proc: ps7_cortexa9_0
TRACE::2024-08-21.09:59:50::SCWBifWriter::proc type : 
TRACE::2024-08-21.09:59:50::SCWBifWriter::proc[0] : ps7_cortexa9_0
TRACE::2024-08-21.09:59:50::SCWBifWriter::Device type is : zynq
TRACE::2024-08-21.09:59:50::SCWBifWriter::Writing BIF to file : C:/git_repos/mnist_neuralnet/fpga/05_011_2024_write_to_ddr/hello_world_system/Debug/system.bif
TRACE::2024-08-21.09:59:50::SCWBifWriter::Writing the Zynq Baremetal bif 
TRACE::2024-08-21.10:00:53::SCWBifWriter::Found the complete platform C:/git_repos/mnist_neuralnet/fpga/05_011_2024_write_to_ddr/design_1_wrapper/export/design_1_wrapper/design_1_wrapper.xpfm
TRACE::2024-08-21.10:00:53::SCWBifWriter::hardware databse : design_1_wrapper_0
TRACE::2024-08-21.10:00:53::SCWBifWriter::bitstream found in the design
TRACE::2024-08-21.10:00:53::SCWBifWriter::Found a baremetal domain, proc: ps7_cortexa9_0
TRACE::2024-08-21.10:00:53::SCWBifWriter::proc type : 
TRACE::2024-08-21.10:00:53::SCWBifWriter::proc[0] : ps7_cortexa9_0
TRACE::2024-08-21.10:00:53::SCWBifWriter::Device type is : zynq
TRACE::2024-08-21.10:00:53::SCWBifWriter::Writing BIF to file : C:/git_repos/mnist_neuralnet/fpga/05_011_2024_write_to_ddr/hello_world_system/Debug/system.bif
TRACE::2024-08-21.10:00:53::SCWBifWriter::Writing the Zynq Baremetal bif 
TRACE::2024-08-21.10:01:04::SCWBifWriter::Found the complete platform C:/git_repos/mnist_neuralnet/fpga/05_011_2024_write_to_ddr/design_1_wrapper/export/design_1_wrapper/design_1_wrapper.xpfm
TRACE::2024-08-21.10:01:04::SCWBifWriter::hardware databse : design_1_wrapper_0
TRACE::2024-08-21.10:01:04::SCWBifWriter::bitstream found in the design
TRACE::2024-08-21.10:01:04::SCWBifWriter::Found a baremetal domain, proc: ps7_cortexa9_0
TRACE::2024-08-21.10:01:04::SCWBifWriter::proc type : 
TRACE::2024-08-21.10:01:04::SCWBifWriter::proc[0] : ps7_cortexa9_0
TRACE::2024-08-21.10:01:04::SCWBifWriter::Device type is : zynq
TRACE::2024-08-21.10:01:04::SCWBifWriter::Writing BIF to file : C:/git_repos/mnist_neuralnet/fpga/05_011_2024_write_to_ddr/hello_world_system/Debug/system.bif
TRACE::2024-08-21.10:01:04::SCWBifWriter::Writing the Zynq Baremetal bif 
TRACE::2024-08-21.12:43:01::SCWBifWriter::Found the complete platform C:/git_repos/mnist_neuralnet/fpga/05_011_2024_write_to_ddr/design_1_wrapper/export/design_1_wrapper/design_1_wrapper.xpfm
TRACE::2024-08-21.12:43:01::SCWBifWriter::hardware databse : design_1_wrapper_8
TRACE::2024-08-21.12:43:01::SCWBifWriter::bitstream found in the design
TRACE::2024-08-21.12:43:01::SCWBifWriter::Found a baremetal domain, proc: ps7_cortexa9_0
TRACE::2024-08-21.12:43:01::SCWBifWriter::proc type : 
TRACE::2024-08-21.12:43:01::SCWBifWriter::proc[0] : ps7_cortexa9_0
TRACE::2024-08-21.12:43:01::SCWBifWriter::Device type is : zynq
TRACE::2024-08-21.12:43:01::SCWBifWriter::Writing BIF to file : C:/git_repos/mnist_neuralnet/fpga/05_011_2024_write_to_ddr/hello_world_system/Debug/system.bif
TRACE::2024-08-21.12:43:01::SCWBifWriter::Writing the Zynq Baremetal bif 
TRACE::2024-08-21.12:46:20::SCWBifWriter::Found the complete platform C:/git_repos/mnist_neuralnet/fpga/05_011_2024_write_to_ddr/design_1_wrapper/export/design_1_wrapper/design_1_wrapper.xpfm
TRACE::2024-08-21.12:46:20::SCWBifWriter::hardware databse : design_1_wrapper_9
TRACE::2024-08-21.12:46:20::SCWBifWriter::bitstream found in the design
TRACE::2024-08-21.12:46:20::SCWBifWriter::Found a baremetal domain, proc: ps7_cortexa9_0
TRACE::2024-08-21.12:46:20::SCWBifWriter::proc type : 
TRACE::2024-08-21.12:46:20::SCWBifWriter::proc[0] : ps7_cortexa9_0
TRACE::2024-08-21.12:46:20::SCWBifWriter::Device type is : zynq
TRACE::2024-08-21.12:46:20::SCWBifWriter::Writing BIF to file : C:/git_repos/mnist_neuralnet/fpga/05_011_2024_write_to_ddr/hello_world_system/Debug/system.bif
TRACE::2024-08-21.12:46:20::SCWBifWriter::Writing the Zynq Baremetal bif 
