14:09:23 INFO  : Launching XSCT server: xsct.bat -n  -interactive C:\git_repos\mnist_neuralnet\fpga\05_011_2024_write_to_ddr\temp_xsdb_launch_script.tcl
14:09:26 INFO  : XSCT server has started successfully.
14:09:27 INFO  : Successfully done setting XSCT server connection channel  
14:09:27 INFO  : plnx-install-location is set to ''
14:09:27 INFO  : Successfully done query RDI_DATADIR 
14:09:27 INFO  : Successfully done setting workspace for the tool. 
14:09:28 INFO  : Registering command handlers for Vitis TCF services
14:30:36 INFO  : Connected to target on host '127.0.0.1' and port '3121'.
14:30:37 INFO  : Jtag cable 'Digilent Zybo 210279787858A' is selected.
14:30:37 INFO  : 'jtag frequency' command is executed.
14:30:37 INFO  : Context for 'APU' is selected.
14:30:37 INFO  : System reset is completed.
14:30:40 INFO  : 'after 3000' command is executed.
14:30:40 INFO  : 'targets -set -filter {jtag_cable_name =~ "Digilent Zybo 210279787858A" && level==0} -index 1' command is executed.
14:30:41 INFO  : FPGA configured successfully with bitstream "C:/git_repos/mnist_neuralnet/fpga/05_011_2024_write_to_ddr/hello_world/_ide/bitstream/design_1_wrapper.bit"
14:30:41 INFO  : Context for 'APU' is selected.
14:30:41 INFO  : Hardware design information is loaded from 'C:/git_repos/mnist_neuralnet/fpga/05_011_2024_write_to_ddr/design_1_wrapper/export/design_1_wrapper/hw/design_1_wrapper.xsa'.
14:30:41 INFO  : 'configparams force-mem-access 1' command is executed.
14:30:41 INFO  : Context for 'APU' is selected.
14:30:41 INFO  : Sourcing of 'C:/git_repos/mnist_neuralnet/fpga/05_011_2024_write_to_ddr/hello_world/_ide/psinit/ps7_init.tcl' is done.
14:30:42 INFO  : 'ps7_init' command is executed.
14:30:42 INFO  : 'ps7_post_config' command is executed.
14:30:42 INFO  : 'configparams force-mem-access 0' command is executed.
14:30:42 INFO  : ----------------XSDB Script----------------
connect -url tcp:127.0.0.1:3121
targets -set -nocase -filter {name =~"APU*"}
rst -system
after 3000
targets -set -filter {jtag_cable_name =~ "Digilent Zybo 210279787858A" && level==0} -index 1
fpga -file C:/git_repos/mnist_neuralnet/fpga/05_011_2024_write_to_ddr/hello_world/_ide/bitstream/design_1_wrapper.bit
targets -set -nocase -filter {name =~"APU*"}
loadhw -hw C:/git_repos/mnist_neuralnet/fpga/05_011_2024_write_to_ddr/design_1_wrapper/export/design_1_wrapper/hw/design_1_wrapper.xsa -mem-ranges [list {0x40000000 0xbfffffff}]
configparams force-mem-access 1
targets -set -nocase -filter {name =~"APU*"}
source C:/git_repos/mnist_neuralnet/fpga/05_011_2024_write_to_ddr/hello_world/_ide/psinit/ps7_init.tcl
ps7_init
ps7_post_config
configparams force-mem-access 0
----------------End of Script----------------

14:30:42 INFO  : Memory regions updated for context APU
14:30:42 INFO  : Launch script is exported to file 'C:\git_repos\mnist_neuralnet\fpga\05_011_2024_write_to_ddr\.sdk\launch_scripts\single_application_debug\systemdebugger_hello_world_system_standalone.tcl'
14:32:39 INFO  : Disconnected from the channel tcfchan#5.
14:33:06 INFO  : Launching XSCT server: xsct.bat -n  -interactive C:\git_repos\mnist_neuralnet\fpga\05_011_2024_write_to_ddr\temp_xsdb_launch_script.tcl
14:33:10 INFO  : XSCT server has started successfully.
14:33:10 INFO  : plnx-install-location is set to ''
14:33:10 INFO  : Successfully done setting XSCT server connection channel  
14:33:10 INFO  : Successfully done setting workspace for the tool. 
14:33:12 INFO  : Registering command handlers for Vitis TCF services
14:33:12 INFO  : Successfully done query RDI_DATADIR 
14:35:14 INFO  : Launching XSCT server: xsct.bat -n  -interactive C:\git_repos\mnist_neuralnet\fpga\05_011_2024_write_to_ddr\temp_xsdb_launch_script.tcl
14:35:18 INFO  : XSCT server has started successfully.
14:35:18 INFO  : plnx-install-location is set to ''
14:35:18 INFO  : Successfully done setting XSCT server connection channel  
14:35:18 INFO  : Successfully done setting workspace for the tool. 
14:35:19 INFO  : Registering command handlers for Vitis TCF services
14:35:20 INFO  : Successfully done query RDI_DATADIR 
14:59:40 INFO  : Launching XSCT server: xsct.bat -n  -interactive C:\git_repos\mnist_neuralnet\fpga\05_011_2024_write_to_ddr\temp_xsdb_launch_script.tcl
14:59:44 INFO  : XSCT server has started successfully.
14:59:45 INFO  : plnx-install-location is set to ''
14:59:45 INFO  : Successfully done setting XSCT server connection channel  
14:59:45 INFO  : Successfully done setting workspace for the tool. 
14:59:45 INFO  : Registering command handlers for Vitis TCF services
14:59:46 INFO  : Successfully done query RDI_DATADIR 
